LOG : 00:18:07  ----  Starting ...
LOG : 00:18:08  ----  Read settings property 'screen_width' as '1280'
LOG : 00:18:08  ----  Read settings property 'screen_height' as '960'
LOG : 00:18:08  ----  Read settings property 'grfx_path' as 'res/grfx/'
LOG : 00:18:08  ----  Read settings property 'sounds_path' as 'res/sounds/'
LOG : 00:18:08  ----  Loaded graphics with name 'img1' at path 'C:/Users/XyRoN/Documents/NetBeansProjects/Codename_FiteMe/res/grfx/img1.png'
LOG : 00:18:08  ----  Loaded graphics with name 'img2' at path 'C:/Users/XyRoN/Documents/NetBeansProjects/Codename_FiteMe/res/grfx/img2.png'
LOG : 00:18:08  ----  Loaded graphics with name 'cards/testcard' at path 'C:/Users/XyRoN/Documents/NetBeansProjects/Codename_FiteMe/res/grfx/cards/testcard.png'
LOG : 00:18:08  ----  Loaded graphics with name 'damage/arcane' at path 'C:/Users/XyRoN/Documents/NetBeansProjects/Codename_FiteMe/res/grfx/damage/arcane.png'
LOG : 00:18:08  ----  Loaded graphics with name 'damage/cold' at path 'C:/Users/XyRoN/Documents/NetBeansProjects/Codename_FiteMe/res/grfx/damage/cold.png'
LOG : 00:18:08  ----  Loaded graphics with name 'damage/dark' at path 'C:/Users/XyRoN/Documents/NetBeansProjects/Codename_FiteMe/res/grfx/damage/dark.png'
LOG : 00:18:08  ----  Loaded graphics with name 'damage/divine' at path 'C:/Users/XyRoN/Documents/NetBeansProjects/Codename_FiteMe/res/grfx/damage/divine.png'
LOG : 00:18:08  ----  Loaded graphics with name 'damage/electric' at path 'C:/Users/XyRoN/Documents/NetBeansProjects/Codename_FiteMe/res/grfx/damage/electric.png'
LOG : 00:18:08  ----  Loaded graphics with name 'damage/fire' at path 'C:/Users/XyRoN/Documents/NetBeansProjects/Codename_FiteMe/res/grfx/damage/fire.png'
LOG : 00:18:08  ----  Loaded graphics with name 'damage/nature' at path 'C:/Users/XyRoN/Documents/NetBeansProjects/Codename_FiteMe/res/grfx/damage/nature.png'
LOG : 00:18:08  ----  Loaded graphics with name 'damage/physical' at path 'C:/Users/XyRoN/Documents/NetBeansProjects/Codename_FiteMe/res/grfx/damage/physical.png'
LOG : 00:18:08  ----  Loaded graphics with name 'points/agility' at path 'C:/Users/XyRoN/Documents/NetBeansProjects/Codename_FiteMe/res/grfx/points/agility.png'
LOG : 00:18:08  ----  Loaded graphics with name 'points/arcane' at path 'C:/Users/XyRoN/Documents/NetBeansProjects/Codename_FiteMe/res/grfx/points/arcane.png'
LOG : 00:18:08  ----  Loaded graphics with name 'points/attack' at path 'C:/Users/XyRoN/Documents/NetBeansProjects/Codename_FiteMe/res/grfx/points/attack.png'
LOG : 00:18:08  ----  Loaded graphics with name 'points/dark' at path 'C:/Users/XyRoN/Documents/NetBeansProjects/Codename_FiteMe/res/grfx/points/dark.png'
LOG : 00:18:08  ----  Loaded graphics with name 'points/defence' at path 'C:/Users/XyRoN/Documents/NetBeansProjects/Codename_FiteMe/res/grfx/points/defence.png'
LOG : 00:18:08  ----  Loaded graphics with name 'points/divine' at path 'C:/Users/XyRoN/Documents/NetBeansProjects/Codename_FiteMe/res/grfx/points/divine.png'
LOG : 00:18:08  ----  Loaded graphics with name 'points/nature' at path 'C:/Users/XyRoN/Documents/NetBeansProjects/Codename_FiteMe/res/grfx/points/nature.png'
LOG : 00:18:08  ----  Loaded font with name 'djgross' at path 'C:/Users/XyRoN/Documents/NetBeansProjects/Codename_FiteMe/res/fonts/djgross/DJGROSS.ttf'
LOG : 00:18:08  ----  Loaded font with name 'note_this' at path 'C:/Users/XyRoN/Documents/NetBeansProjects/Codename_FiteMe/res/fonts/note_this/note_this.ttf'
LOG : 00:18:24  ----  Starting ...
LOG : 00:18:25  ----  Read settings property 'screen_width' as '1280'
LOG : 00:18:25  ----  Read settings property 'screen_height' as '960'
LOG : 00:18:25  ----  Read settings property 'grfx_path' as 'res/grfx/'
LOG : 00:18:25  ----  Read settings property 'sounds_path' as 'res/sounds/'
LOG : 00:18:25  ----  Loaded graphics with name 'img1' at path 'C:/Users/XyRoN/Documents/NetBeansProjects/Codename_FiteMe/res/grfx/img1.png'
LOG : 00:18:25  ----  Loaded graphics with name 'img2' at path 'C:/Users/XyRoN/Documents/NetBeansProjects/Codename_FiteMe/res/grfx/img2.png'
LOG : 00:18:25  ----  Loaded graphics with name 'cards/testcard' at path 'C:/Users/XyRoN/Documents/NetBeansProjects/Codename_FiteMe/res/grfx/cards/testcard.png'
LOG : 00:18:25  ----  Loaded graphics with name 'damage/arcane' at path 'C:/Users/XyRoN/Documents/NetBeansProjects/Codename_FiteMe/res/grfx/damage/arcane.png'
LOG : 00:18:25  ----  Loaded graphics with name 'damage/cold' at path 'C:/Users/XyRoN/Documents/NetBeansProjects/Codename_FiteMe/res/grfx/damage/cold.png'
LOG : 00:18:25  ----  Loaded graphics with name 'damage/dark' at path 'C:/Users/XyRoN/Documents/NetBeansProjects/Codename_FiteMe/res/grfx/damage/dark.png'
LOG : 00:18:25  ----  Loaded graphics with name 'damage/divine' at path 'C:/Users/XyRoN/Documents/NetBeansProjects/Codename_FiteMe/res/grfx/damage/divine.png'
LOG : 00:18:25  ----  Loaded graphics with name 'damage/electric' at path 'C:/Users/XyRoN/Documents/NetBeansProjects/Codename_FiteMe/res/grfx/damage/electric.png'
LOG : 00:18:25  ----  Loaded graphics with name 'damage/fire' at path 'C:/Users/XyRoN/Documents/NetBeansProjects/Codename_FiteMe/res/grfx/damage/fire.png'
LOG : 00:18:25  ----  Loaded graphics with name 'damage/nature' at path 'C:/Users/XyRoN/Documents/NetBeansProjects/Codename_FiteMe/res/grfx/damage/nature.png'
LOG : 00:18:25  ----  Loaded graphics with name 'damage/physical' at path 'C:/Users/XyRoN/Documents/NetBeansProjects/Codename_FiteMe/res/grfx/damage/physical.png'
LOG : 00:18:25  ----  Loaded graphics with name 'points/agility' at path 'C:/Users/XyRoN/Documents/NetBeansProjects/Codename_FiteMe/res/grfx/points/agility.png'
LOG : 00:18:25  ----  Loaded graphics with name 'points/arcane' at path 'C:/Users/XyRoN/Documents/NetBeansProjects/Codename_FiteMe/res/grfx/points/arcane.png'
LOG : 00:18:25  ----  Loaded graphics with name 'points/attack' at path 'C:/Users/XyRoN/Documents/NetBeansProjects/Codename_FiteMe/res/grfx/points/attack.png'
LOG : 00:18:25  ----  Loaded graphics with name 'points/dark' at path 'C:/Users/XyRoN/Documents/NetBeansProjects/Codename_FiteMe/res/grfx/points/dark.png'
LOG : 00:18:25  ----  Loaded graphics with name 'points/defence' at path 'C:/Users/XyRoN/Documents/NetBeansProjects/Codename_FiteMe/res/grfx/points/defence.png'
LOG : 00:18:25  ----  Loaded graphics with name 'points/divine' at path 'C:/Users/XyRoN/Documents/NetBeansProjects/Codename_FiteMe/res/grfx/points/divine.png'
LOG : 00:18:25  ----  Loaded graphics with name 'points/nature' at path 'C:/Users/XyRoN/Documents/NetBeansProjects/Codename_FiteMe/res/grfx/points/nature.png'
LOG : 00:18:25  ----  Loaded font with name 'djgross' at path 'C:/Users/XyRoN/Documents/NetBeansProjects/Codename_FiteMe/res/fonts/djgross/DJGROSS.ttf'
LOG : 00:18:25  ----  Loaded font with name 'note_this' at path 'C:/Users/XyRoN/Documents/NetBeansProjects/Codename_FiteMe/res/fonts/note_this/note_this.ttf'
LOG : 00:19:44  ----  Starting ...
LOG : 00:19:45  ----  Read settings property 'screen_width' as '1280'
LOG : 00:19:45  ----  Read settings property 'screen_height' as '960'
LOG : 00:19:45  ----  Read settings property 'grfx_path' as 'res/grfx/'
LOG : 00:19:45  ----  Read settings property 'sounds_path' as 'res/sounds/'
LOG : 00:19:45  ----  Loaded graphics with name 'img1' at path 'C:/Users/XyRoN/Documents/NetBeansProjects/Codename_FiteMe/res/grfx/img1.png'
LOG : 00:19:45  ----  Loaded graphics with name 'img2' at path 'C:/Users/XyRoN/Documents/NetBeansProjects/Codename_FiteMe/res/grfx/img2.png'
LOG : 00:19:45  ----  Loaded graphics with name 'cards/testcard' at path 'C:/Users/XyRoN/Documents/NetBeansProjects/Codename_FiteMe/res/grfx/cards/testcard.png'
LOG : 00:19:45  ----  Loaded graphics with name 'damage/arcane' at path 'C:/Users/XyRoN/Documents/NetBeansProjects/Codename_FiteMe/res/grfx/damage/arcane.png'
LOG : 00:19:45  ----  Loaded graphics with name 'damage/cold' at path 'C:/Users/XyRoN/Documents/NetBeansProjects/Codename_FiteMe/res/grfx/damage/cold.png'
LOG : 00:19:45  ----  Loaded graphics with name 'damage/dark' at path 'C:/Users/XyRoN/Documents/NetBeansProjects/Codename_FiteMe/res/grfx/damage/dark.png'
LOG : 00:19:45  ----  Loaded graphics with name 'damage/divine' at path 'C:/Users/XyRoN/Documents/NetBeansProjects/Codename_FiteMe/res/grfx/damage/divine.png'
LOG : 00:19:45  ----  Loaded graphics with name 'damage/electric' at path 'C:/Users/XyRoN/Documents/NetBeansProjects/Codename_FiteMe/res/grfx/damage/electric.png'
LOG : 00:19:45  ----  Loaded graphics with name 'damage/fire' at path 'C:/Users/XyRoN/Documents/NetBeansProjects/Codename_FiteMe/res/grfx/damage/fire.png'
LOG : 00:19:45  ----  Loaded graphics with name 'damage/nature' at path 'C:/Users/XyRoN/Documents/NetBeansProjects/Codename_FiteMe/res/grfx/damage/nature.png'
LOG : 00:19:45  ----  Loaded graphics with name 'damage/physical' at path 'C:/Users/XyRoN/Documents/NetBeansProjects/Codename_FiteMe/res/grfx/damage/physical.png'
LOG : 00:19:45  ----  Loaded graphics with name 'points/agility' at path 'C:/Users/XyRoN/Documents/NetBeansProjects/Codename_FiteMe/res/grfx/points/agility.png'
LOG : 00:19:45  ----  Loaded graphics with name 'points/arcane' at path 'C:/Users/XyRoN/Documents/NetBeansProjects/Codename_FiteMe/res/grfx/points/arcane.png'
LOG : 00:19:45  ----  Loaded graphics with name 'points/attack' at path 'C:/Users/XyRoN/Documents/NetBeansProjects/Codename_FiteMe/res/grfx/points/attack.png'
LOG : 00:19:45  ----  Loaded graphics with name 'points/dark' at path 'C:/Users/XyRoN/Documents/NetBeansProjects/Codename_FiteMe/res/grfx/points/dark.png'
LOG : 00:19:45  ----  Loaded graphics with name 'points/defence' at path 'C:/Users/XyRoN/Documents/NetBeansProjects/Codename_FiteMe/res/grfx/points/defence.png'
LOG : 00:19:45  ----  Loaded graphics with name 'points/divine' at path 'C:/Users/XyRoN/Documents/NetBeansProjects/Codename_FiteMe/res/grfx/points/divine.png'
LOG : 00:19:45  ----  Loaded graphics with name 'points/nature' at path 'C:/Users/XyRoN/Documents/NetBeansProjects/Codename_FiteMe/res/grfx/points/nature.png'
LOG : 00:19:45  ----  Loaded font with name 'djgross' at path 'C:/Users/XyRoN/Documents/NetBeansProjects/Codename_FiteMe/res/fonts/djgross/DJGROSS.ttf'
LOG : 00:19:45  ----  Loaded font with name 'note_this' at path 'C:/Users/XyRoN/Documents/NetBeansProjects/Codename_FiteMe/res/fonts/note_this/note_this.ttf'
LOG : 08:52:45  ----  Starting ...
LOG : 08:52:45  ----  Read settings property 'screen_width' as '1280'
LOG : 08:52:45  ----  Read settings property 'screen_height' as '960'
LOG : 08:52:45  ----  Read settings property 'grfx_path' as 'res/grfx/'
LOG : 08:52:45  ----  Read settings property 'sounds_path' as 'res/sounds/'
LOG : 08:52:45  ----  Loaded graphics with name 'img1' at path 'C:/Users/emil.simon/Documents/NetBeansProjects/Codename_FiteMe/res/grfx/img1.png'
LOG : 08:52:45  ----  Loaded graphics with name 'img2' at path 'C:/Users/emil.simon/Documents/NetBeansProjects/Codename_FiteMe/res/grfx/img2.png'
LOG : 08:52:45  ----  Loaded graphics with name 'cards/testcard' at path 'C:/Users/emil.simon/Documents/NetBeansProjects/Codename_FiteMe/res/grfx/cards/testcard.png'
LOG : 08:52:45  ----  Loaded graphics with name 'damage/arcane' at path 'C:/Users/emil.simon/Documents/NetBeansProjects/Codename_FiteMe/res/grfx/damage/arcane.png'
LOG : 08:52:45  ----  Loaded graphics with name 'damage/cold' at path 'C:/Users/emil.simon/Documents/NetBeansProjects/Codename_FiteMe/res/grfx/damage/cold.png'
LOG : 08:52:45  ----  Loaded graphics with name 'damage/dark' at path 'C:/Users/emil.simon/Documents/NetBeansProjects/Codename_FiteMe/res/grfx/damage/dark.png'
LOG : 08:52:45  ----  Loaded graphics with name 'damage/divine' at path 'C:/Users/emil.simon/Documents/NetBeansProjects/Codename_FiteMe/res/grfx/damage/divine.png'
LOG : 08:52:45  ----  Loaded graphics with name 'damage/electric' at path 'C:/Users/emil.simon/Documents/NetBeansProjects/Codename_FiteMe/res/grfx/damage/electric.png'
LOG : 08:52:45  ----  Loaded graphics with name 'damage/fire' at path 'C:/Users/emil.simon/Documents/NetBeansProjects/Codename_FiteMe/res/grfx/damage/fire.png'
LOG : 08:52:45  ----  Loaded graphics with name 'damage/nature' at path 'C:/Users/emil.simon/Documents/NetBeansProjects/Codename_FiteMe/res/grfx/damage/nature.png'
LOG : 08:52:45  ----  Loaded graphics with name 'damage/physical' at path 'C:/Users/emil.simon/Documents/NetBeansProjects/Codename_FiteMe/res/grfx/damage/physical.png'
LOG : 08:52:45  ----  Loaded graphics with name 'points/agility' at path 'C:/Users/emil.simon/Documents/NetBeansProjects/Codename_FiteMe/res/grfx/points/agility.png'
LOG : 08:52:45  ----  Loaded graphics with name 'points/arcane' at path 'C:/Users/emil.simon/Documents/NetBeansProjects/Codename_FiteMe/res/grfx/points/arcane.png'
LOG : 08:52:45  ----  Loaded graphics with name 'points/attack' at path 'C:/Users/emil.simon/Documents/NetBeansProjects/Codename_FiteMe/res/grfx/points/attack.png'
LOG : 08:52:45  ----  Loaded graphics with name 'points/dark' at path 'C:/Users/emil.simon/Documents/NetBeansProjects/Codename_FiteMe/res/grfx/points/dark.png'
LOG : 08:52:45  ----  Loaded graphics with name 'points/defence' at path 'C:/Users/emil.simon/Documents/NetBeansProjects/Codename_FiteMe/res/grfx/points/defence.png'
LOG : 08:52:45  ----  Loaded graphics with name 'points/divine' at path 'C:/Users/emil.simon/Documents/NetBeansProjects/Codename_FiteMe/res/grfx/points/divine.png'
LOG : 08:52:45  ----  Loaded graphics with name 'points/nature' at path 'C:/Users/emil.simon/Documents/NetBeansProjects/Codename_FiteMe/res/grfx/points/nature.png'
LOG : 08:52:45  ----  Loaded font with name 'djgross' at path 'C:/Users/emil.simon/Documents/NetBeansProjects/Codename_FiteMe/res/fonts/djgross/DJGROSS.ttf'
LOG : 08:52:45  ----  Loaded font with name 'note_this' at path 'C:/Users/emil.simon/Documents/NetBeansProjects/Codename_FiteMe/res/fonts/note_this/note_this.ttf'
LOG : 08:55:21  ----  Starting ...
LOG : 08:55:21  ----  Read settings property 'screen_width' as '1280'
LOG : 08:55:21  ----  Read settings property 'screen_height' as '960'
LOG : 08:55:21  ----  Read settings property 'grfx_path' as 'res/grfx/'
LOG : 08:55:21  ----  Read settings property 'sounds_path' as 'res/sounds/'
LOG : 08:55:21  ----  Loaded graphics with name 'img1' at path 'C:/Users/emil.simon/Documents/NetBeansProjects/Codename_FiteMe/res/grfx/img1.png'
LOG : 08:55:21  ----  Loaded graphics with name 'img2' at path 'C:/Users/emil.simon/Documents/NetBeansProjects/Codename_FiteMe/res/grfx/img2.png'
LOG : 08:55:21  ----  Loaded graphics with name 'cards/testcard' at path 'C:/Users/emil.simon/Documents/NetBeansProjects/Codename_FiteMe/res/grfx/cards/testcard.png'
LOG : 08:55:21  ----  Loaded graphics with name 'damage/arcane' at path 'C:/Users/emil.simon/Documents/NetBeansProjects/Codename_FiteMe/res/grfx/damage/arcane.png'
LOG : 08:55:21  ----  Loaded graphics with name 'damage/cold' at path 'C:/Users/emil.simon/Documents/NetBeansProjects/Codename_FiteMe/res/grfx/damage/cold.png'
LOG : 08:55:21  ----  Loaded graphics with name 'damage/dark' at path 'C:/Users/emil.simon/Documents/NetBeansProjects/Codename_FiteMe/res/grfx/damage/dark.png'
LOG : 08:55:21  ----  Loaded graphics with name 'damage/divine' at path 'C:/Users/emil.simon/Documents/NetBeansProjects/Codename_FiteMe/res/grfx/damage/divine.png'
LOG : 08:55:21  ----  Loaded graphics with name 'damage/electric' at path 'C:/Users/emil.simon/Documents/NetBeansProjects/Codename_FiteMe/res/grfx/damage/electric.png'
LOG : 08:55:21  ----  Loaded graphics with name 'damage/fire' at path 'C:/Users/emil.simon/Documents/NetBeansProjects/Codename_FiteMe/res/grfx/damage/fire.png'
LOG : 08:55:21  ----  Loaded graphics with name 'damage/nature' at path 'C:/Users/emil.simon/Documents/NetBeansProjects/Codename_FiteMe/res/grfx/damage/nature.png'
LOG : 08:55:21  ----  Loaded graphics with name 'damage/physical' at path 'C:/Users/emil.simon/Documents/NetBeansProjects/Codename_FiteMe/res/grfx/damage/physical.png'
LOG : 08:55:21  ----  Loaded graphics with name 'points/agility' at path 'C:/Users/emil.simon/Documents/NetBeansProjects/Codename_FiteMe/res/grfx/points/agility.png'
LOG : 08:55:21  ----  Loaded graphics with name 'points/arcane' at path 'C:/Users/emil.simon/Documents/NetBeansProjects/Codename_FiteMe/res/grfx/points/arcane.png'
LOG : 08:55:21  ----  Loaded graphics with name 'points/attack' at path 'C:/Users/emil.simon/Documents/NetBeansProjects/Codename_FiteMe/res/grfx/points/attack.png'
LOG : 08:55:21  ----  Loaded graphics with name 'points/dark' at path 'C:/Users/emil.simon/Documents/NetBeansProjects/Codename_FiteMe/res/grfx/points/dark.png'
LOG : 08:55:21  ----  Loaded graphics with name 'points/defence' at path 'C:/Users/emil.simon/Documents/NetBeansProjects/Codename_FiteMe/res/grfx/points/defence.png'
LOG : 08:55:22  ----  Loaded graphics with name 'points/divine' at path 'C:/Users/emil.simon/Documents/NetBeansProjects/Codename_FiteMe/res/grfx/points/divine.png'
LOG : 08:55:22  ----  Loaded graphics with name 'points/nature' at path 'C:/Users/emil.simon/Documents/NetBeansProjects/Codename_FiteMe/res/grfx/points/nature.png'
LOG : 08:55:22  ----  Loaded font with name 'djgross' at path 'C:/Users/emil.simon/Documents/NetBeansProjects/Codename_FiteMe/res/fonts/djgross/DJGROSS.ttf'
LOG : 08:55:22  ----  Loaded font with name 'note_this' at path 'C:/Users/emil.simon/Documents/NetBeansProjects/Codename_FiteMe/res/fonts/note_this/note_this.ttf'
LOG : 08:58:22  ----  Starting ...
LOG : 08:58:22  ----  Read settings property 'screen_width' as '1280'
LOG : 08:58:22  ----  Read settings property 'screen_height' as '960'
LOG : 08:58:22  ----  Read settings property 'grfx_path' as 'res/grfx/'
LOG : 08:58:22  ----  Read settings property 'sounds_path' as 'res/sounds/'
LOG : 08:58:22  ----  Loaded graphics with name 'img1' at path 'C:/Users/emil.simon/Documents/NetBeansProjects/Codename_FiteMe/res/grfx/img1.png'
LOG : 08:58:22  ----  Loaded graphics with name 'img2' at path 'C:/Users/emil.simon/Documents/NetBeansProjects/Codename_FiteMe/res/grfx/img2.png'
LOG : 08:58:22  ----  Loaded graphics with name 'cards/testcard' at path 'C:/Users/emil.simon/Documents/NetBeansProjects/Codename_FiteMe/res/grfx/cards/testcard.png'
LOG : 08:58:22  ----  Loaded graphics with name 'damage/arcane' at path 'C:/Users/emil.simon/Documents/NetBeansProjects/Codename_FiteMe/res/grfx/damage/arcane.png'
LOG : 08:58:22  ----  Loaded graphics with name 'damage/cold' at path 'C:/Users/emil.simon/Documents/NetBeansProjects/Codename_FiteMe/res/grfx/damage/cold.png'
LOG : 08:58:22  ----  Loaded graphics with name 'damage/dark' at path 'C:/Users/emil.simon/Documents/NetBeansProjects/Codename_FiteMe/res/grfx/damage/dark.png'
LOG : 08:58:22  ----  Loaded graphics with name 'damage/divine' at path 'C:/Users/emil.simon/Documents/NetBeansProjects/Codename_FiteMe/res/grfx/damage/divine.png'
LOG : 08:58:22  ----  Loaded graphics with name 'damage/electric' at path 'C:/Users/emil.simon/Documents/NetBeansProjects/Codename_FiteMe/res/grfx/damage/electric.png'
LOG : 08:58:22  ----  Loaded graphics with name 'damage/fire' at path 'C:/Users/emil.simon/Documents/NetBeansProjects/Codename_FiteMe/res/grfx/damage/fire.png'
LOG : 08:58:22  ----  Loaded graphics with name 'damage/nature' at path 'C:/Users/emil.simon/Documents/NetBeansProjects/Codename_FiteMe/res/grfx/damage/nature.png'
LOG : 08:58:22  ----  Loaded graphics with name 'damage/physical' at path 'C:/Users/emil.simon/Documents/NetBeansProjects/Codename_FiteMe/res/grfx/damage/physical.png'
LOG : 08:58:22  ----  Loaded graphics with name 'points/agility' at path 'C:/Users/emil.simon/Documents/NetBeansProjects/Codename_FiteMe/res/grfx/points/agility.png'
LOG : 08:58:22  ----  Loaded graphics with name 'points/arcane' at path 'C:/Users/emil.simon/Documents/NetBeansProjects/Codename_FiteMe/res/grfx/points/arcane.png'
LOG : 08:58:22  ----  Loaded graphics with name 'points/attack' at path 'C:/Users/emil.simon/Documents/NetBeansProjects/Codename_FiteMe/res/grfx/points/attack.png'
LOG : 08:58:23  ----  Loaded graphics with name 'points/dark' at path 'C:/Users/emil.simon/Documents/NetBeansProjects/Codename_FiteMe/res/grfx/points/dark.png'
LOG : 08:58:23  ----  Loaded graphics with name 'points/defence' at path 'C:/Users/emil.simon/Documents/NetBeansProjects/Codename_FiteMe/res/grfx/points/defence.png'
LOG : 08:58:23  ----  Loaded graphics with name 'points/divine' at path 'C:/Users/emil.simon/Documents/NetBeansProjects/Codename_FiteMe/res/grfx/points/divine.png'
LOG : 08:58:23  ----  Loaded graphics with name 'points/nature' at path 'C:/Users/emil.simon/Documents/NetBeansProjects/Codename_FiteMe/res/grfx/points/nature.png'
LOG : 08:58:23  ----  Loaded font with name 'djgross' at path 'C:/Users/emil.simon/Documents/NetBeansProjects/Codename_FiteMe/res/fonts/djgross/DJGROSS.ttf'
LOG : 08:58:23  ----  Loaded font with name 'note_this' at path 'C:/Users/emil.simon/Documents/NetBeansProjects/Codename_FiteMe/res/fonts/note_this/note_this.ttf'
LOG : 09:01:00  ----  Starting ...
LOG : 09:01:00  ----  Read settings property 'screen_width' as '1280'
LOG : 09:01:00  ----  Read settings property 'screen_height' as '960'
LOG : 09:01:00  ----  Read settings property 'grfx_path' as 'res/grfx/'
LOG : 09:01:00  ----  Read settings property 'sounds_path' as 'res/sounds/'
LOG : 09:01:00  ----  Loaded graphics with name 'img1' at path 'C:/Users/emil.simon/Documents/NetBeansProjects/Codename_FiteMe/res/grfx/img1.png'
LOG : 09:01:00  ----  Loaded graphics with name 'img2' at path 'C:/Users/emil.simon/Documents/NetBeansProjects/Codename_FiteMe/res/grfx/img2.png'
LOG : 09:01:00  ----  Loaded graphics with name 'cards/testcard' at path 'C:/Users/emil.simon/Documents/NetBeansProjects/Codename_FiteMe/res/grfx/cards/testcard.png'
LOG : 09:01:00  ----  Loaded graphics with name 'damage/arcane' at path 'C:/Users/emil.simon/Documents/NetBeansProjects/Codename_FiteMe/res/grfx/damage/arcane.png'
LOG : 09:01:00  ----  Loaded graphics with name 'damage/cold' at path 'C:/Users/emil.simon/Documents/NetBeansProjects/Codename_FiteMe/res/grfx/damage/cold.png'
LOG : 09:01:00  ----  Loaded graphics with name 'damage/dark' at path 'C:/Users/emil.simon/Documents/NetBeansProjects/Codename_FiteMe/res/grfx/damage/dark.png'
LOG : 09:01:00  ----  Loaded graphics with name 'damage/divine' at path 'C:/Users/emil.simon/Documents/NetBeansProjects/Codename_FiteMe/res/grfx/damage/divine.png'
LOG : 09:01:00  ----  Loaded graphics with name 'damage/electric' at path 'C:/Users/emil.simon/Documents/NetBeansProjects/Codename_FiteMe/res/grfx/damage/electric.png'
LOG : 09:01:00  ----  Loaded graphics with name 'damage/fire' at path 'C:/Users/emil.simon/Documents/NetBeansProjects/Codename_FiteMe/res/grfx/damage/fire.png'
LOG : 09:01:00  ----  Loaded graphics with name 'damage/nature' at path 'C:/Users/emil.simon/Documents/NetBeansProjects/Codename_FiteMe/res/grfx/damage/nature.png'
LOG : 09:01:00  ----  Loaded graphics with name 'damage/physical' at path 'C:/Users/emil.simon/Documents/NetBeansProjects/Codename_FiteMe/res/grfx/damage/physical.png'
LOG : 09:01:00  ----  Loaded graphics with name 'points/agility' at path 'C:/Users/emil.simon/Documents/NetBeansProjects/Codename_FiteMe/res/grfx/points/agility.png'
LOG : 09:01:00  ----  Loaded graphics with name 'points/arcane' at path 'C:/Users/emil.simon/Documents/NetBeansProjects/Codename_FiteMe/res/grfx/points/arcane.png'
LOG : 09:01:00  ----  Loaded graphics with name 'points/attack' at path 'C:/Users/emil.simon/Documents/NetBeansProjects/Codename_FiteMe/res/grfx/points/attack.png'
LOG : 09:01:00  ----  Loaded graphics with name 'points/dark' at path 'C:/Users/emil.simon/Documents/NetBeansProjects/Codename_FiteMe/res/grfx/points/dark.png'
LOG : 09:01:00  ----  Loaded graphics with name 'points/defence' at path 'C:/Users/emil.simon/Documents/NetBeansProjects/Codename_FiteMe/res/grfx/points/defence.png'
LOG : 09:01:00  ----  Loaded graphics with name 'points/divine' at path 'C:/Users/emil.simon/Documents/NetBeansProjects/Codename_FiteMe/res/grfx/points/divine.png'
LOG : 09:01:00  ----  Loaded graphics with name 'points/nature' at path 'C:/Users/emil.simon/Documents/NetBeansProjects/Codename_FiteMe/res/grfx/points/nature.png'
LOG : 09:01:00  ----  Loaded font with name 'djgross' at path 'C:/Users/emil.simon/Documents/NetBeansProjects/Codename_FiteMe/res/fonts/djgross/DJGROSS.ttf'
LOG : 09:01:00  ----  Loaded font with name 'note_this' at path 'C:/Users/emil.simon/Documents/NetBeansProjects/Codename_FiteMe/res/fonts/note_this/note_this.ttf'
LOG : 09:01:16  ----  Starting ...
LOG : 09:01:16  ----  Read settings property 'screen_width' as '1280'
LOG : 09:01:16  ----  Read settings property 'screen_height' as '960'
LOG : 09:01:16  ----  Read settings property 'grfx_path' as 'res/grfx/'
LOG : 09:01:16  ----  Read settings property 'sounds_path' as 'res/sounds/'
LOG : 09:01:16  ----  Loaded graphics with name 'img1' at path 'C:/Users/emil.simon/Documents/NetBeansProjects/Codename_FiteMe/res/grfx/img1.png'
LOG : 09:01:16  ----  Loaded graphics with name 'img2' at path 'C:/Users/emil.simon/Documents/NetBeansProjects/Codename_FiteMe/res/grfx/img2.png'
LOG : 09:01:16  ----  Loaded graphics with name 'cards/testcard' at path 'C:/Users/emil.simon/Documents/NetBeansProjects/Codename_FiteMe/res/grfx/cards/testcard.png'
LOG : 09:01:16  ----  Loaded graphics with name 'damage/arcane' at path 'C:/Users/emil.simon/Documents/NetBeansProjects/Codename_FiteMe/res/grfx/damage/arcane.png'
LOG : 09:01:16  ----  Loaded graphics with name 'damage/cold' at path 'C:/Users/emil.simon/Documents/NetBeansProjects/Codename_FiteMe/res/grfx/damage/cold.png'
LOG : 09:01:16  ----  Loaded graphics with name 'damage/dark' at path 'C:/Users/emil.simon/Documents/NetBeansProjects/Codename_FiteMe/res/grfx/damage/dark.png'
LOG : 09:01:16  ----  Loaded graphics with name 'damage/divine' at path 'C:/Users/emil.simon/Documents/NetBeansProjects/Codename_FiteMe/res/grfx/damage/divine.png'
LOG : 09:01:16  ----  Loaded graphics with name 'damage/electric' at path 'C:/Users/emil.simon/Documents/NetBeansProjects/Codename_FiteMe/res/grfx/damage/electric.png'
LOG : 09:01:16  ----  Loaded graphics with name 'damage/fire' at path 'C:/Users/emil.simon/Documents/NetBeansProjects/Codename_FiteMe/res/grfx/damage/fire.png'
LOG : 09:01:16  ----  Loaded graphics with name 'damage/nature' at path 'C:/Users/emil.simon/Documents/NetBeansProjects/Codename_FiteMe/res/grfx/damage/nature.png'
LOG : 09:01:16  ----  Loaded graphics with name 'damage/physical' at path 'C:/Users/emil.simon/Documents/NetBeansProjects/Codename_FiteMe/res/grfx/damage/physical.png'
LOG : 09:01:16  ----  Loaded graphics with name 'points/agility' at path 'C:/Users/emil.simon/Documents/NetBeansProjects/Codename_FiteMe/res/grfx/points/agility.png'
LOG : 09:01:16  ----  Loaded graphics with name 'points/arcane' at path 'C:/Users/emil.simon/Documents/NetBeansProjects/Codename_FiteMe/res/grfx/points/arcane.png'
LOG : 09:01:16  ----  Loaded graphics with name 'points/attack' at path 'C:/Users/emil.simon/Documents/NetBeansProjects/Codename_FiteMe/res/grfx/points/attack.png'
LOG : 09:01:16  ----  Loaded graphics with name 'points/dark' at path 'C:/Users/emil.simon/Documents/NetBeansProjects/Codename_FiteMe/res/grfx/points/dark.png'
LOG : 09:01:16  ----  Loaded graphics with name 'points/defence' at path 'C:/Users/emil.simon/Documents/NetBeansProjects/Codename_FiteMe/res/grfx/points/defence.png'
LOG : 09:01:16  ----  Loaded graphics with name 'points/divine' at path 'C:/Users/emil.simon/Documents/NetBeansProjects/Codename_FiteMe/res/grfx/points/divine.png'
LOG : 09:01:16  ----  Loaded graphics with name 'points/nature' at path 'C:/Users/emil.simon/Documents/NetBeansProjects/Codename_FiteMe/res/grfx/points/nature.png'
LOG : 09:01:16  ----  Loaded font with name 'djgross' at path 'C:/Users/emil.simon/Documents/NetBeansProjects/Codename_FiteMe/res/fonts/djgross/DJGROSS.ttf'
LOG : 09:01:16  ----  Loaded font with name 'note_this' at path 'C:/Users/emil.simon/Documents/NetBeansProjects/Codename_FiteMe/res/fonts/note_this/note_this.ttf'
LOG : 09:42:11  ----  Starting ...
LOG : 09:42:12  ----  Read settings property 'screen_width' as '1280'
LOG : 09:42:12  ----  Read settings property 'screen_height' as '960'
LOG : 09:42:12  ----  Read settings property 'grfx_path' as 'res/grfx/'
LOG : 09:42:12  ----  Read settings property 'sounds_path' as 'res/sounds/'
LOG : 09:42:12  ----  Loaded graphics with name 'img1' at path 'C:/Users/emil.simon/Documents/NetBeansProjects/Codename_FiteMe/res/grfx/img1.png'
LOG : 09:42:12  ----  Loaded graphics with name 'img2' at path 'C:/Users/emil.simon/Documents/NetBeansProjects/Codename_FiteMe/res/grfx/img2.png'
LOG : 09:42:12  ----  Loaded graphics with name 'cards/testcard' at path 'C:/Users/emil.simon/Documents/NetBeansProjects/Codename_FiteMe/res/grfx/cards/testcard.png'
LOG : 09:42:12  ----  Loaded graphics with name 'damage/arcane' at path 'C:/Users/emil.simon/Documents/NetBeansProjects/Codename_FiteMe/res/grfx/damage/arcane.png'
LOG : 09:42:12  ----  Loaded graphics with name 'damage/cold' at path 'C:/Users/emil.simon/Documents/NetBeansProjects/Codename_FiteMe/res/grfx/damage/cold.png'
LOG : 09:42:12  ----  Loaded graphics with name 'damage/dark' at path 'C:/Users/emil.simon/Documents/NetBeansProjects/Codename_FiteMe/res/grfx/damage/dark.png'
LOG : 09:42:12  ----  Loaded graphics with name 'damage/divine' at path 'C:/Users/emil.simon/Documents/NetBeansProjects/Codename_FiteMe/res/grfx/damage/divine.png'
LOG : 09:42:12  ----  Loaded graphics with name 'damage/electric' at path 'C:/Users/emil.simon/Documents/NetBeansProjects/Codename_FiteMe/res/grfx/damage/electric.png'
LOG : 09:42:12  ----  Loaded graphics with name 'damage/fire' at path 'C:/Users/emil.simon/Documents/NetBeansProjects/Codename_FiteMe/res/grfx/damage/fire.png'
LOG : 09:42:12  ----  Loaded graphics with name 'damage/nature' at path 'C:/Users/emil.simon/Documents/NetBeansProjects/Codename_FiteMe/res/grfx/damage/nature.png'
LOG : 09:42:12  ----  Loaded graphics with name 'damage/physical' at path 'C:/Users/emil.simon/Documents/NetBeansProjects/Codename_FiteMe/res/grfx/damage/physical.png'
LOG : 09:42:12  ----  Loaded graphics with name 'points/agility' at path 'C:/Users/emil.simon/Documents/NetBeansProjects/Codename_FiteMe/res/grfx/points/agility.png'
LOG : 09:42:12  ----  Loaded graphics with name 'points/arcane' at path 'C:/Users/emil.simon/Documents/NetBeansProjects/Codename_FiteMe/res/grfx/points/arcane.png'
LOG : 09:42:12  ----  Loaded graphics with name 'points/attack' at path 'C:/Users/emil.simon/Documents/NetBeansProjects/Codename_FiteMe/res/grfx/points/attack.png'
LOG : 09:42:12  ----  Loaded graphics with name 'points/dark' at path 'C:/Users/emil.simon/Documents/NetBeansProjects/Codename_FiteMe/res/grfx/points/dark.png'
LOG : 09:42:12  ----  Loaded graphics with name 'points/defence' at path 'C:/Users/emil.simon/Documents/NetBeansProjects/Codename_FiteMe/res/grfx/points/defence.png'
LOG : 09:42:12  ----  Loaded graphics with name 'points/divine' at path 'C:/Users/emil.simon/Documents/NetBeansProjects/Codename_FiteMe/res/grfx/points/divine.png'
LOG : 09:42:12  ----  Loaded graphics with name 'points/nature' at path 'C:/Users/emil.simon/Documents/NetBeansProjects/Codename_FiteMe/res/grfx/points/nature.png'
LOG : 09:42:12  ----  Loaded font with name 'djgross' at path 'C:/Users/emil.simon/Documents/NetBeansProjects/Codename_FiteMe/res/fonts/djgross/DJGROSS.ttf'
LOG : 09:42:12  ----  Loaded font with name 'note_this' at path 'C:/Users/emil.simon/Documents/NetBeansProjects/Codename_FiteMe/res/fonts/note_this/note_this.ttf'
LOG : 09:43:17  ----  Starting ...
LOG : 09:43:17  ----  Read settings property 'screen_width' as '1280'
LOG : 09:43:17  ----  Read settings property 'screen_height' as '960'
LOG : 09:43:17  ----  Read settings property 'grfx_path' as 'res/grfx/'
LOG : 09:43:17  ----  Read settings property 'sounds_path' as 'res/sounds/'
LOG : 09:43:17  ----  Loaded graphics with name 'img1' at path 'C:/Users/emil.simon/Documents/NetBeansProjects/Codename_FiteMe/res/grfx/img1.png'
LOG : 09:43:17  ----  Loaded graphics with name 'img2' at path 'C:/Users/emil.simon/Documents/NetBeansProjects/Codename_FiteMe/res/grfx/img2.png'
LOG : 09:43:17  ----  Loaded graphics with name 'cards/testcard' at path 'C:/Users/emil.simon/Documents/NetBeansProjects/Codename_FiteMe/res/grfx/cards/testcard.png'
LOG : 09:43:17  ----  Loaded graphics with name 'damage/arcane' at path 'C:/Users/emil.simon/Documents/NetBeansProjects/Codename_FiteMe/res/grfx/damage/arcane.png'
LOG : 09:43:17  ----  Loaded graphics with name 'damage/cold' at path 'C:/Users/emil.simon/Documents/NetBeansProjects/Codename_FiteMe/res/grfx/damage/cold.png'
LOG : 09:43:17  ----  Loaded graphics with name 'damage/dark' at path 'C:/Users/emil.simon/Documents/NetBeansProjects/Codename_FiteMe/res/grfx/damage/dark.png'
LOG : 09:43:17  ----  Loaded graphics with name 'damage/divine' at path 'C:/Users/emil.simon/Documents/NetBeansProjects/Codename_FiteMe/res/grfx/damage/divine.png'
LOG : 09:43:17  ----  Loaded graphics with name 'damage/electric' at path 'C:/Users/emil.simon/Documents/NetBeansProjects/Codename_FiteMe/res/grfx/damage/electric.png'
LOG : 09:43:17  ----  Loaded graphics with name 'damage/fire' at path 'C:/Users/emil.simon/Documents/NetBeansProjects/Codename_FiteMe/res/grfx/damage/fire.png'
LOG : 09:43:17  ----  Loaded graphics with name 'damage/nature' at path 'C:/Users/emil.simon/Documents/NetBeansProjects/Codename_FiteMe/res/grfx/damage/nature.png'
LOG : 09:43:17  ----  Loaded graphics with name 'damage/physical' at path 'C:/Users/emil.simon/Documents/NetBeansProjects/Codename_FiteMe/res/grfx/damage/physical.png'
LOG : 09:43:17  ----  Loaded graphics with name 'points/agility' at path 'C:/Users/emil.simon/Documents/NetBeansProjects/Codename_FiteMe/res/grfx/points/agility.png'
LOG : 09:43:17  ----  Loaded graphics with name 'points/arcane' at path 'C:/Users/emil.simon/Documents/NetBeansProjects/Codename_FiteMe/res/grfx/points/arcane.png'
LOG : 09:43:17  ----  Loaded graphics with name 'points/attack' at path 'C:/Users/emil.simon/Documents/NetBeansProjects/Codename_FiteMe/res/grfx/points/attack.png'
LOG : 09:43:18  ----  Loaded graphics with name 'points/dark' at path 'C:/Users/emil.simon/Documents/NetBeansProjects/Codename_FiteMe/res/grfx/points/dark.png'
LOG : 09:43:18  ----  Loaded graphics with name 'points/defence' at path 'C:/Users/emil.simon/Documents/NetBeansProjects/Codename_FiteMe/res/grfx/points/defence.png'
LOG : 09:43:18  ----  Loaded graphics with name 'points/divine' at path 'C:/Users/emil.simon/Documents/NetBeansProjects/Codename_FiteMe/res/grfx/points/divine.png'
LOG : 09:43:18  ----  Loaded graphics with name 'points/nature' at path 'C:/Users/emil.simon/Documents/NetBeansProjects/Codename_FiteMe/res/grfx/points/nature.png'
LOG : 09:43:18  ----  Loaded font with name 'djgross' at path 'C:/Users/emil.simon/Documents/NetBeansProjects/Codename_FiteMe/res/fonts/djgross/DJGROSS.ttf'
LOG : 09:43:18  ----  Loaded font with name 'note_this' at path 'C:/Users/emil.simon/Documents/NetBeansProjects/Codename_FiteMe/res/fonts/note_this/note_this.ttf'
LOG : 09:43:47  ----  Starting ...
LOG : 09:43:48  ----  Read settings property 'screen_width' as '1280'
LOG : 09:43:48  ----  Read settings property 'screen_height' as '960'
LOG : 09:43:48  ----  Read settings property 'grfx_path' as 'res/grfx/'
LOG : 09:43:48  ----  Read settings property 'sounds_path' as 'res/sounds/'
LOG : 09:43:48  ----  Loaded graphics with name 'img1' at path 'C:/Users/emil.simon/Documents/NetBeansProjects/Codename_FiteMe/res/grfx/img1.png'
LOG : 09:43:48  ----  Loaded graphics with name 'img2' at path 'C:/Users/emil.simon/Documents/NetBeansProjects/Codename_FiteMe/res/grfx/img2.png'
LOG : 09:43:48  ----  Loaded graphics with name 'cards/testcard' at path 'C:/Users/emil.simon/Documents/NetBeansProjects/Codename_FiteMe/res/grfx/cards/testcard.png'
LOG : 09:43:48  ----  Loaded graphics with name 'damage/arcane' at path 'C:/Users/emil.simon/Documents/NetBeansProjects/Codename_FiteMe/res/grfx/damage/arcane.png'
LOG : 09:43:48  ----  Loaded graphics with name 'damage/cold' at path 'C:/Users/emil.simon/Documents/NetBeansProjects/Codename_FiteMe/res/grfx/damage/cold.png'
LOG : 09:43:48  ----  Loaded graphics with name 'damage/dark' at path 'C:/Users/emil.simon/Documents/NetBeansProjects/Codename_FiteMe/res/grfx/damage/dark.png'
LOG : 09:43:48  ----  Loaded graphics with name 'damage/divine' at path 'C:/Users/emil.simon/Documents/NetBeansProjects/Codename_FiteMe/res/grfx/damage/divine.png'
LOG : 09:43:48  ----  Loaded graphics with name 'damage/electric' at path 'C:/Users/emil.simon/Documents/NetBeansProjects/Codename_FiteMe/res/grfx/damage/electric.png'
LOG : 09:43:48  ----  Loaded graphics with name 'damage/fire' at path 'C:/Users/emil.simon/Documents/NetBeansProjects/Codename_FiteMe/res/grfx/damage/fire.png'
LOG : 09:43:48  ----  Loaded graphics with name 'damage/nature' at path 'C:/Users/emil.simon/Documents/NetBeansProjects/Codename_FiteMe/res/grfx/damage/nature.png'
LOG : 09:43:48  ----  Loaded graphics with name 'damage/physical' at path 'C:/Users/emil.simon/Documents/NetBeansProjects/Codename_FiteMe/res/grfx/damage/physical.png'
LOG : 09:43:48  ----  Loaded graphics with name 'points/agility' at path 'C:/Users/emil.simon/Documents/NetBeansProjects/Codename_FiteMe/res/grfx/points/agility.png'
LOG : 09:43:48  ----  Loaded graphics with name 'points/arcane' at path 'C:/Users/emil.simon/Documents/NetBeansProjects/Codename_FiteMe/res/grfx/points/arcane.png'
LOG : 09:43:48  ----  Loaded graphics with name 'points/attack' at path 'C:/Users/emil.simon/Documents/NetBeansProjects/Codename_FiteMe/res/grfx/points/attack.png'
LOG : 09:43:48  ----  Loaded graphics with name 'points/dark' at path 'C:/Users/emil.simon/Documents/NetBeansProjects/Codename_FiteMe/res/grfx/points/dark.png'
LOG : 09:43:48  ----  Loaded graphics with name 'points/defence' at path 'C:/Users/emil.simon/Documents/NetBeansProjects/Codename_FiteMe/res/grfx/points/defence.png'
LOG : 09:43:48  ----  Loaded graphics with name 'points/divine' at path 'C:/Users/emil.simon/Documents/NetBeansProjects/Codename_FiteMe/res/grfx/points/divine.png'
LOG : 09:43:48  ----  Loaded graphics with name 'points/nature' at path 'C:/Users/emil.simon/Documents/NetBeansProjects/Codename_FiteMe/res/grfx/points/nature.png'
LOG : 09:43:48  ----  Loaded font with name 'djgross' at path 'C:/Users/emil.simon/Documents/NetBeansProjects/Codename_FiteMe/res/fonts/djgross/DJGROSS.ttf'
LOG : 09:43:48  ----  Loaded font with name 'note_this' at path 'C:/Users/emil.simon/Documents/NetBeansProjects/Codename_FiteMe/res/fonts/note_this/note_this.ttf'
LOG : 09:43:55  ----  Starting ...
LOG : 09:43:55  ----  Read settings property 'screen_width' as '1280'
LOG : 09:43:55  ----  Read settings property 'screen_height' as '960'
LOG : 09:43:55  ----  Read settings property 'grfx_path' as 'res/grfx/'
LOG : 09:43:55  ----  Read settings property 'sounds_path' as 'res/sounds/'
LOG : 09:43:55  ----  Loaded graphics with name 'img1' at path 'C:/Users/emil.simon/Documents/NetBeansProjects/Codename_FiteMe/res/grfx/img1.png'
LOG : 09:43:55  ----  Loaded graphics with name 'img2' at path 'C:/Users/emil.simon/Documents/NetBeansProjects/Codename_FiteMe/res/grfx/img2.png'
LOG : 09:43:55  ----  Loaded graphics with name 'cards/testcard' at path 'C:/Users/emil.simon/Documents/NetBeansProjects/Codename_FiteMe/res/grfx/cards/testcard.png'
LOG : 09:43:55  ----  Loaded graphics with name 'damage/arcane' at path 'C:/Users/emil.simon/Documents/NetBeansProjects/Codename_FiteMe/res/grfx/damage/arcane.png'
LOG : 09:43:55  ----  Loaded graphics with name 'damage/cold' at path 'C:/Users/emil.simon/Documents/NetBeansProjects/Codename_FiteMe/res/grfx/damage/cold.png'
LOG : 09:43:55  ----  Loaded graphics with name 'damage/dark' at path 'C:/Users/emil.simon/Documents/NetBeansProjects/Codename_FiteMe/res/grfx/damage/dark.png'
LOG : 09:43:55  ----  Loaded graphics with name 'damage/divine' at path 'C:/Users/emil.simon/Documents/NetBeansProjects/Codename_FiteMe/res/grfx/damage/divine.png'
LOG : 09:43:55  ----  Loaded graphics with name 'damage/electric' at path 'C:/Users/emil.simon/Documents/NetBeansProjects/Codename_FiteMe/res/grfx/damage/electric.png'
LOG : 09:43:55  ----  Loaded graphics with name 'damage/fire' at path 'C:/Users/emil.simon/Documents/NetBeansProjects/Codename_FiteMe/res/grfx/damage/fire.png'
LOG : 09:43:55  ----  Loaded graphics with name 'damage/nature' at path 'C:/Users/emil.simon/Documents/NetBeansProjects/Codename_FiteMe/res/grfx/damage/nature.png'
LOG : 09:43:55  ----  Loaded graphics with name 'damage/physical' at path 'C:/Users/emil.simon/Documents/NetBeansProjects/Codename_FiteMe/res/grfx/damage/physical.png'
LOG : 09:43:55  ----  Loaded graphics with name 'points/agility' at path 'C:/Users/emil.simon/Documents/NetBeansProjects/Codename_FiteMe/res/grfx/points/agility.png'
LOG : 09:43:55  ----  Loaded graphics with name 'points/arcane' at path 'C:/Users/emil.simon/Documents/NetBeansProjects/Codename_FiteMe/res/grfx/points/arcane.png'
LOG : 09:43:55  ----  Loaded graphics with name 'points/attack' at path 'C:/Users/emil.simon/Documents/NetBeansProjects/Codename_FiteMe/res/grfx/points/attack.png'
LOG : 09:43:55  ----  Loaded graphics with name 'points/dark' at path 'C:/Users/emil.simon/Documents/NetBeansProjects/Codename_FiteMe/res/grfx/points/dark.png'
LOG : 09:43:55  ----  Loaded graphics with name 'points/defence' at path 'C:/Users/emil.simon/Documents/NetBeansProjects/Codename_FiteMe/res/grfx/points/defence.png'
LOG : 09:43:55  ----  Loaded graphics with name 'points/divine' at path 'C:/Users/emil.simon/Documents/NetBeansProjects/Codename_FiteMe/res/grfx/points/divine.png'
LOG : 09:43:55  ----  Loaded graphics with name 'points/nature' at path 'C:/Users/emil.simon/Documents/NetBeansProjects/Codename_FiteMe/res/grfx/points/nature.png'
LOG : 09:43:55  ----  Loaded font with name 'djgross' at path 'C:/Users/emil.simon/Documents/NetBeansProjects/Codename_FiteMe/res/fonts/djgross/DJGROSS.ttf'
LOG : 09:43:55  ----  Loaded font with name 'note_this' at path 'C:/Users/emil.simon/Documents/NetBeansProjects/Codename_FiteMe/res/fonts/note_this/note_this.ttf'
LOG : 09:44:06  ----  Starting ...
LOG : 09:44:07  ----  Read settings property 'screen_width' as '1280'
LOG : 09:44:07  ----  Read settings property 'screen_height' as '960'
LOG : 09:44:07  ----  Read settings property 'grfx_path' as 'res/grfx/'
LOG : 09:44:07  ----  Read settings property 'sounds_path' as 'res/sounds/'
LOG : 09:44:07  ----  Loaded graphics with name 'img1' at path 'C:/Users/emil.simon/Documents/NetBeansProjects/Codename_FiteMe/res/grfx/img1.png'
LOG : 09:44:07  ----  Loaded graphics with name 'img2' at path 'C:/Users/emil.simon/Documents/NetBeansProjects/Codename_FiteMe/res/grfx/img2.png'
LOG : 09:44:07  ----  Loaded graphics with name 'cards/testcard' at path 'C:/Users/emil.simon/Documents/NetBeansProjects/Codename_FiteMe/res/grfx/cards/testcard.png'
LOG : 09:44:07  ----  Loaded graphics with name 'damage/arcane' at path 'C:/Users/emil.simon/Documents/NetBeansProjects/Codename_FiteMe/res/grfx/damage/arcane.png'
LOG : 09:44:07  ----  Loaded graphics with name 'damage/cold' at path 'C:/Users/emil.simon/Documents/NetBeansProjects/Codename_FiteMe/res/grfx/damage/cold.png'
LOG : 09:44:07  ----  Loaded graphics with name 'damage/dark' at path 'C:/Users/emil.simon/Documents/NetBeansProjects/Codename_FiteMe/res/grfx/damage/dark.png'
LOG : 09:44:07  ----  Loaded graphics with name 'damage/divine' at path 'C:/Users/emil.simon/Documents/NetBeansProjects/Codename_FiteMe/res/grfx/damage/divine.png'
LOG : 09:44:07  ----  Loaded graphics with name 'damage/electric' at path 'C:/Users/emil.simon/Documents/NetBeansProjects/Codename_FiteMe/res/grfx/damage/electric.png'
LOG : 09:44:07  ----  Loaded graphics with name 'damage/fire' at path 'C:/Users/emil.simon/Documents/NetBeansProjects/Codename_FiteMe/res/grfx/damage/fire.png'
LOG : 09:44:07  ----  Loaded graphics with name 'damage/nature' at path 'C:/Users/emil.simon/Documents/NetBeansProjects/Codename_FiteMe/res/grfx/damage/nature.png'
LOG : 09:44:07  ----  Loaded graphics with name 'damage/physical' at path 'C:/Users/emil.simon/Documents/NetBeansProjects/Codename_FiteMe/res/grfx/damage/physical.png'
LOG : 09:44:07  ----  Loaded graphics with name 'points/agility' at path 'C:/Users/emil.simon/Documents/NetBeansProjects/Codename_FiteMe/res/grfx/points/agility.png'
LOG : 09:44:07  ----  Loaded graphics with name 'points/arcane' at path 'C:/Users/emil.simon/Documents/NetBeansProjects/Codename_FiteMe/res/grfx/points/arcane.png'
LOG : 09:44:07  ----  Loaded graphics with name 'points/attack' at path 'C:/Users/emil.simon/Documents/NetBeansProjects/Codename_FiteMe/res/grfx/points/attack.png'
LOG : 09:44:07  ----  Loaded graphics with name 'points/dark' at path 'C:/Users/emil.simon/Documents/NetBeansProjects/Codename_FiteMe/res/grfx/points/dark.png'
LOG : 09:44:07  ----  Loaded graphics with name 'points/defence' at path 'C:/Users/emil.simon/Documents/NetBeansProjects/Codename_FiteMe/res/grfx/points/defence.png'
LOG : 09:44:07  ----  Loaded graphics with name 'points/divine' at path 'C:/Users/emil.simon/Documents/NetBeansProjects/Codename_FiteMe/res/grfx/points/divine.png'
LOG : 09:44:07  ----  Loaded graphics with name 'points/nature' at path 'C:/Users/emil.simon/Documents/NetBeansProjects/Codename_FiteMe/res/grfx/points/nature.png'
LOG : 09:44:07  ----  Loaded font with name 'djgross' at path 'C:/Users/emil.simon/Documents/NetBeansProjects/Codename_FiteMe/res/fonts/djgross/DJGROSS.ttf'
LOG : 09:44:07  ----  Loaded font with name 'note_this' at path 'C:/Users/emil.simon/Documents/NetBeansProjects/Codename_FiteMe/res/fonts/note_this/note_this.ttf'
LOG : 09:44:42  ----  Starting ...
LOG : 09:44:43  ----  Read settings property 'screen_width' as '1280'
LOG : 09:44:43  ----  Read settings property 'screen_height' as '960'
LOG : 09:44:43  ----  Read settings property 'grfx_path' as 'res/grfx/'
LOG : 09:44:43  ----  Read settings property 'sounds_path' as 'res/sounds/'
LOG : 09:44:43  ----  Loaded graphics with name 'img1' at path 'C:/Users/emil.simon/Documents/NetBeansProjects/Codename_FiteMe/res/grfx/img1.png'
LOG : 09:44:43  ----  Loaded graphics with name 'img2' at path 'C:/Users/emil.simon/Documents/NetBeansProjects/Codename_FiteMe/res/grfx/img2.png'
LOG : 09:44:43  ----  Loaded graphics with name 'cards/testcard' at path 'C:/Users/emil.simon/Documents/NetBeansProjects/Codename_FiteMe/res/grfx/cards/testcard.png'
LOG : 09:44:43  ----  Loaded graphics with name 'damage/arcane' at path 'C:/Users/emil.simon/Documents/NetBeansProjects/Codename_FiteMe/res/grfx/damage/arcane.png'
LOG : 09:44:43  ----  Loaded graphics with name 'damage/cold' at path 'C:/Users/emil.simon/Documents/NetBeansProjects/Codename_FiteMe/res/grfx/damage/cold.png'
LOG : 09:44:43  ----  Loaded graphics with name 'damage/dark' at path 'C:/Users/emil.simon/Documents/NetBeansProjects/Codename_FiteMe/res/grfx/damage/dark.png'
LOG : 09:44:43  ----  Loaded graphics with name 'damage/divine' at path 'C:/Users/emil.simon/Documents/NetBeansProjects/Codename_FiteMe/res/grfx/damage/divine.png'
LOG : 09:44:43  ----  Loaded graphics with name 'damage/electric' at path 'C:/Users/emil.simon/Documents/NetBeansProjects/Codename_FiteMe/res/grfx/damage/electric.png'
LOG : 09:44:43  ----  Loaded graphics with name 'damage/fire' at path 'C:/Users/emil.simon/Documents/NetBeansProjects/Codename_FiteMe/res/grfx/damage/fire.png'
LOG : 09:44:43  ----  Loaded graphics with name 'damage/nature' at path 'C:/Users/emil.simon/Documents/NetBeansProjects/Codename_FiteMe/res/grfx/damage/nature.png'
LOG : 09:44:43  ----  Loaded graphics with name 'damage/physical' at path 'C:/Users/emil.simon/Documents/NetBeansProjects/Codename_FiteMe/res/grfx/damage/physical.png'
LOG : 09:44:43  ----  Loaded graphics with name 'points/agility' at path 'C:/Users/emil.simon/Documents/NetBeansProjects/Codename_FiteMe/res/grfx/points/agility.png'
LOG : 09:44:43  ----  Loaded graphics with name 'points/arcane' at path 'C:/Users/emil.simon/Documents/NetBeansProjects/Codename_FiteMe/res/grfx/points/arcane.png'
LOG : 09:44:43  ----  Loaded graphics with name 'points/attack' at path 'C:/Users/emil.simon/Documents/NetBeansProjects/Codename_FiteMe/res/grfx/points/attack.png'
LOG : 09:44:43  ----  Loaded graphics with name 'points/dark' at path 'C:/Users/emil.simon/Documents/NetBeansProjects/Codename_FiteMe/res/grfx/points/dark.png'
LOG : 09:44:43  ----  Loaded graphics with name 'points/defence' at path 'C:/Users/emil.simon/Documents/NetBeansProjects/Codename_FiteMe/res/grfx/points/defence.png'
LOG : 09:44:43  ----  Loaded graphics with name 'points/divine' at path 'C:/Users/emil.simon/Documents/NetBeansProjects/Codename_FiteMe/res/grfx/points/divine.png'
LOG : 09:44:43  ----  Loaded graphics with name 'points/nature' at path 'C:/Users/emil.simon/Documents/NetBeansProjects/Codename_FiteMe/res/grfx/points/nature.png'
LOG : 09:44:43  ----  Loaded font with name 'djgross' at path 'C:/Users/emil.simon/Documents/NetBeansProjects/Codename_FiteMe/res/fonts/djgross/DJGROSS.ttf'
LOG : 09:44:43  ----  Loaded font with name 'note_this' at path 'C:/Users/emil.simon/Documents/NetBeansProjects/Codename_FiteMe/res/fonts/note_this/note_this.ttf'
LOG : 09:45:36  ----  Starting ...
LOG : 09:45:36  ----  Read settings property 'screen_width' as '1280'
LOG : 09:45:36  ----  Read settings property 'screen_height' as '960'
LOG : 09:45:36  ----  Read settings property 'grfx_path' as 'res/grfx/'
LOG : 09:45:36  ----  Read settings property 'sounds_path' as 'res/sounds/'
LOG : 09:45:36  ----  Loaded graphics with name 'img1' at path 'C:/Users/emil.simon/Documents/NetBeansProjects/Codename_FiteMe/res/grfx/img1.png'
LOG : 09:45:36  ----  Loaded graphics with name 'img2' at path 'C:/Users/emil.simon/Documents/NetBeansProjects/Codename_FiteMe/res/grfx/img2.png'
LOG : 09:45:36  ----  Loaded graphics with name 'cards/testcard' at path 'C:/Users/emil.simon/Documents/NetBeansProjects/Codename_FiteMe/res/grfx/cards/testcard.png'
LOG : 09:45:36  ----  Loaded graphics with name 'damage/arcane' at path 'C:/Users/emil.simon/Documents/NetBeansProjects/Codename_FiteMe/res/grfx/damage/arcane.png'
LOG : 09:45:36  ----  Loaded graphics with name 'damage/cold' at path 'C:/Users/emil.simon/Documents/NetBeansProjects/Codename_FiteMe/res/grfx/damage/cold.png'
LOG : 09:45:36  ----  Loaded graphics with name 'damage/dark' at path 'C:/Users/emil.simon/Documents/NetBeansProjects/Codename_FiteMe/res/grfx/damage/dark.png'
LOG : 09:45:36  ----  Loaded graphics with name 'damage/divine' at path 'C:/Users/emil.simon/Documents/NetBeansProjects/Codename_FiteMe/res/grfx/damage/divine.png'
LOG : 09:45:36  ----  Loaded graphics with name 'damage/electric' at path 'C:/Users/emil.simon/Documents/NetBeansProjects/Codename_FiteMe/res/grfx/damage/electric.png'
LOG : 09:45:36  ----  Loaded graphics with name 'damage/fire' at path 'C:/Users/emil.simon/Documents/NetBeansProjects/Codename_FiteMe/res/grfx/damage/fire.png'
LOG : 09:45:36  ----  Loaded graphics with name 'damage/nature' at path 'C:/Users/emil.simon/Documents/NetBeansProjects/Codename_FiteMe/res/grfx/damage/nature.png'
LOG : 09:45:36  ----  Loaded graphics with name 'damage/physical' at path 'C:/Users/emil.simon/Documents/NetBeansProjects/Codename_FiteMe/res/grfx/damage/physical.png'
LOG : 09:45:36  ----  Loaded graphics with name 'points/agility' at path 'C:/Users/emil.simon/Documents/NetBeansProjects/Codename_FiteMe/res/grfx/points/agility.png'
LOG : 09:45:36  ----  Loaded graphics with name 'points/arcane' at path 'C:/Users/emil.simon/Documents/NetBeansProjects/Codename_FiteMe/res/grfx/points/arcane.png'
LOG : 09:45:36  ----  Loaded graphics with name 'points/attack' at path 'C:/Users/emil.simon/Documents/NetBeansProjects/Codename_FiteMe/res/grfx/points/attack.png'
LOG : 09:45:36  ----  Loaded graphics with name 'points/dark' at path 'C:/Users/emil.simon/Documents/NetBeansProjects/Codename_FiteMe/res/grfx/points/dark.png'
LOG : 09:45:36  ----  Loaded graphics with name 'points/defence' at path 'C:/Users/emil.simon/Documents/NetBeansProjects/Codename_FiteMe/res/grfx/points/defence.png'
LOG : 09:45:36  ----  Loaded graphics with name 'points/divine' at path 'C:/Users/emil.simon/Documents/NetBeansProjects/Codename_FiteMe/res/grfx/points/divine.png'
LOG : 09:45:36  ----  Loaded graphics with name 'points/nature' at path 'C:/Users/emil.simon/Documents/NetBeansProjects/Codename_FiteMe/res/grfx/points/nature.png'
LOG : 09:45:36  ----  Loaded font with name 'djgross' at path 'C:/Users/emil.simon/Documents/NetBeansProjects/Codename_FiteMe/res/fonts/djgross/DJGROSS.ttf'
LOG : 09:45:36  ----  Loaded font with name 'note_this' at path 'C:/Users/emil.simon/Documents/NetBeansProjects/Codename_FiteMe/res/fonts/note_this/note_this.ttf'
LOG : 09:45:57  ----  Starting ...
LOG : 09:45:58  ----  Read settings property 'screen_width' as '1280'
LOG : 09:45:58  ----  Read settings property 'screen_height' as '960'
LOG : 09:45:58  ----  Read settings property 'grfx_path' as 'res/grfx/'
LOG : 09:45:58  ----  Read settings property 'sounds_path' as 'res/sounds/'
LOG : 09:45:58  ----  Loaded graphics with name 'img1' at path 'C:/Users/emil.simon/Documents/NetBeansProjects/Codename_FiteMe/res/grfx/img1.png'
LOG : 09:45:58  ----  Loaded graphics with name 'img2' at path 'C:/Users/emil.simon/Documents/NetBeansProjects/Codename_FiteMe/res/grfx/img2.png'
LOG : 09:45:58  ----  Loaded graphics with name 'cards/testcard' at path 'C:/Users/emil.simon/Documents/NetBeansProjects/Codename_FiteMe/res/grfx/cards/testcard.png'
LOG : 09:45:58  ----  Loaded graphics with name 'damage/arcane' at path 'C:/Users/emil.simon/Documents/NetBeansProjects/Codename_FiteMe/res/grfx/damage/arcane.png'
LOG : 09:45:58  ----  Loaded graphics with name 'damage/cold' at path 'C:/Users/emil.simon/Documents/NetBeansProjects/Codename_FiteMe/res/grfx/damage/cold.png'
LOG : 09:45:58  ----  Loaded graphics with name 'damage/dark' at path 'C:/Users/emil.simon/Documents/NetBeansProjects/Codename_FiteMe/res/grfx/damage/dark.png'
LOG : 09:45:58  ----  Loaded graphics with name 'damage/divine' at path 'C:/Users/emil.simon/Documents/NetBeansProjects/Codename_FiteMe/res/grfx/damage/divine.png'
LOG : 09:45:58  ----  Loaded graphics with name 'damage/electric' at path 'C:/Users/emil.simon/Documents/NetBeansProjects/Codename_FiteMe/res/grfx/damage/electric.png'
LOG : 09:45:58  ----  Loaded graphics with name 'damage/fire' at path 'C:/Users/emil.simon/Documents/NetBeansProjects/Codename_FiteMe/res/grfx/damage/fire.png'
LOG : 09:45:58  ----  Loaded graphics with name 'damage/nature' at path 'C:/Users/emil.simon/Documents/NetBeansProjects/Codename_FiteMe/res/grfx/damage/nature.png'
LOG : 09:45:58  ----  Loaded graphics with name 'damage/physical' at path 'C:/Users/emil.simon/Documents/NetBeansProjects/Codename_FiteMe/res/grfx/damage/physical.png'
LOG : 09:45:58  ----  Loaded graphics with name 'points/agility' at path 'C:/Users/emil.simon/Documents/NetBeansProjects/Codename_FiteMe/res/grfx/points/agility.png'
LOG : 09:45:58  ----  Loaded graphics with name 'points/arcane' at path 'C:/Users/emil.simon/Documents/NetBeansProjects/Codename_FiteMe/res/grfx/points/arcane.png'
LOG : 09:45:58  ----  Loaded graphics with name 'points/attack' at path 'C:/Users/emil.simon/Documents/NetBeansProjects/Codename_FiteMe/res/grfx/points/attack.png'
LOG : 09:45:58  ----  Loaded graphics with name 'points/dark' at path 'C:/Users/emil.simon/Documents/NetBeansProjects/Codename_FiteMe/res/grfx/points/dark.png'
LOG : 09:45:58  ----  Loaded graphics with name 'points/defence' at path 'C:/Users/emil.simon/Documents/NetBeansProjects/Codename_FiteMe/res/grfx/points/defence.png'
LOG : 09:45:58  ----  Loaded graphics with name 'points/divine' at path 'C:/Users/emil.simon/Documents/NetBeansProjects/Codename_FiteMe/res/grfx/points/divine.png'
LOG : 09:45:58  ----  Loaded graphics with name 'points/nature' at path 'C:/Users/emil.simon/Documents/NetBeansProjects/Codename_FiteMe/res/grfx/points/nature.png'
LOG : 09:45:58  ----  Loaded font with name 'djgross' at path 'C:/Users/emil.simon/Documents/NetBeansProjects/Codename_FiteMe/res/fonts/djgross/DJGROSS.ttf'
LOG : 09:45:58  ----  Loaded font with name 'note_this' at path 'C:/Users/emil.simon/Documents/NetBeansProjects/Codename_FiteMe/res/fonts/note_this/note_this.ttf'
