LOG : 09:11:41  ----  Starting ...
LOG : 09:11:41  ----  Read settings property 'screen_width' as '1280'
LOG : 09:11:41  ----  Read settings property 'screen_height' as '960'
LOG : 09:11:41  ----  Read settings property 'grfx_path' as 'res/grfx/'
LOG : 09:11:41  ----  Read settings property 'sounds_path' as 'res/sounds/'
LOG : 09:11:41  ----  Loaded graphics with name 'img1' at path 'C:/Users/emil.simon/Documents/NetBeansProjects/Codename_FiteMe/res/grfx/img1.png'
LOG : 09:11:41  ----  Loaded graphics with name 'img2' at path 'C:/Users/emil.simon/Documents/NetBeansProjects/Codename_FiteMe/res/grfx/img2.png'
LOG : 09:11:41  ----  Loaded graphics with name 'cards/testcard' at path 'C:/Users/emil.simon/Documents/NetBeansProjects/Codename_FiteMe/res/grfx/cards/testcard.png'
LOG : 09:11:42  ----  Loaded graphics with name 'damage/arcane' at path 'C:/Users/emil.simon/Documents/NetBeansProjects/Codename_FiteMe/res/grfx/damage/arcane.png'
LOG : 09:11:42  ----  Loaded graphics with name 'damage/cold' at path 'C:/Users/emil.simon/Documents/NetBeansProjects/Codename_FiteMe/res/grfx/damage/cold.png'
LOG : 09:11:42  ----  Loaded graphics with name 'damage/dark' at path 'C:/Users/emil.simon/Documents/NetBeansProjects/Codename_FiteMe/res/grfx/damage/dark.png'
LOG : 09:11:42  ----  Loaded graphics with name 'damage/divine' at path 'C:/Users/emil.simon/Documents/NetBeansProjects/Codename_FiteMe/res/grfx/damage/divine.png'
LOG : 09:11:42  ----  Loaded graphics with name 'damage/electric' at path 'C:/Users/emil.simon/Documents/NetBeansProjects/Codename_FiteMe/res/grfx/damage/electric.png'
LOG : 09:11:42  ----  Loaded graphics with name 'damage/fire' at path 'C:/Users/emil.simon/Documents/NetBeansProjects/Codename_FiteMe/res/grfx/damage/fire.png'
LOG : 09:11:42  ----  Loaded graphics with name 'damage/nature' at path 'C:/Users/emil.simon/Documents/NetBeansProjects/Codename_FiteMe/res/grfx/damage/nature.png'
LOG : 09:11:42  ----  Loaded graphics with name 'damage/physical' at path 'C:/Users/emil.simon/Documents/NetBeansProjects/Codename_FiteMe/res/grfx/damage/physical.png'
LOG : 09:11:42  ----  Loaded graphics with name 'points/agility' at path 'C:/Users/emil.simon/Documents/NetBeansProjects/Codename_FiteMe/res/grfx/points/agility.png'
LOG : 09:11:42  ----  Loaded graphics with name 'points/arcane' at path 'C:/Users/emil.simon/Documents/NetBeansProjects/Codename_FiteMe/res/grfx/points/arcane.png'
LOG : 09:11:42  ----  Loaded graphics with name 'points/attack' at path 'C:/Users/emil.simon/Documents/NetBeansProjects/Codename_FiteMe/res/grfx/points/attack.png'
LOG : 09:11:42  ----  Loaded graphics with name 'points/dark' at path 'C:/Users/emil.simon/Documents/NetBeansProjects/Codename_FiteMe/res/grfx/points/dark.png'
LOG : 09:11:42  ----  Loaded graphics with name 'points/defence' at path 'C:/Users/emil.simon/Documents/NetBeansProjects/Codename_FiteMe/res/grfx/points/defence.png'
LOG : 09:11:42  ----  Loaded graphics with name 'points/divine' at path 'C:/Users/emil.simon/Documents/NetBeansProjects/Codename_FiteMe/res/grfx/points/divine.png'
LOG : 09:11:42  ----  Loaded graphics with name 'points/nature' at path 'C:/Users/emil.simon/Documents/NetBeansProjects/Codename_FiteMe/res/grfx/points/nature.png'
LOG : 09:11:42  ----  Loaded font with name 'djgross' at path 'C:/Users/emil.simon/Documents/NetBeansProjects/Codename_FiteMe/res/fonts/djgross/DJGROSS.ttf'
LOG : 09:11:42  ----  Loaded font with name 'note_this' at path 'C:/Users/emil.simon/Documents/NetBeansProjects/Codename_FiteMe/res/fonts/note_this/note_this.ttf'
LOG : 09:12:12  ----  Starting ...
LOG : 09:12:12  ----  Read settings property 'screen_width' as '1280'
LOG : 09:12:12  ----  Read settings property 'screen_height' as '960'
LOG : 09:12:12  ----  Read settings property 'grfx_path' as 'res/grfx/'
LOG : 09:12:12  ----  Read settings property 'sounds_path' as 'res/sounds/'
LOG : 09:12:12  ----  Loaded graphics with name 'img1' at path 'C:/Users/emil.simon/Documents/NetBeansProjects/Codename_FiteMe/res/grfx/img1.png'
LOG : 09:12:12  ----  Loaded graphics with name 'img2' at path 'C:/Users/emil.simon/Documents/NetBeansProjects/Codename_FiteMe/res/grfx/img2.png'
LOG : 09:12:12  ----  Loaded graphics with name 'cards/testcard' at path 'C:/Users/emil.simon/Documents/NetBeansProjects/Codename_FiteMe/res/grfx/cards/testcard.png'
LOG : 09:12:12  ----  Loaded graphics with name 'damage/arcane' at path 'C:/Users/emil.simon/Documents/NetBeansProjects/Codename_FiteMe/res/grfx/damage/arcane.png'
LOG : 09:12:12  ----  Loaded graphics with name 'damage/cold' at path 'C:/Users/emil.simon/Documents/NetBeansProjects/Codename_FiteMe/res/grfx/damage/cold.png'
LOG : 09:12:12  ----  Loaded graphics with name 'damage/dark' at path 'C:/Users/emil.simon/Documents/NetBeansProjects/Codename_FiteMe/res/grfx/damage/dark.png'
LOG : 09:12:12  ----  Loaded graphics with name 'damage/divine' at path 'C:/Users/emil.simon/Documents/NetBeansProjects/Codename_FiteMe/res/grfx/damage/divine.png'
LOG : 09:12:12  ----  Loaded graphics with name 'damage/electric' at path 'C:/Users/emil.simon/Documents/NetBeansProjects/Codename_FiteMe/res/grfx/damage/electric.png'
LOG : 09:12:12  ----  Loaded graphics with name 'damage/fire' at path 'C:/Users/emil.simon/Documents/NetBeansProjects/Codename_FiteMe/res/grfx/damage/fire.png'
LOG : 09:12:12  ----  Loaded graphics with name 'damage/nature' at path 'C:/Users/emil.simon/Documents/NetBeansProjects/Codename_FiteMe/res/grfx/damage/nature.png'
LOG : 09:12:12  ----  Loaded graphics with name 'damage/physical' at path 'C:/Users/emil.simon/Documents/NetBeansProjects/Codename_FiteMe/res/grfx/damage/physical.png'
LOG : 09:12:12  ----  Loaded graphics with name 'points/agility' at path 'C:/Users/emil.simon/Documents/NetBeansProjects/Codename_FiteMe/res/grfx/points/agility.png'
LOG : 09:12:12  ----  Loaded graphics with name 'points/arcane' at path 'C:/Users/emil.simon/Documents/NetBeansProjects/Codename_FiteMe/res/grfx/points/arcane.png'
LOG : 09:12:12  ----  Loaded graphics with name 'points/attack' at path 'C:/Users/emil.simon/Documents/NetBeansProjects/Codename_FiteMe/res/grfx/points/attack.png'
LOG : 09:12:12  ----  Loaded graphics with name 'points/dark' at path 'C:/Users/emil.simon/Documents/NetBeansProjects/Codename_FiteMe/res/grfx/points/dark.png'
LOG : 09:12:12  ----  Loaded graphics with name 'points/defence' at path 'C:/Users/emil.simon/Documents/NetBeansProjects/Codename_FiteMe/res/grfx/points/defence.png'
LOG : 09:12:12  ----  Loaded graphics with name 'points/divine' at path 'C:/Users/emil.simon/Documents/NetBeansProjects/Codename_FiteMe/res/grfx/points/divine.png'
LOG : 09:12:12  ----  Loaded graphics with name 'points/nature' at path 'C:/Users/emil.simon/Documents/NetBeansProjects/Codename_FiteMe/res/grfx/points/nature.png'
LOG : 09:12:12  ----  Loaded font with name 'djgross' at path 'C:/Users/emil.simon/Documents/NetBeansProjects/Codename_FiteMe/res/fonts/djgross/DJGROSS.ttf'
LOG : 09:12:12  ----  Loaded font with name 'note_this' at path 'C:/Users/emil.simon/Documents/NetBeansProjects/Codename_FiteMe/res/fonts/note_this/note_this.ttf'
LOG : 09:12:32  ----  Starting ...
LOG : 09:12:32  ----  Read settings property 'screen_width' as '1280'
LOG : 09:12:32  ----  Read settings property 'screen_height' as '960'
LOG : 09:12:32  ----  Read settings property 'grfx_path' as 'res/grfx/'
LOG : 09:12:32  ----  Read settings property 'sounds_path' as 'res/sounds/'
LOG : 09:12:32  ----  Loaded graphics with name 'img1' at path 'C:/Users/emil.simon/Documents/NetBeansProjects/Codename_FiteMe/res/grfx/img1.png'
LOG : 09:12:32  ----  Loaded graphics with name 'img2' at path 'C:/Users/emil.simon/Documents/NetBeansProjects/Codename_FiteMe/res/grfx/img2.png'
LOG : 09:12:32  ----  Loaded graphics with name 'cards/testcard' at path 'C:/Users/emil.simon/Documents/NetBeansProjects/Codename_FiteMe/res/grfx/cards/testcard.png'
LOG : 09:12:32  ----  Loaded graphics with name 'damage/arcane' at path 'C:/Users/emil.simon/Documents/NetBeansProjects/Codename_FiteMe/res/grfx/damage/arcane.png'
LOG : 09:12:33  ----  Loaded graphics with name 'damage/cold' at path 'C:/Users/emil.simon/Documents/NetBeansProjects/Codename_FiteMe/res/grfx/damage/cold.png'
LOG : 09:12:33  ----  Loaded graphics with name 'damage/dark' at path 'C:/Users/emil.simon/Documents/NetBeansProjects/Codename_FiteMe/res/grfx/damage/dark.png'
LOG : 09:12:33  ----  Loaded graphics with name 'damage/divine' at path 'C:/Users/emil.simon/Documents/NetBeansProjects/Codename_FiteMe/res/grfx/damage/divine.png'
LOG : 09:12:33  ----  Loaded graphics with name 'damage/electric' at path 'C:/Users/emil.simon/Documents/NetBeansProjects/Codename_FiteMe/res/grfx/damage/electric.png'
LOG : 09:12:33  ----  Loaded graphics with name 'damage/fire' at path 'C:/Users/emil.simon/Documents/NetBeansProjects/Codename_FiteMe/res/grfx/damage/fire.png'
LOG : 09:12:33  ----  Loaded graphics with name 'damage/nature' at path 'C:/Users/emil.simon/Documents/NetBeansProjects/Codename_FiteMe/res/grfx/damage/nature.png'
LOG : 09:12:33  ----  Loaded graphics with name 'damage/physical' at path 'C:/Users/emil.simon/Documents/NetBeansProjects/Codename_FiteMe/res/grfx/damage/physical.png'
LOG : 09:12:33  ----  Loaded graphics with name 'points/agility' at path 'C:/Users/emil.simon/Documents/NetBeansProjects/Codename_FiteMe/res/grfx/points/agility.png'
LOG : 09:12:33  ----  Loaded graphics with name 'points/arcane' at path 'C:/Users/emil.simon/Documents/NetBeansProjects/Codename_FiteMe/res/grfx/points/arcane.png'
LOG : 09:12:33  ----  Loaded graphics with name 'points/attack' at path 'C:/Users/emil.simon/Documents/NetBeansProjects/Codename_FiteMe/res/grfx/points/attack.png'
LOG : 09:12:33  ----  Loaded graphics with name 'points/dark' at path 'C:/Users/emil.simon/Documents/NetBeansProjects/Codename_FiteMe/res/grfx/points/dark.png'
LOG : 09:12:33  ----  Loaded graphics with name 'points/defence' at path 'C:/Users/emil.simon/Documents/NetBeansProjects/Codename_FiteMe/res/grfx/points/defence.png'
LOG : 09:12:33  ----  Loaded graphics with name 'points/divine' at path 'C:/Users/emil.simon/Documents/NetBeansProjects/Codename_FiteMe/res/grfx/points/divine.png'
LOG : 09:12:33  ----  Loaded graphics with name 'points/nature' at path 'C:/Users/emil.simon/Documents/NetBeansProjects/Codename_FiteMe/res/grfx/points/nature.png'
LOG : 09:12:33  ----  Loaded font with name 'djgross' at path 'C:/Users/emil.simon/Documents/NetBeansProjects/Codename_FiteMe/res/fonts/djgross/DJGROSS.ttf'
LOG : 09:12:33  ----  Loaded font with name 'note_this' at path 'C:/Users/emil.simon/Documents/NetBeansProjects/Codename_FiteMe/res/fonts/note_this/note_this.ttf'
LOG : 09:13:32  ----  Starting ...
LOG : 09:13:33  ----  Read settings property 'screen_width' as '1280'
LOG : 09:13:33  ----  Read settings property 'screen_height' as '960'
LOG : 09:13:33  ----  Read settings property 'grfx_path' as 'res/grfx/'
LOG : 09:13:33  ----  Read settings property 'sounds_path' as 'res/sounds/'
LOG : 09:13:33  ----  Loaded graphics with name 'img1' at path 'C:/Users/emil.simon/Documents/NetBeansProjects/Codename_FiteMe/res/grfx/img1.png'
LOG : 09:13:33  ----  Loaded graphics with name 'img2' at path 'C:/Users/emil.simon/Documents/NetBeansProjects/Codename_FiteMe/res/grfx/img2.png'
LOG : 09:13:33  ----  Loaded graphics with name 'cards/testcard' at path 'C:/Users/emil.simon/Documents/NetBeansProjects/Codename_FiteMe/res/grfx/cards/testcard.png'
LOG : 09:13:33  ----  Loaded graphics with name 'damage/arcane' at path 'C:/Users/emil.simon/Documents/NetBeansProjects/Codename_FiteMe/res/grfx/damage/arcane.png'
LOG : 09:13:33  ----  Loaded graphics with name 'damage/cold' at path 'C:/Users/emil.simon/Documents/NetBeansProjects/Codename_FiteMe/res/grfx/damage/cold.png'
LOG : 09:13:33  ----  Loaded graphics with name 'damage/dark' at path 'C:/Users/emil.simon/Documents/NetBeansProjects/Codename_FiteMe/res/grfx/damage/dark.png'
LOG : 09:13:33  ----  Loaded graphics with name 'damage/divine' at path 'C:/Users/emil.simon/Documents/NetBeansProjects/Codename_FiteMe/res/grfx/damage/divine.png'
LOG : 09:13:33  ----  Loaded graphics with name 'damage/electric' at path 'C:/Users/emil.simon/Documents/NetBeansProjects/Codename_FiteMe/res/grfx/damage/electric.png'
LOG : 09:13:33  ----  Loaded graphics with name 'damage/fire' at path 'C:/Users/emil.simon/Documents/NetBeansProjects/Codename_FiteMe/res/grfx/damage/fire.png'
LOG : 09:13:33  ----  Loaded graphics with name 'damage/nature' at path 'C:/Users/emil.simon/Documents/NetBeansProjects/Codename_FiteMe/res/grfx/damage/nature.png'
LOG : 09:13:33  ----  Loaded graphics with name 'damage/physical' at path 'C:/Users/emil.simon/Documents/NetBeansProjects/Codename_FiteMe/res/grfx/damage/physical.png'
LOG : 09:13:33  ----  Loaded graphics with name 'points/agility' at path 'C:/Users/emil.simon/Documents/NetBeansProjects/Codename_FiteMe/res/grfx/points/agility.png'
LOG : 09:13:33  ----  Loaded graphics with name 'points/arcane' at path 'C:/Users/emil.simon/Documents/NetBeansProjects/Codename_FiteMe/res/grfx/points/arcane.png'
LOG : 09:13:33  ----  Loaded graphics with name 'points/attack' at path 'C:/Users/emil.simon/Documents/NetBeansProjects/Codename_FiteMe/res/grfx/points/attack.png'
LOG : 09:13:33  ----  Loaded graphics with name 'points/dark' at path 'C:/Users/emil.simon/Documents/NetBeansProjects/Codename_FiteMe/res/grfx/points/dark.png'
LOG : 09:13:33  ----  Loaded graphics with name 'points/defence' at path 'C:/Users/emil.simon/Documents/NetBeansProjects/Codename_FiteMe/res/grfx/points/defence.png'
LOG : 09:13:33  ----  Loaded graphics with name 'points/divine' at path 'C:/Users/emil.simon/Documents/NetBeansProjects/Codename_FiteMe/res/grfx/points/divine.png'
LOG : 09:13:33  ----  Loaded graphics with name 'points/nature' at path 'C:/Users/emil.simon/Documents/NetBeansProjects/Codename_FiteMe/res/grfx/points/nature.png'
LOG : 09:13:33  ----  Loaded font with name 'djgross' at path 'C:/Users/emil.simon/Documents/NetBeansProjects/Codename_FiteMe/res/fonts/djgross/DJGROSS.ttf'
LOG : 09:13:33  ----  Loaded font with name 'note_this' at path 'C:/Users/emil.simon/Documents/NetBeansProjects/Codename_FiteMe/res/fonts/note_this/note_this.ttf'
LOG : 09:14:16  ----  Starting ...
LOG : 09:14:17  ----  Read settings property 'screen_width' as '1280'
LOG : 09:14:17  ----  Read settings property 'screen_height' as '960'
LOG : 09:14:17  ----  Read settings property 'grfx_path' as 'res/grfx/'
LOG : 09:14:17  ----  Read settings property 'sounds_path' as 'res/sounds/'
LOG : 09:14:17  ----  Loaded graphics with name 'img1' at path 'C:/Users/emil.simon/Documents/NetBeansProjects/Codename_FiteMe/res/grfx/img1.png'
LOG : 09:14:17  ----  Loaded graphics with name 'img2' at path 'C:/Users/emil.simon/Documents/NetBeansProjects/Codename_FiteMe/res/grfx/img2.png'
LOG : 09:14:17  ----  Loaded graphics with name 'cards/testcard' at path 'C:/Users/emil.simon/Documents/NetBeansProjects/Codename_FiteMe/res/grfx/cards/testcard.png'
LOG : 09:14:17  ----  Loaded graphics with name 'damage/arcane' at path 'C:/Users/emil.simon/Documents/NetBeansProjects/Codename_FiteMe/res/grfx/damage/arcane.png'
LOG : 09:14:17  ----  Loaded graphics with name 'damage/cold' at path 'C:/Users/emil.simon/Documents/NetBeansProjects/Codename_FiteMe/res/grfx/damage/cold.png'
LOG : 09:14:17  ----  Loaded graphics with name 'damage/dark' at path 'C:/Users/emil.simon/Documents/NetBeansProjects/Codename_FiteMe/res/grfx/damage/dark.png'
LOG : 09:14:17  ----  Loaded graphics with name 'damage/divine' at path 'C:/Users/emil.simon/Documents/NetBeansProjects/Codename_FiteMe/res/grfx/damage/divine.png'
LOG : 09:14:17  ----  Loaded graphics with name 'damage/electric' at path 'C:/Users/emil.simon/Documents/NetBeansProjects/Codename_FiteMe/res/grfx/damage/electric.png'
LOG : 09:14:17  ----  Loaded graphics with name 'damage/fire' at path 'C:/Users/emil.simon/Documents/NetBeansProjects/Codename_FiteMe/res/grfx/damage/fire.png'
LOG : 09:14:17  ----  Loaded graphics with name 'damage/nature' at path 'C:/Users/emil.simon/Documents/NetBeansProjects/Codename_FiteMe/res/grfx/damage/nature.png'
LOG : 09:14:17  ----  Loaded graphics with name 'damage/physical' at path 'C:/Users/emil.simon/Documents/NetBeansProjects/Codename_FiteMe/res/grfx/damage/physical.png'
LOG : 09:14:17  ----  Loaded graphics with name 'points/agility' at path 'C:/Users/emil.simon/Documents/NetBeansProjects/Codename_FiteMe/res/grfx/points/agility.png'
LOG : 09:14:17  ----  Loaded graphics with name 'points/arcane' at path 'C:/Users/emil.simon/Documents/NetBeansProjects/Codename_FiteMe/res/grfx/points/arcane.png'
LOG : 09:14:17  ----  Loaded graphics with name 'points/attack' at path 'C:/Users/emil.simon/Documents/NetBeansProjects/Codename_FiteMe/res/grfx/points/attack.png'
LOG : 09:14:17  ----  Loaded graphics with name 'points/dark' at path 'C:/Users/emil.simon/Documents/NetBeansProjects/Codename_FiteMe/res/grfx/points/dark.png'
LOG : 09:14:17  ----  Loaded graphics with name 'points/defence' at path 'C:/Users/emil.simon/Documents/NetBeansProjects/Codename_FiteMe/res/grfx/points/defence.png'
LOG : 09:14:17  ----  Loaded graphics with name 'points/divine' at path 'C:/Users/emil.simon/Documents/NetBeansProjects/Codename_FiteMe/res/grfx/points/divine.png'
LOG : 09:14:17  ----  Loaded graphics with name 'points/nature' at path 'C:/Users/emil.simon/Documents/NetBeansProjects/Codename_FiteMe/res/grfx/points/nature.png'
LOG : 09:14:17  ----  Loaded font with name 'djgross' at path 'C:/Users/emil.simon/Documents/NetBeansProjects/Codename_FiteMe/res/fonts/djgross/DJGROSS.ttf'
LOG : 09:14:17  ----  Loaded font with name 'note_this' at path 'C:/Users/emil.simon/Documents/NetBeansProjects/Codename_FiteMe/res/fonts/note_this/note_this.ttf'
LOG : 09:22:10  ----  Starting ...
LOG : 09:22:11  ----  Read settings property 'screen_width' as '1280'
LOG : 09:22:11  ----  Read settings property 'screen_height' as '960'
LOG : 09:22:11  ----  Read settings property 'grfx_path' as 'res/grfx/'
LOG : 09:22:11  ----  Read settings property 'sounds_path' as 'res/sounds/'
LOG : 09:22:11  ----  Loaded graphics with name 'img1' at path 'C:/Users/emil.simon/Documents/NetBeansProjects/Codename_FiteMe/res/grfx/img1.png'
LOG : 09:22:11  ----  Loaded graphics with name 'img2' at path 'C:/Users/emil.simon/Documents/NetBeansProjects/Codename_FiteMe/res/grfx/img2.png'
LOG : 09:22:11  ----  Loaded graphics with name 'cards/testcard' at path 'C:/Users/emil.simon/Documents/NetBeansProjects/Codename_FiteMe/res/grfx/cards/testcard.png'
LOG : 09:22:11  ----  Loaded graphics with name 'damage/arcane' at path 'C:/Users/emil.simon/Documents/NetBeansProjects/Codename_FiteMe/res/grfx/damage/arcane.png'
LOG : 09:22:11  ----  Loaded graphics with name 'damage/cold' at path 'C:/Users/emil.simon/Documents/NetBeansProjects/Codename_FiteMe/res/grfx/damage/cold.png'
LOG : 09:22:11  ----  Loaded graphics with name 'damage/dark' at path 'C:/Users/emil.simon/Documents/NetBeansProjects/Codename_FiteMe/res/grfx/damage/dark.png'
LOG : 09:22:11  ----  Loaded graphics with name 'damage/divine' at path 'C:/Users/emil.simon/Documents/NetBeansProjects/Codename_FiteMe/res/grfx/damage/divine.png'
LOG : 09:22:11  ----  Loaded graphics with name 'damage/electric' at path 'C:/Users/emil.simon/Documents/NetBeansProjects/Codename_FiteMe/res/grfx/damage/electric.png'
LOG : 09:22:11  ----  Loaded graphics with name 'damage/fire' at path 'C:/Users/emil.simon/Documents/NetBeansProjects/Codename_FiteMe/res/grfx/damage/fire.png'
LOG : 09:22:11  ----  Loaded graphics with name 'damage/nature' at path 'C:/Users/emil.simon/Documents/NetBeansProjects/Codename_FiteMe/res/grfx/damage/nature.png'
LOG : 09:22:11  ----  Loaded graphics with name 'damage/physical' at path 'C:/Users/emil.simon/Documents/NetBeansProjects/Codename_FiteMe/res/grfx/damage/physical.png'
LOG : 09:22:11  ----  Loaded graphics with name 'points/agility' at path 'C:/Users/emil.simon/Documents/NetBeansProjects/Codename_FiteMe/res/grfx/points/agility.png'
LOG : 09:22:11  ----  Loaded graphics with name 'points/arcane' at path 'C:/Users/emil.simon/Documents/NetBeansProjects/Codename_FiteMe/res/grfx/points/arcane.png'
LOG : 09:22:11  ----  Loaded graphics with name 'points/attack' at path 'C:/Users/emil.simon/Documents/NetBeansProjects/Codename_FiteMe/res/grfx/points/attack.png'
LOG : 09:22:11  ----  Loaded graphics with name 'points/dark' at path 'C:/Users/emil.simon/Documents/NetBeansProjects/Codename_FiteMe/res/grfx/points/dark.png'
LOG : 09:22:11  ----  Loaded graphics with name 'points/defence' at path 'C:/Users/emil.simon/Documents/NetBeansProjects/Codename_FiteMe/res/grfx/points/defence.png'
LOG : 09:22:11  ----  Loaded graphics with name 'points/divine' at path 'C:/Users/emil.simon/Documents/NetBeansProjects/Codename_FiteMe/res/grfx/points/divine.png'
LOG : 09:22:11  ----  Loaded graphics with name 'points/nature' at path 'C:/Users/emil.simon/Documents/NetBeansProjects/Codename_FiteMe/res/grfx/points/nature.png'
LOG : 09:22:11  ----  Loaded font with name 'djgross' at path 'C:/Users/emil.simon/Documents/NetBeansProjects/Codename_FiteMe/res/fonts/djgross/DJGROSS.ttf'
LOG : 09:22:11  ----  Loaded font with name 'note_this' at path 'C:/Users/emil.simon/Documents/NetBeansProjects/Codename_FiteMe/res/fonts/note_this/note_this.ttf'
LOG : 09:22:26  ----  Starting ...
LOG : 09:22:26  ----  Read settings property 'screen_width' as '1280'
LOG : 09:22:26  ----  Read settings property 'screen_height' as '960'
LOG : 09:22:26  ----  Read settings property 'grfx_path' as 'res/grfx/'
LOG : 09:22:26  ----  Read settings property 'sounds_path' as 'res/sounds/'
LOG : 09:22:26  ----  Loaded graphics with name 'img1' at path 'C:/Users/emil.simon/Documents/NetBeansProjects/Codename_FiteMe/res/grfx/img1.png'
LOG : 09:22:26  ----  Loaded graphics with name 'img2' at path 'C:/Users/emil.simon/Documents/NetBeansProjects/Codename_FiteMe/res/grfx/img2.png'
LOG : 09:22:26  ----  Loaded graphics with name 'cards/testcard' at path 'C:/Users/emil.simon/Documents/NetBeansProjects/Codename_FiteMe/res/grfx/cards/testcard.png'
LOG : 09:22:26  ----  Loaded graphics with name 'damage/arcane' at path 'C:/Users/emil.simon/Documents/NetBeansProjects/Codename_FiteMe/res/grfx/damage/arcane.png'
LOG : 09:22:26  ----  Loaded graphics with name 'damage/cold' at path 'C:/Users/emil.simon/Documents/NetBeansProjects/Codename_FiteMe/res/grfx/damage/cold.png'
LOG : 09:22:26  ----  Loaded graphics with name 'damage/dark' at path 'C:/Users/emil.simon/Documents/NetBeansProjects/Codename_FiteMe/res/grfx/damage/dark.png'
LOG : 09:22:26  ----  Loaded graphics with name 'damage/divine' at path 'C:/Users/emil.simon/Documents/NetBeansProjects/Codename_FiteMe/res/grfx/damage/divine.png'
LOG : 09:22:26  ----  Loaded graphics with name 'damage/electric' at path 'C:/Users/emil.simon/Documents/NetBeansProjects/Codename_FiteMe/res/grfx/damage/electric.png'
LOG : 09:22:26  ----  Loaded graphics with name 'damage/fire' at path 'C:/Users/emil.simon/Documents/NetBeansProjects/Codename_FiteMe/res/grfx/damage/fire.png'
LOG : 09:22:26  ----  Loaded graphics with name 'damage/nature' at path 'C:/Users/emil.simon/Documents/NetBeansProjects/Codename_FiteMe/res/grfx/damage/nature.png'
LOG : 09:22:26  ----  Loaded graphics with name 'damage/physical' at path 'C:/Users/emil.simon/Documents/NetBeansProjects/Codename_FiteMe/res/grfx/damage/physical.png'
LOG : 09:22:26  ----  Loaded graphics with name 'points/agility' at path 'C:/Users/emil.simon/Documents/NetBeansProjects/Codename_FiteMe/res/grfx/points/agility.png'
LOG : 09:22:26  ----  Loaded graphics with name 'points/arcane' at path 'C:/Users/emil.simon/Documents/NetBeansProjects/Codename_FiteMe/res/grfx/points/arcane.png'
LOG : 09:22:26  ----  Loaded graphics with name 'points/attack' at path 'C:/Users/emil.simon/Documents/NetBeansProjects/Codename_FiteMe/res/grfx/points/attack.png'
LOG : 09:22:26  ----  Loaded graphics with name 'points/dark' at path 'C:/Users/emil.simon/Documents/NetBeansProjects/Codename_FiteMe/res/grfx/points/dark.png'
LOG : 09:22:26  ----  Loaded graphics with name 'points/defence' at path 'C:/Users/emil.simon/Documents/NetBeansProjects/Codename_FiteMe/res/grfx/points/defence.png'
LOG : 09:22:26  ----  Loaded graphics with name 'points/divine' at path 'C:/Users/emil.simon/Documents/NetBeansProjects/Codename_FiteMe/res/grfx/points/divine.png'
LOG : 09:22:26  ----  Loaded graphics with name 'points/nature' at path 'C:/Users/emil.simon/Documents/NetBeansProjects/Codename_FiteMe/res/grfx/points/nature.png'
LOG : 09:22:27  ----  Loaded font with name 'djgross' at path 'C:/Users/emil.simon/Documents/NetBeansProjects/Codename_FiteMe/res/fonts/djgross/DJGROSS.ttf'
LOG : 09:22:27  ----  Loaded font with name 'note_this' at path 'C:/Users/emil.simon/Documents/NetBeansProjects/Codename_FiteMe/res/fonts/note_this/note_this.ttf'
LOG : 15:08:33  ----  Starting ...
LOG : 15:08:34  ----  Read settings property 'screen_width' as '1280'
LOG : 15:08:34  ----  Read settings property 'screen_height' as '960'
LOG : 15:08:34  ----  Read settings property 'grfx_path' as 'res/grfx/'
LOG : 15:08:34  ----  Read settings property 'sounds_path' as 'res/sounds/'
LOG : 15:08:34  ----  Loaded graphics with name 'img1' at path 'C:/Users/emil.simon/Documents/NetBeansProjects/Codename_FiteMe/res/grfx/img1.png'
LOG : 15:08:34  ----  Loaded graphics with name 'img2' at path 'C:/Users/emil.simon/Documents/NetBeansProjects/Codename_FiteMe/res/grfx/img2.png'
LOG : 15:08:34  ----  Loaded graphics with name 'cards/testcard' at path 'C:/Users/emil.simon/Documents/NetBeansProjects/Codename_FiteMe/res/grfx/cards/testcard.png'
LOG : 15:08:34  ----  Loaded graphics with name 'damage/arcane' at path 'C:/Users/emil.simon/Documents/NetBeansProjects/Codename_FiteMe/res/grfx/damage/arcane.png'
LOG : 15:08:34  ----  Loaded graphics with name 'damage/cold' at path 'C:/Users/emil.simon/Documents/NetBeansProjects/Codename_FiteMe/res/grfx/damage/cold.png'
LOG : 15:08:34  ----  Loaded graphics with name 'damage/dark' at path 'C:/Users/emil.simon/Documents/NetBeansProjects/Codename_FiteMe/res/grfx/damage/dark.png'
LOG : 15:08:34  ----  Loaded graphics with name 'damage/divine' at path 'C:/Users/emil.simon/Documents/NetBeansProjects/Codename_FiteMe/res/grfx/damage/divine.png'
LOG : 15:08:34  ----  Loaded graphics with name 'damage/electric' at path 'C:/Users/emil.simon/Documents/NetBeansProjects/Codename_FiteMe/res/grfx/damage/electric.png'
LOG : 15:08:34  ----  Loaded graphics with name 'damage/fire' at path 'C:/Users/emil.simon/Documents/NetBeansProjects/Codename_FiteMe/res/grfx/damage/fire.png'
LOG : 15:08:34  ----  Loaded graphics with name 'damage/nature' at path 'C:/Users/emil.simon/Documents/NetBeansProjects/Codename_FiteMe/res/grfx/damage/nature.png'
LOG : 15:08:34  ----  Loaded graphics with name 'damage/physical' at path 'C:/Users/emil.simon/Documents/NetBeansProjects/Codename_FiteMe/res/grfx/damage/physical.png'
LOG : 15:08:34  ----  Loaded graphics with name 'points/agility' at path 'C:/Users/emil.simon/Documents/NetBeansProjects/Codename_FiteMe/res/grfx/points/agility.png'
LOG : 15:08:34  ----  Loaded graphics with name 'points/arcane' at path 'C:/Users/emil.simon/Documents/NetBeansProjects/Codename_FiteMe/res/grfx/points/arcane.png'
LOG : 15:08:34  ----  Loaded graphics with name 'points/attack' at path 'C:/Users/emil.simon/Documents/NetBeansProjects/Codename_FiteMe/res/grfx/points/attack.png'
LOG : 15:08:34  ----  Loaded graphics with name 'points/dark' at path 'C:/Users/emil.simon/Documents/NetBeansProjects/Codename_FiteMe/res/grfx/points/dark.png'
LOG : 15:08:34  ----  Loaded graphics with name 'points/defence' at path 'C:/Users/emil.simon/Documents/NetBeansProjects/Codename_FiteMe/res/grfx/points/defence.png'
LOG : 15:08:34  ----  Loaded graphics with name 'points/divine' at path 'C:/Users/emil.simon/Documents/NetBeansProjects/Codename_FiteMe/res/grfx/points/divine.png'
LOG : 15:08:34  ----  Loaded graphics with name 'points/nature' at path 'C:/Users/emil.simon/Documents/NetBeansProjects/Codename_FiteMe/res/grfx/points/nature.png'
LOG : 15:08:34  ----  Loaded font with name 'djgross' at path 'C:/Users/emil.simon/Documents/NetBeansProjects/Codename_FiteMe/res/fonts/djgross/DJGROSS.ttf'
LOG : 15:08:34  ----  Loaded font with name 'note_this' at path 'C:/Users/emil.simon/Documents/NetBeansProjects/Codename_FiteMe/res/fonts/note_this/note_this.ttf'
LOG : 15:09:08  ----  Starting ...
LOG : 15:09:08  ----  Read settings property 'screen_width' as '1280'
LOG : 15:09:08  ----  Read settings property 'screen_height' as '960'
LOG : 15:09:08  ----  Read settings property 'grfx_path' as 'res/grfx/'
LOG : 15:09:08  ----  Read settings property 'sounds_path' as 'res/sounds/'
LOG : 15:09:08  ----  Loaded graphics with name 'img1' at path 'C:/Users/emil.simon/Documents/NetBeansProjects/Codename_FiteMe/res/grfx/img1.png'
LOG : 15:09:08  ----  Loaded graphics with name 'img2' at path 'C:/Users/emil.simon/Documents/NetBeansProjects/Codename_FiteMe/res/grfx/img2.png'
LOG : 15:09:08  ----  Loaded graphics with name 'cards/testcard' at path 'C:/Users/emil.simon/Documents/NetBeansProjects/Codename_FiteMe/res/grfx/cards/testcard.png'
LOG : 15:09:08  ----  Loaded graphics with name 'damage/arcane' at path 'C:/Users/emil.simon/Documents/NetBeansProjects/Codename_FiteMe/res/grfx/damage/arcane.png'
LOG : 15:09:08  ----  Loaded graphics with name 'damage/cold' at path 'C:/Users/emil.simon/Documents/NetBeansProjects/Codename_FiteMe/res/grfx/damage/cold.png'
LOG : 15:09:08  ----  Loaded graphics with name 'damage/dark' at path 'C:/Users/emil.simon/Documents/NetBeansProjects/Codename_FiteMe/res/grfx/damage/dark.png'
LOG : 15:09:08  ----  Loaded graphics with name 'damage/divine' at path 'C:/Users/emil.simon/Documents/NetBeansProjects/Codename_FiteMe/res/grfx/damage/divine.png'
LOG : 15:09:08  ----  Loaded graphics with name 'damage/electric' at path 'C:/Users/emil.simon/Documents/NetBeansProjects/Codename_FiteMe/res/grfx/damage/electric.png'
LOG : 15:09:08  ----  Loaded graphics with name 'damage/fire' at path 'C:/Users/emil.simon/Documents/NetBeansProjects/Codename_FiteMe/res/grfx/damage/fire.png'
LOG : 15:09:08  ----  Loaded graphics with name 'damage/nature' at path 'C:/Users/emil.simon/Documents/NetBeansProjects/Codename_FiteMe/res/grfx/damage/nature.png'
LOG : 15:09:08  ----  Loaded graphics with name 'damage/physical' at path 'C:/Users/emil.simon/Documents/NetBeansProjects/Codename_FiteMe/res/grfx/damage/physical.png'
LOG : 15:09:08  ----  Loaded graphics with name 'points/agility' at path 'C:/Users/emil.simon/Documents/NetBeansProjects/Codename_FiteMe/res/grfx/points/agility.png'
LOG : 15:09:08  ----  Loaded graphics with name 'points/arcane' at path 'C:/Users/emil.simon/Documents/NetBeansProjects/Codename_FiteMe/res/grfx/points/arcane.png'
LOG : 15:09:08  ----  Loaded graphics with name 'points/attack' at path 'C:/Users/emil.simon/Documents/NetBeansProjects/Codename_FiteMe/res/grfx/points/attack.png'
LOG : 15:09:08  ----  Loaded graphics with name 'points/dark' at path 'C:/Users/emil.simon/Documents/NetBeansProjects/Codename_FiteMe/res/grfx/points/dark.png'
LOG : 15:09:08  ----  Loaded graphics with name 'points/defence' at path 'C:/Users/emil.simon/Documents/NetBeansProjects/Codename_FiteMe/res/grfx/points/defence.png'
LOG : 15:09:08  ----  Loaded graphics with name 'points/divine' at path 'C:/Users/emil.simon/Documents/NetBeansProjects/Codename_FiteMe/res/grfx/points/divine.png'
LOG : 15:09:08  ----  Loaded graphics with name 'points/nature' at path 'C:/Users/emil.simon/Documents/NetBeansProjects/Codename_FiteMe/res/grfx/points/nature.png'
LOG : 15:09:08  ----  Loaded font with name 'djgross' at path 'C:/Users/emil.simon/Documents/NetBeansProjects/Codename_FiteMe/res/fonts/djgross/DJGROSS.ttf'
LOG : 15:09:08  ----  Loaded font with name 'note_this' at path 'C:/Users/emil.simon/Documents/NetBeansProjects/Codename_FiteMe/res/fonts/note_this/note_this.ttf'
LOG : 15:09:29  ----  Starting ...
LOG : 15:09:29  ----  Read settings property 'screen_width' as '1280'
LOG : 15:09:29  ----  Read settings property 'screen_height' as '960'
LOG : 15:09:29  ----  Read settings property 'grfx_path' as 'res/grfx/'
LOG : 15:09:29  ----  Read settings property 'sounds_path' as 'res/sounds/'
LOG : 15:09:29  ----  Loaded graphics with name 'img1' at path 'C:/Users/emil.simon/Documents/NetBeansProjects/Codename_FiteMe/res/grfx/img1.png'
LOG : 15:09:29  ----  Loaded graphics with name 'img2' at path 'C:/Users/emil.simon/Documents/NetBeansProjects/Codename_FiteMe/res/grfx/img2.png'
LOG : 15:09:29  ----  Loaded graphics with name 'cards/testcard' at path 'C:/Users/emil.simon/Documents/NetBeansProjects/Codename_FiteMe/res/grfx/cards/testcard.png'
LOG : 15:09:29  ----  Loaded graphics with name 'damage/arcane' at path 'C:/Users/emil.simon/Documents/NetBeansProjects/Codename_FiteMe/res/grfx/damage/arcane.png'
LOG : 15:09:29  ----  Loaded graphics with name 'damage/cold' at path 'C:/Users/emil.simon/Documents/NetBeansProjects/Codename_FiteMe/res/grfx/damage/cold.png'
LOG : 15:09:29  ----  Loaded graphics with name 'damage/dark' at path 'C:/Users/emil.simon/Documents/NetBeansProjects/Codename_FiteMe/res/grfx/damage/dark.png'
LOG : 15:09:29  ----  Loaded graphics with name 'damage/divine' at path 'C:/Users/emil.simon/Documents/NetBeansProjects/Codename_FiteMe/res/grfx/damage/divine.png'
LOG : 15:09:29  ----  Loaded graphics with name 'damage/electric' at path 'C:/Users/emil.simon/Documents/NetBeansProjects/Codename_FiteMe/res/grfx/damage/electric.png'
LOG : 15:09:29  ----  Loaded graphics with name 'damage/fire' at path 'C:/Users/emil.simon/Documents/NetBeansProjects/Codename_FiteMe/res/grfx/damage/fire.png'
LOG : 15:09:29  ----  Loaded graphics with name 'damage/nature' at path 'C:/Users/emil.simon/Documents/NetBeansProjects/Codename_FiteMe/res/grfx/damage/nature.png'
LOG : 15:09:30  ----  Loaded graphics with name 'damage/physical' at path 'C:/Users/emil.simon/Documents/NetBeansProjects/Codename_FiteMe/res/grfx/damage/physical.png'
LOG : 15:09:30  ----  Loaded graphics with name 'points/agility' at path 'C:/Users/emil.simon/Documents/NetBeansProjects/Codename_FiteMe/res/grfx/points/agility.png'
LOG : 15:09:30  ----  Loaded graphics with name 'points/arcane' at path 'C:/Users/emil.simon/Documents/NetBeansProjects/Codename_FiteMe/res/grfx/points/arcane.png'
LOG : 15:09:30  ----  Loaded graphics with name 'points/attack' at path 'C:/Users/emil.simon/Documents/NetBeansProjects/Codename_FiteMe/res/grfx/points/attack.png'
LOG : 15:09:30  ----  Loaded graphics with name 'points/dark' at path 'C:/Users/emil.simon/Documents/NetBeansProjects/Codename_FiteMe/res/grfx/points/dark.png'
LOG : 15:09:30  ----  Loaded graphics with name 'points/defence' at path 'C:/Users/emil.simon/Documents/NetBeansProjects/Codename_FiteMe/res/grfx/points/defence.png'
LOG : 15:09:30  ----  Loaded graphics with name 'points/divine' at path 'C:/Users/emil.simon/Documents/NetBeansProjects/Codename_FiteMe/res/grfx/points/divine.png'
LOG : 15:09:30  ----  Loaded graphics with name 'points/nature' at path 'C:/Users/emil.simon/Documents/NetBeansProjects/Codename_FiteMe/res/grfx/points/nature.png'
LOG : 15:09:30  ----  Loaded font with name 'djgross' at path 'C:/Users/emil.simon/Documents/NetBeansProjects/Codename_FiteMe/res/fonts/djgross/DJGROSS.ttf'
LOG : 15:09:30  ----  Loaded font with name 'note_this' at path 'C:/Users/emil.simon/Documents/NetBeansProjects/Codename_FiteMe/res/fonts/note_this/note_this.ttf'
