LOG : 01:18:54  ----  Starting ...
LOG : 01:18:55  ----  Read settings property 'screen_width' as '1280'
LOG : 01:18:55  ----  Read settings property 'screen_height' as '960'
LOG : 01:18:55  ----  Read settings property 'grfx_path' as 'res/grfx/'
LOG : 01:18:55  ----  Read settings property 'sounds_path' as 'res/sounds/'
LOG : 01:18:55  ----  Loaded graphics with name 'img1' at path 'C:/Users/XyRoN/Documents/NetBeansProjects/Codename_FiteMe/res/grfx/img1.png'
LOG : 01:18:55  ----  Loaded graphics with name 'img2' at path 'C:/Users/XyRoN/Documents/NetBeansProjects/Codename_FiteMe/res/grfx/img2.png'
LOG : 01:18:55  ----  Loaded graphics with name 'cards/card_back' at path 'C:/Users/XyRoN/Documents/NetBeansProjects/Codename_FiteMe/res/grfx/cards/card_back.png'
LOG : 01:18:55  ----  Loaded graphics with name 'cards/card_back_shadow' at path 'C:/Users/XyRoN/Documents/NetBeansProjects/Codename_FiteMe/res/grfx/cards/card_back_shadow.png'
LOG : 01:18:55  ----  Loaded graphics with name 'cards/testcard' at path 'C:/Users/XyRoN/Documents/NetBeansProjects/Codename_FiteMe/res/grfx/cards/testcard.png'
LOG : 01:18:55  ----  Loaded graphics with name 'damage/arcane' at path 'C:/Users/XyRoN/Documents/NetBeansProjects/Codename_FiteMe/res/grfx/damage/arcane.png'
LOG : 01:18:55  ----  Loaded graphics with name 'damage/cold' at path 'C:/Users/XyRoN/Documents/NetBeansProjects/Codename_FiteMe/res/grfx/damage/cold.png'
LOG : 01:18:55  ----  Loaded graphics with name 'damage/dark' at path 'C:/Users/XyRoN/Documents/NetBeansProjects/Codename_FiteMe/res/grfx/damage/dark.png'
LOG : 01:18:55  ----  Loaded graphics with name 'damage/divine' at path 'C:/Users/XyRoN/Documents/NetBeansProjects/Codename_FiteMe/res/grfx/damage/divine.png'
LOG : 01:18:55  ----  Loaded graphics with name 'damage/electric' at path 'C:/Users/XyRoN/Documents/NetBeansProjects/Codename_FiteMe/res/grfx/damage/electric.png'
LOG : 01:18:55  ----  Loaded graphics with name 'damage/fire' at path 'C:/Users/XyRoN/Documents/NetBeansProjects/Codename_FiteMe/res/grfx/damage/fire.png'
LOG : 01:18:55  ----  Loaded graphics with name 'damage/nature' at path 'C:/Users/XyRoN/Documents/NetBeansProjects/Codename_FiteMe/res/grfx/damage/nature.png'
LOG : 01:18:55  ----  Loaded graphics with name 'damage/physical' at path 'C:/Users/XyRoN/Documents/NetBeansProjects/Codename_FiteMe/res/grfx/damage/physical.png'
LOG : 01:18:55  ----  Loaded graphics with name 'points/agility' at path 'C:/Users/XyRoN/Documents/NetBeansProjects/Codename_FiteMe/res/grfx/points/agility.png'
LOG : 01:18:55  ----  Loaded graphics with name 'points/arcane' at path 'C:/Users/XyRoN/Documents/NetBeansProjects/Codename_FiteMe/res/grfx/points/arcane.png'
LOG : 01:18:55  ----  Loaded graphics with name 'points/attack' at path 'C:/Users/XyRoN/Documents/NetBeansProjects/Codename_FiteMe/res/grfx/points/attack.png'
LOG : 01:18:55  ----  Loaded graphics with name 'points/dark' at path 'C:/Users/XyRoN/Documents/NetBeansProjects/Codename_FiteMe/res/grfx/points/dark.png'
LOG : 01:18:55  ----  Loaded graphics with name 'points/defence' at path 'C:/Users/XyRoN/Documents/NetBeansProjects/Codename_FiteMe/res/grfx/points/defence.png'
LOG : 01:18:55  ----  Loaded graphics with name 'points/divine' at path 'C:/Users/XyRoN/Documents/NetBeansProjects/Codename_FiteMe/res/grfx/points/divine.png'
LOG : 01:18:55  ----  Loaded graphics with name 'points/nature' at path 'C:/Users/XyRoN/Documents/NetBeansProjects/Codename_FiteMe/res/grfx/points/nature.png'
LOG : 01:18:55  ----  Loaded graphics with name 'ui/end_turn' at path 'C:/Users/XyRoN/Documents/NetBeansProjects/Codename_FiteMe/res/grfx/ui/end_turn.png'
LOG : 01:18:55  ----  Loaded graphics with name 'ui/end_turn_disabled' at path 'C:/Users/XyRoN/Documents/NetBeansProjects/Codename_FiteMe/res/grfx/ui/end_turn_disabled.png'
LOG : 01:18:55  ----  Loaded font with name 'djgross' at path 'C:/Users/XyRoN/Documents/NetBeansProjects/Codename_FiteMe/res/fonts/djgross/DJGROSS.ttf'
LOG : 01:18:55  ----  Loaded font with name 'note_this' at path 'C:/Users/XyRoN/Documents/NetBeansProjects/Codename_FiteMe/res/fonts/note_this/note_this.ttf'
ERR : 01:18:55  ----  Missing card pack resource dump folder at 'res/data/card_packs/'...
LOG : 01:19:08  ----  Starting ...
LOG : 01:19:09  ----  Read settings property 'screen_width' as '1280'
LOG : 01:19:09  ----  Read settings property 'screen_height' as '960'
LOG : 01:19:09  ----  Read settings property 'grfx_path' as 'res/grfx/'
LOG : 01:19:09  ----  Read settings property 'sounds_path' as 'res/sounds/'
LOG : 01:19:09  ----  Loaded graphics with name 'img1' at path 'C:/Users/XyRoN/Documents/NetBeansProjects/Codename_FiteMe/res/grfx/img1.png'
LOG : 01:19:09  ----  Loaded graphics with name 'img2' at path 'C:/Users/XyRoN/Documents/NetBeansProjects/Codename_FiteMe/res/grfx/img2.png'
LOG : 01:19:09  ----  Loaded graphics with name 'cards/card_back' at path 'C:/Users/XyRoN/Documents/NetBeansProjects/Codename_FiteMe/res/grfx/cards/card_back.png'
LOG : 01:19:09  ----  Loaded graphics with name 'cards/card_back_shadow' at path 'C:/Users/XyRoN/Documents/NetBeansProjects/Codename_FiteMe/res/grfx/cards/card_back_shadow.png'
LOG : 01:19:09  ----  Loaded graphics with name 'cards/testcard' at path 'C:/Users/XyRoN/Documents/NetBeansProjects/Codename_FiteMe/res/grfx/cards/testcard.png'
LOG : 01:19:09  ----  Loaded graphics with name 'damage/arcane' at path 'C:/Users/XyRoN/Documents/NetBeansProjects/Codename_FiteMe/res/grfx/damage/arcane.png'
LOG : 01:19:09  ----  Loaded graphics with name 'damage/cold' at path 'C:/Users/XyRoN/Documents/NetBeansProjects/Codename_FiteMe/res/grfx/damage/cold.png'
LOG : 01:19:09  ----  Loaded graphics with name 'damage/dark' at path 'C:/Users/XyRoN/Documents/NetBeansProjects/Codename_FiteMe/res/grfx/damage/dark.png'
LOG : 01:19:09  ----  Loaded graphics with name 'damage/divine' at path 'C:/Users/XyRoN/Documents/NetBeansProjects/Codename_FiteMe/res/grfx/damage/divine.png'
LOG : 01:19:09  ----  Loaded graphics with name 'damage/electric' at path 'C:/Users/XyRoN/Documents/NetBeansProjects/Codename_FiteMe/res/grfx/damage/electric.png'
LOG : 01:19:09  ----  Loaded graphics with name 'damage/fire' at path 'C:/Users/XyRoN/Documents/NetBeansProjects/Codename_FiteMe/res/grfx/damage/fire.png'
LOG : 01:19:09  ----  Loaded graphics with name 'damage/nature' at path 'C:/Users/XyRoN/Documents/NetBeansProjects/Codename_FiteMe/res/grfx/damage/nature.png'
LOG : 01:19:09  ----  Loaded graphics with name 'damage/physical' at path 'C:/Users/XyRoN/Documents/NetBeansProjects/Codename_FiteMe/res/grfx/damage/physical.png'
LOG : 01:19:09  ----  Loaded graphics with name 'points/agility' at path 'C:/Users/XyRoN/Documents/NetBeansProjects/Codename_FiteMe/res/grfx/points/agility.png'
LOG : 01:19:09  ----  Loaded graphics with name 'points/arcane' at path 'C:/Users/XyRoN/Documents/NetBeansProjects/Codename_FiteMe/res/grfx/points/arcane.png'
LOG : 01:19:09  ----  Loaded graphics with name 'points/attack' at path 'C:/Users/XyRoN/Documents/NetBeansProjects/Codename_FiteMe/res/grfx/points/attack.png'
LOG : 01:19:09  ----  Loaded graphics with name 'points/dark' at path 'C:/Users/XyRoN/Documents/NetBeansProjects/Codename_FiteMe/res/grfx/points/dark.png'
LOG : 01:19:09  ----  Loaded graphics with name 'points/defence' at path 'C:/Users/XyRoN/Documents/NetBeansProjects/Codename_FiteMe/res/grfx/points/defence.png'
LOG : 01:19:09  ----  Loaded graphics with name 'points/divine' at path 'C:/Users/XyRoN/Documents/NetBeansProjects/Codename_FiteMe/res/grfx/points/divine.png'
LOG : 01:19:09  ----  Loaded graphics with name 'points/nature' at path 'C:/Users/XyRoN/Documents/NetBeansProjects/Codename_FiteMe/res/grfx/points/nature.png'
LOG : 01:19:09  ----  Loaded graphics with name 'ui/end_turn' at path 'C:/Users/XyRoN/Documents/NetBeansProjects/Codename_FiteMe/res/grfx/ui/end_turn.png'
LOG : 01:19:09  ----  Loaded graphics with name 'ui/end_turn_disabled' at path 'C:/Users/XyRoN/Documents/NetBeansProjects/Codename_FiteMe/res/grfx/ui/end_turn_disabled.png'
LOG : 01:19:09  ----  Loaded font with name 'djgross' at path 'C:/Users/XyRoN/Documents/NetBeansProjects/Codename_FiteMe/res/fonts/djgross/DJGROSS.ttf'
LOG : 01:19:09  ----  Loaded font with name 'note_this' at path 'C:/Users/XyRoN/Documents/NetBeansProjects/Codename_FiteMe/res/fonts/note_this/note_this.ttf'
ERR : 01:19:09  ----  Missing card pack resource dump folder at 'res/data/card_packs/'...
LOG : 01:20:31  ----  Starting ...
LOG : 01:20:32  ----  Read settings property 'screen_width' as '1280'
LOG : 01:20:32  ----  Read settings property 'screen_height' as '960'
LOG : 01:20:32  ----  Read settings property 'grfx_path' as 'res/grfx/'
LOG : 01:20:32  ----  Read settings property 'sounds_path' as 'res/sounds/'
LOG : 01:20:32  ----  Loaded graphics with name 'img1' at path 'C:/Users/XyRoN/Documents/NetBeansProjects/Codename_FiteMe/res/grfx/img1.png'
LOG : 01:20:32  ----  Loaded graphics with name 'img2' at path 'C:/Users/XyRoN/Documents/NetBeansProjects/Codename_FiteMe/res/grfx/img2.png'
LOG : 01:20:32  ----  Loaded graphics with name 'cards/card_back' at path 'C:/Users/XyRoN/Documents/NetBeansProjects/Codename_FiteMe/res/grfx/cards/card_back.png'
LOG : 01:20:32  ----  Loaded graphics with name 'cards/card_back_shadow' at path 'C:/Users/XyRoN/Documents/NetBeansProjects/Codename_FiteMe/res/grfx/cards/card_back_shadow.png'
LOG : 01:20:32  ----  Loaded graphics with name 'cards/testcard' at path 'C:/Users/XyRoN/Documents/NetBeansProjects/Codename_FiteMe/res/grfx/cards/testcard.png'
LOG : 01:20:32  ----  Loaded graphics with name 'damage/arcane' at path 'C:/Users/XyRoN/Documents/NetBeansProjects/Codename_FiteMe/res/grfx/damage/arcane.png'
LOG : 01:20:32  ----  Loaded graphics with name 'damage/cold' at path 'C:/Users/XyRoN/Documents/NetBeansProjects/Codename_FiteMe/res/grfx/damage/cold.png'
LOG : 01:20:32  ----  Loaded graphics with name 'damage/dark' at path 'C:/Users/XyRoN/Documents/NetBeansProjects/Codename_FiteMe/res/grfx/damage/dark.png'
LOG : 01:20:32  ----  Loaded graphics with name 'damage/divine' at path 'C:/Users/XyRoN/Documents/NetBeansProjects/Codename_FiteMe/res/grfx/damage/divine.png'
LOG : 01:20:32  ----  Loaded graphics with name 'damage/electric' at path 'C:/Users/XyRoN/Documents/NetBeansProjects/Codename_FiteMe/res/grfx/damage/electric.png'
LOG : 01:20:32  ----  Loaded graphics with name 'damage/fire' at path 'C:/Users/XyRoN/Documents/NetBeansProjects/Codename_FiteMe/res/grfx/damage/fire.png'
LOG : 01:20:32  ----  Loaded graphics with name 'damage/nature' at path 'C:/Users/XyRoN/Documents/NetBeansProjects/Codename_FiteMe/res/grfx/damage/nature.png'
LOG : 01:20:32  ----  Loaded graphics with name 'damage/physical' at path 'C:/Users/XyRoN/Documents/NetBeansProjects/Codename_FiteMe/res/grfx/damage/physical.png'
LOG : 01:20:32  ----  Loaded graphics with name 'points/agility' at path 'C:/Users/XyRoN/Documents/NetBeansProjects/Codename_FiteMe/res/grfx/points/agility.png'
LOG : 01:20:32  ----  Loaded graphics with name 'points/arcane' at path 'C:/Users/XyRoN/Documents/NetBeansProjects/Codename_FiteMe/res/grfx/points/arcane.png'
LOG : 01:20:32  ----  Loaded graphics with name 'points/attack' at path 'C:/Users/XyRoN/Documents/NetBeansProjects/Codename_FiteMe/res/grfx/points/attack.png'
LOG : 01:20:32  ----  Loaded graphics with name 'points/dark' at path 'C:/Users/XyRoN/Documents/NetBeansProjects/Codename_FiteMe/res/grfx/points/dark.png'
LOG : 01:20:32  ----  Loaded graphics with name 'points/defence' at path 'C:/Users/XyRoN/Documents/NetBeansProjects/Codename_FiteMe/res/grfx/points/defence.png'
LOG : 01:20:32  ----  Loaded graphics with name 'points/divine' at path 'C:/Users/XyRoN/Documents/NetBeansProjects/Codename_FiteMe/res/grfx/points/divine.png'
LOG : 01:20:32  ----  Loaded graphics with name 'points/nature' at path 'C:/Users/XyRoN/Documents/NetBeansProjects/Codename_FiteMe/res/grfx/points/nature.png'
LOG : 01:20:32  ----  Loaded graphics with name 'ui/end_turn' at path 'C:/Users/XyRoN/Documents/NetBeansProjects/Codename_FiteMe/res/grfx/ui/end_turn.png'
LOG : 01:20:32  ----  Loaded graphics with name 'ui/end_turn_disabled' at path 'C:/Users/XyRoN/Documents/NetBeansProjects/Codename_FiteMe/res/grfx/ui/end_turn_disabled.png'
LOG : 01:20:32  ----  Loaded font with name 'djgross' at path 'C:/Users/XyRoN/Documents/NetBeansProjects/Codename_FiteMe/res/fonts/djgross/DJGROSS.ttf'
LOG : 01:20:32  ----  Loaded font with name 'note_this' at path 'C:/Users/XyRoN/Documents/NetBeansProjects/Codename_FiteMe/res/fonts/note_this/note_this.ttf'
ERR : 01:20:32  ----  Missing card pack resource dump folder at 'res/data/card_packs/'...
LOG : 01:21:04  ----  Starting ...
LOG : 01:21:05  ----  Read settings property 'screen_width' as '1280'
LOG : 01:21:05  ----  Read settings property 'screen_height' as '960'
LOG : 01:21:05  ----  Read settings property 'grfx_path' as 'res/grfx/'
LOG : 01:21:05  ----  Read settings property 'sounds_path' as 'res/sounds/'
LOG : 01:21:05  ----  Loaded graphics with name 'img1' at path 'C:/Users/XyRoN/Documents/NetBeansProjects/Codename_FiteMe/res/grfx/img1.png'
LOG : 01:21:05  ----  Loaded graphics with name 'img2' at path 'C:/Users/XyRoN/Documents/NetBeansProjects/Codename_FiteMe/res/grfx/img2.png'
LOG : 01:21:05  ----  Loaded graphics with name 'cards/card_back' at path 'C:/Users/XyRoN/Documents/NetBeansProjects/Codename_FiteMe/res/grfx/cards/card_back.png'
LOG : 01:21:05  ----  Loaded graphics with name 'cards/card_back_shadow' at path 'C:/Users/XyRoN/Documents/NetBeansProjects/Codename_FiteMe/res/grfx/cards/card_back_shadow.png'
LOG : 01:21:05  ----  Loaded graphics with name 'cards/testcard' at path 'C:/Users/XyRoN/Documents/NetBeansProjects/Codename_FiteMe/res/grfx/cards/testcard.png'
LOG : 01:21:05  ----  Loaded graphics with name 'damage/arcane' at path 'C:/Users/XyRoN/Documents/NetBeansProjects/Codename_FiteMe/res/grfx/damage/arcane.png'
LOG : 01:21:05  ----  Loaded graphics with name 'damage/cold' at path 'C:/Users/XyRoN/Documents/NetBeansProjects/Codename_FiteMe/res/grfx/damage/cold.png'
LOG : 01:21:05  ----  Loaded graphics with name 'damage/dark' at path 'C:/Users/XyRoN/Documents/NetBeansProjects/Codename_FiteMe/res/grfx/damage/dark.png'
LOG : 01:21:05  ----  Loaded graphics with name 'damage/divine' at path 'C:/Users/XyRoN/Documents/NetBeansProjects/Codename_FiteMe/res/grfx/damage/divine.png'
LOG : 01:21:05  ----  Loaded graphics with name 'damage/electric' at path 'C:/Users/XyRoN/Documents/NetBeansProjects/Codename_FiteMe/res/grfx/damage/electric.png'
LOG : 01:21:05  ----  Loaded graphics with name 'damage/fire' at path 'C:/Users/XyRoN/Documents/NetBeansProjects/Codename_FiteMe/res/grfx/damage/fire.png'
LOG : 01:21:05  ----  Loaded graphics with name 'damage/nature' at path 'C:/Users/XyRoN/Documents/NetBeansProjects/Codename_FiteMe/res/grfx/damage/nature.png'
LOG : 01:21:05  ----  Loaded graphics with name 'damage/physical' at path 'C:/Users/XyRoN/Documents/NetBeansProjects/Codename_FiteMe/res/grfx/damage/physical.png'
LOG : 01:21:05  ----  Loaded graphics with name 'points/agility' at path 'C:/Users/XyRoN/Documents/NetBeansProjects/Codename_FiteMe/res/grfx/points/agility.png'
LOG : 01:21:05  ----  Loaded graphics with name 'points/arcane' at path 'C:/Users/XyRoN/Documents/NetBeansProjects/Codename_FiteMe/res/grfx/points/arcane.png'
LOG : 01:21:05  ----  Loaded graphics with name 'points/attack' at path 'C:/Users/XyRoN/Documents/NetBeansProjects/Codename_FiteMe/res/grfx/points/attack.png'
LOG : 01:21:05  ----  Loaded graphics with name 'points/dark' at path 'C:/Users/XyRoN/Documents/NetBeansProjects/Codename_FiteMe/res/grfx/points/dark.png'
LOG : 01:21:05  ----  Loaded graphics with name 'points/defence' at path 'C:/Users/XyRoN/Documents/NetBeansProjects/Codename_FiteMe/res/grfx/points/defence.png'
LOG : 01:21:05  ----  Loaded graphics with name 'points/divine' at path 'C:/Users/XyRoN/Documents/NetBeansProjects/Codename_FiteMe/res/grfx/points/divine.png'
LOG : 01:21:05  ----  Loaded graphics with name 'points/nature' at path 'C:/Users/XyRoN/Documents/NetBeansProjects/Codename_FiteMe/res/grfx/points/nature.png'
LOG : 01:21:05  ----  Loaded graphics with name 'ui/end_turn' at path 'C:/Users/XyRoN/Documents/NetBeansProjects/Codename_FiteMe/res/grfx/ui/end_turn.png'
LOG : 01:21:05  ----  Loaded graphics with name 'ui/end_turn_disabled' at path 'C:/Users/XyRoN/Documents/NetBeansProjects/Codename_FiteMe/res/grfx/ui/end_turn_disabled.png'
LOG : 01:21:05  ----  Loaded font with name 'djgross' at path 'C:/Users/XyRoN/Documents/NetBeansProjects/Codename_FiteMe/res/fonts/djgross/DJGROSS.ttf'
LOG : 01:21:05  ----  Loaded font with name 'note_this' at path 'C:/Users/XyRoN/Documents/NetBeansProjects/Codename_FiteMe/res/fonts/note_this/note_this.ttf'
ERR : 01:21:05  ----  Missing card pack resource dump folder at 'res/data/card_packs/'...
LOG : 01:21:25  ----  Starting ...
LOG : 01:21:26  ----  Read settings property 'screen_width' as '1280'
LOG : 01:21:26  ----  Read settings property 'screen_height' as '960'
LOG : 01:21:26  ----  Read settings property 'grfx_path' as 'res/grfx/'
LOG : 01:21:26  ----  Read settings property 'sounds_path' as 'res/sounds/'
LOG : 01:21:26  ----  Loaded graphics with name 'img1' at path 'C:/Users/XyRoN/Documents/NetBeansProjects/Codename_FiteMe/res/grfx/img1.png'
LOG : 01:21:26  ----  Loaded graphics with name 'img2' at path 'C:/Users/XyRoN/Documents/NetBeansProjects/Codename_FiteMe/res/grfx/img2.png'
LOG : 01:21:26  ----  Loaded graphics with name 'cards/card_back' at path 'C:/Users/XyRoN/Documents/NetBeansProjects/Codename_FiteMe/res/grfx/cards/card_back.png'
LOG : 01:21:26  ----  Loaded graphics with name 'cards/card_back_shadow' at path 'C:/Users/XyRoN/Documents/NetBeansProjects/Codename_FiteMe/res/grfx/cards/card_back_shadow.png'
LOG : 01:21:26  ----  Loaded graphics with name 'cards/testcard' at path 'C:/Users/XyRoN/Documents/NetBeansProjects/Codename_FiteMe/res/grfx/cards/testcard.png'
LOG : 01:21:26  ----  Loaded graphics with name 'damage/arcane' at path 'C:/Users/XyRoN/Documents/NetBeansProjects/Codename_FiteMe/res/grfx/damage/arcane.png'
LOG : 01:21:26  ----  Loaded graphics with name 'damage/cold' at path 'C:/Users/XyRoN/Documents/NetBeansProjects/Codename_FiteMe/res/grfx/damage/cold.png'
LOG : 01:21:26  ----  Loaded graphics with name 'damage/dark' at path 'C:/Users/XyRoN/Documents/NetBeansProjects/Codename_FiteMe/res/grfx/damage/dark.png'
LOG : 01:21:26  ----  Loaded graphics with name 'damage/divine' at path 'C:/Users/XyRoN/Documents/NetBeansProjects/Codename_FiteMe/res/grfx/damage/divine.png'
LOG : 01:21:26  ----  Loaded graphics with name 'damage/electric' at path 'C:/Users/XyRoN/Documents/NetBeansProjects/Codename_FiteMe/res/grfx/damage/electric.png'
LOG : 01:21:26  ----  Loaded graphics with name 'damage/fire' at path 'C:/Users/XyRoN/Documents/NetBeansProjects/Codename_FiteMe/res/grfx/damage/fire.png'
LOG : 01:21:26  ----  Loaded graphics with name 'damage/nature' at path 'C:/Users/XyRoN/Documents/NetBeansProjects/Codename_FiteMe/res/grfx/damage/nature.png'
LOG : 01:21:26  ----  Loaded graphics with name 'damage/physical' at path 'C:/Users/XyRoN/Documents/NetBeansProjects/Codename_FiteMe/res/grfx/damage/physical.png'
LOG : 01:21:26  ----  Loaded graphics with name 'points/agility' at path 'C:/Users/XyRoN/Documents/NetBeansProjects/Codename_FiteMe/res/grfx/points/agility.png'
LOG : 01:21:26  ----  Loaded graphics with name 'points/arcane' at path 'C:/Users/XyRoN/Documents/NetBeansProjects/Codename_FiteMe/res/grfx/points/arcane.png'
LOG : 01:21:26  ----  Loaded graphics with name 'points/attack' at path 'C:/Users/XyRoN/Documents/NetBeansProjects/Codename_FiteMe/res/grfx/points/attack.png'
LOG : 01:21:26  ----  Loaded graphics with name 'points/dark' at path 'C:/Users/XyRoN/Documents/NetBeansProjects/Codename_FiteMe/res/grfx/points/dark.png'
LOG : 01:21:26  ----  Loaded graphics with name 'points/defence' at path 'C:/Users/XyRoN/Documents/NetBeansProjects/Codename_FiteMe/res/grfx/points/defence.png'
LOG : 01:21:26  ----  Loaded graphics with name 'points/divine' at path 'C:/Users/XyRoN/Documents/NetBeansProjects/Codename_FiteMe/res/grfx/points/divine.png'
LOG : 01:21:26  ----  Loaded graphics with name 'points/nature' at path 'C:/Users/XyRoN/Documents/NetBeansProjects/Codename_FiteMe/res/grfx/points/nature.png'
LOG : 01:21:27  ----  Loaded graphics with name 'ui/end_turn' at path 'C:/Users/XyRoN/Documents/NetBeansProjects/Codename_FiteMe/res/grfx/ui/end_turn.png'
LOG : 01:21:27  ----  Loaded graphics with name 'ui/end_turn_disabled' at path 'C:/Users/XyRoN/Documents/NetBeansProjects/Codename_FiteMe/res/grfx/ui/end_turn_disabled.png'
LOG : 01:21:27  ----  Loaded font with name 'djgross' at path 'C:/Users/XyRoN/Documents/NetBeansProjects/Codename_FiteMe/res/fonts/djgross/DJGROSS.ttf'
LOG : 01:21:27  ----  Loaded font with name 'note_this' at path 'C:/Users/XyRoN/Documents/NetBeansProjects/Codename_FiteMe/res/fonts/note_this/note_this.ttf'
ERR : 01:21:27  ----  Missing card pack resource dump folder at 'res/data/card_packs/'...
LOG : 01:22:12  ----  Starting ...
LOG : 01:22:13  ----  Read settings property 'screen_width' as '1280'
LOG : 01:22:13  ----  Read settings property 'screen_height' as '960'
LOG : 01:22:13  ----  Read settings property 'grfx_path' as 'res/grfx/'
LOG : 01:22:13  ----  Read settings property 'sounds_path' as 'res/sounds/'
LOG : 01:22:13  ----  Loaded graphics with name 'img1' at path 'C:/Users/XyRoN/Documents/NetBeansProjects/Codename_FiteMe/res/grfx/img1.png'
LOG : 01:22:13  ----  Loaded graphics with name 'img2' at path 'C:/Users/XyRoN/Documents/NetBeansProjects/Codename_FiteMe/res/grfx/img2.png'
LOG : 01:22:13  ----  Loaded graphics with name 'cards/card_back' at path 'C:/Users/XyRoN/Documents/NetBeansProjects/Codename_FiteMe/res/grfx/cards/card_back.png'
LOG : 01:22:13  ----  Loaded graphics with name 'cards/card_back_shadow' at path 'C:/Users/XyRoN/Documents/NetBeansProjects/Codename_FiteMe/res/grfx/cards/card_back_shadow.png'
LOG : 01:22:13  ----  Loaded graphics with name 'cards/testcard' at path 'C:/Users/XyRoN/Documents/NetBeansProjects/Codename_FiteMe/res/grfx/cards/testcard.png'
LOG : 01:22:13  ----  Loaded graphics with name 'damage/arcane' at path 'C:/Users/XyRoN/Documents/NetBeansProjects/Codename_FiteMe/res/grfx/damage/arcane.png'
LOG : 01:22:13  ----  Loaded graphics with name 'damage/cold' at path 'C:/Users/XyRoN/Documents/NetBeansProjects/Codename_FiteMe/res/grfx/damage/cold.png'
LOG : 01:22:13  ----  Loaded graphics with name 'damage/dark' at path 'C:/Users/XyRoN/Documents/NetBeansProjects/Codename_FiteMe/res/grfx/damage/dark.png'
LOG : 01:22:13  ----  Loaded graphics with name 'damage/divine' at path 'C:/Users/XyRoN/Documents/NetBeansProjects/Codename_FiteMe/res/grfx/damage/divine.png'
LOG : 01:22:13  ----  Loaded graphics with name 'damage/electric' at path 'C:/Users/XyRoN/Documents/NetBeansProjects/Codename_FiteMe/res/grfx/damage/electric.png'
LOG : 01:22:13  ----  Loaded graphics with name 'damage/fire' at path 'C:/Users/XyRoN/Documents/NetBeansProjects/Codename_FiteMe/res/grfx/damage/fire.png'
LOG : 01:22:13  ----  Loaded graphics with name 'damage/nature' at path 'C:/Users/XyRoN/Documents/NetBeansProjects/Codename_FiteMe/res/grfx/damage/nature.png'
LOG : 01:22:13  ----  Loaded graphics with name 'damage/physical' at path 'C:/Users/XyRoN/Documents/NetBeansProjects/Codename_FiteMe/res/grfx/damage/physical.png'
LOG : 01:22:13  ----  Loaded graphics with name 'points/agility' at path 'C:/Users/XyRoN/Documents/NetBeansProjects/Codename_FiteMe/res/grfx/points/agility.png'
LOG : 01:22:13  ----  Loaded graphics with name 'points/arcane' at path 'C:/Users/XyRoN/Documents/NetBeansProjects/Codename_FiteMe/res/grfx/points/arcane.png'
LOG : 01:22:13  ----  Loaded graphics with name 'points/attack' at path 'C:/Users/XyRoN/Documents/NetBeansProjects/Codename_FiteMe/res/grfx/points/attack.png'
LOG : 01:22:13  ----  Loaded graphics with name 'points/dark' at path 'C:/Users/XyRoN/Documents/NetBeansProjects/Codename_FiteMe/res/grfx/points/dark.png'
LOG : 01:22:13  ----  Loaded graphics with name 'points/defence' at path 'C:/Users/XyRoN/Documents/NetBeansProjects/Codename_FiteMe/res/grfx/points/defence.png'
LOG : 01:22:13  ----  Loaded graphics with name 'points/divine' at path 'C:/Users/XyRoN/Documents/NetBeansProjects/Codename_FiteMe/res/grfx/points/divine.png'
LOG : 01:22:13  ----  Loaded graphics with name 'points/nature' at path 'C:/Users/XyRoN/Documents/NetBeansProjects/Codename_FiteMe/res/grfx/points/nature.png'
LOG : 01:22:13  ----  Loaded graphics with name 'ui/end_turn' at path 'C:/Users/XyRoN/Documents/NetBeansProjects/Codename_FiteMe/res/grfx/ui/end_turn.png'
LOG : 01:22:13  ----  Loaded graphics with name 'ui/end_turn_disabled' at path 'C:/Users/XyRoN/Documents/NetBeansProjects/Codename_FiteMe/res/grfx/ui/end_turn_disabled.png'
LOG : 01:22:13  ----  Loaded font with name 'djgross' at path 'C:/Users/XyRoN/Documents/NetBeansProjects/Codename_FiteMe/res/fonts/djgross/DJGROSS.ttf'
LOG : 01:22:13  ----  Loaded font with name 'note_this' at path 'C:/Users/XyRoN/Documents/NetBeansProjects/Codename_FiteMe/res/fonts/note_this/note_this.ttf'
ERR : 01:22:13  ----  Missing card pack resource dump folder at 'res/data/card_packs/'...
LOG : 01:22:28  ----  Starting ...
LOG : 01:22:29  ----  Read settings property 'screen_width' as '1280'
LOG : 01:22:29  ----  Read settings property 'screen_height' as '960'
LOG : 01:22:29  ----  Read settings property 'grfx_path' as 'res/grfx/'
LOG : 01:22:29  ----  Read settings property 'sounds_path' as 'res/sounds/'
LOG : 01:22:29  ----  Loaded graphics with name 'img1' at path 'C:/Users/XyRoN/Documents/NetBeansProjects/Codename_FiteMe/res/grfx/img1.png'
LOG : 01:22:29  ----  Loaded graphics with name 'img2' at path 'C:/Users/XyRoN/Documents/NetBeansProjects/Codename_FiteMe/res/grfx/img2.png'
LOG : 01:22:29  ----  Loaded graphics with name 'cards/card_back' at path 'C:/Users/XyRoN/Documents/NetBeansProjects/Codename_FiteMe/res/grfx/cards/card_back.png'
LOG : 01:22:29  ----  Loaded graphics with name 'cards/card_back_shadow' at path 'C:/Users/XyRoN/Documents/NetBeansProjects/Codename_FiteMe/res/grfx/cards/card_back_shadow.png'
LOG : 01:22:29  ----  Loaded graphics with name 'cards/testcard' at path 'C:/Users/XyRoN/Documents/NetBeansProjects/Codename_FiteMe/res/grfx/cards/testcard.png'
LOG : 01:22:29  ----  Loaded graphics with name 'damage/arcane' at path 'C:/Users/XyRoN/Documents/NetBeansProjects/Codename_FiteMe/res/grfx/damage/arcane.png'
LOG : 01:22:29  ----  Loaded graphics with name 'damage/cold' at path 'C:/Users/XyRoN/Documents/NetBeansProjects/Codename_FiteMe/res/grfx/damage/cold.png'
LOG : 01:22:29  ----  Loaded graphics with name 'damage/dark' at path 'C:/Users/XyRoN/Documents/NetBeansProjects/Codename_FiteMe/res/grfx/damage/dark.png'
LOG : 01:22:29  ----  Loaded graphics with name 'damage/divine' at path 'C:/Users/XyRoN/Documents/NetBeansProjects/Codename_FiteMe/res/grfx/damage/divine.png'
LOG : 01:22:29  ----  Loaded graphics with name 'damage/electric' at path 'C:/Users/XyRoN/Documents/NetBeansProjects/Codename_FiteMe/res/grfx/damage/electric.png'
LOG : 01:22:29  ----  Loaded graphics with name 'damage/fire' at path 'C:/Users/XyRoN/Documents/NetBeansProjects/Codename_FiteMe/res/grfx/damage/fire.png'
LOG : 01:22:29  ----  Loaded graphics with name 'damage/nature' at path 'C:/Users/XyRoN/Documents/NetBeansProjects/Codename_FiteMe/res/grfx/damage/nature.png'
LOG : 01:22:29  ----  Loaded graphics with name 'damage/physical' at path 'C:/Users/XyRoN/Documents/NetBeansProjects/Codename_FiteMe/res/grfx/damage/physical.png'
LOG : 01:22:29  ----  Loaded graphics with name 'points/agility' at path 'C:/Users/XyRoN/Documents/NetBeansProjects/Codename_FiteMe/res/grfx/points/agility.png'
LOG : 01:22:29  ----  Loaded graphics with name 'points/arcane' at path 'C:/Users/XyRoN/Documents/NetBeansProjects/Codename_FiteMe/res/grfx/points/arcane.png'
LOG : 01:22:29  ----  Loaded graphics with name 'points/attack' at path 'C:/Users/XyRoN/Documents/NetBeansProjects/Codename_FiteMe/res/grfx/points/attack.png'
LOG : 01:22:29  ----  Loaded graphics with name 'points/dark' at path 'C:/Users/XyRoN/Documents/NetBeansProjects/Codename_FiteMe/res/grfx/points/dark.png'
LOG : 01:22:29  ----  Loaded graphics with name 'points/defence' at path 'C:/Users/XyRoN/Documents/NetBeansProjects/Codename_FiteMe/res/grfx/points/defence.png'
LOG : 01:22:29  ----  Loaded graphics with name 'points/divine' at path 'C:/Users/XyRoN/Documents/NetBeansProjects/Codename_FiteMe/res/grfx/points/divine.png'
LOG : 01:22:29  ----  Loaded graphics with name 'points/nature' at path 'C:/Users/XyRoN/Documents/NetBeansProjects/Codename_FiteMe/res/grfx/points/nature.png'
LOG : 01:22:29  ----  Loaded graphics with name 'ui/end_turn' at path 'C:/Users/XyRoN/Documents/NetBeansProjects/Codename_FiteMe/res/grfx/ui/end_turn.png'
LOG : 01:22:29  ----  Loaded graphics with name 'ui/end_turn_disabled' at path 'C:/Users/XyRoN/Documents/NetBeansProjects/Codename_FiteMe/res/grfx/ui/end_turn_disabled.png'
LOG : 01:22:29  ----  Loaded font with name 'djgross' at path 'C:/Users/XyRoN/Documents/NetBeansProjects/Codename_FiteMe/res/fonts/djgross/DJGROSS.ttf'
LOG : 01:22:29  ----  Loaded font with name 'note_this' at path 'C:/Users/XyRoN/Documents/NetBeansProjects/Codename_FiteMe/res/fonts/note_this/note_this.ttf'
ERR : 01:22:29  ----  Missing card pack resource dump folder at 'res/data/card_packs/'...
LOG : 01:24:03  ----  Starting ...
LOG : 01:24:03  ----  Read settings property 'screen_width' as '1280'
LOG : 01:24:03  ----  Read settings property 'screen_height' as '960'
LOG : 01:24:03  ----  Read settings property 'grfx_path' as 'res/grfx/'
LOG : 01:24:03  ----  Read settings property 'sounds_path' as 'res/sounds/'
LOG : 01:24:03  ----  Loaded graphics with name 'img1' at path 'C:/Users/XyRoN/Documents/NetBeansProjects/Codename_FiteMe/res/grfx/img1.png'
LOG : 01:24:03  ----  Loaded graphics with name 'img2' at path 'C:/Users/XyRoN/Documents/NetBeansProjects/Codename_FiteMe/res/grfx/img2.png'
LOG : 01:24:03  ----  Loaded graphics with name 'cards/card_back' at path 'C:/Users/XyRoN/Documents/NetBeansProjects/Codename_FiteMe/res/grfx/cards/card_back.png'
LOG : 01:24:03  ----  Loaded graphics with name 'cards/card_back_shadow' at path 'C:/Users/XyRoN/Documents/NetBeansProjects/Codename_FiteMe/res/grfx/cards/card_back_shadow.png'
LOG : 01:24:03  ----  Loaded graphics with name 'cards/testcard' at path 'C:/Users/XyRoN/Documents/NetBeansProjects/Codename_FiteMe/res/grfx/cards/testcard.png'
LOG : 01:24:03  ----  Loaded graphics with name 'damage/arcane' at path 'C:/Users/XyRoN/Documents/NetBeansProjects/Codename_FiteMe/res/grfx/damage/arcane.png'
LOG : 01:24:03  ----  Loaded graphics with name 'damage/cold' at path 'C:/Users/XyRoN/Documents/NetBeansProjects/Codename_FiteMe/res/grfx/damage/cold.png'
LOG : 01:24:03  ----  Loaded graphics with name 'damage/dark' at path 'C:/Users/XyRoN/Documents/NetBeansProjects/Codename_FiteMe/res/grfx/damage/dark.png'
LOG : 01:24:03  ----  Loaded graphics with name 'damage/divine' at path 'C:/Users/XyRoN/Documents/NetBeansProjects/Codename_FiteMe/res/grfx/damage/divine.png'
LOG : 01:24:03  ----  Loaded graphics with name 'damage/electric' at path 'C:/Users/XyRoN/Documents/NetBeansProjects/Codename_FiteMe/res/grfx/damage/electric.png'
LOG : 01:24:03  ----  Loaded graphics with name 'damage/fire' at path 'C:/Users/XyRoN/Documents/NetBeansProjects/Codename_FiteMe/res/grfx/damage/fire.png'
LOG : 01:24:03  ----  Loaded graphics with name 'damage/nature' at path 'C:/Users/XyRoN/Documents/NetBeansProjects/Codename_FiteMe/res/grfx/damage/nature.png'
LOG : 01:24:03  ----  Loaded graphics with name 'damage/physical' at path 'C:/Users/XyRoN/Documents/NetBeansProjects/Codename_FiteMe/res/grfx/damage/physical.png'
LOG : 01:24:03  ----  Loaded graphics with name 'points/agility' at path 'C:/Users/XyRoN/Documents/NetBeansProjects/Codename_FiteMe/res/grfx/points/agility.png'
LOG : 01:24:03  ----  Loaded graphics with name 'points/arcane' at path 'C:/Users/XyRoN/Documents/NetBeansProjects/Codename_FiteMe/res/grfx/points/arcane.png'
LOG : 01:24:03  ----  Loaded graphics with name 'points/attack' at path 'C:/Users/XyRoN/Documents/NetBeansProjects/Codename_FiteMe/res/grfx/points/attack.png'
LOG : 01:24:03  ----  Loaded graphics with name 'points/dark' at path 'C:/Users/XyRoN/Documents/NetBeansProjects/Codename_FiteMe/res/grfx/points/dark.png'
LOG : 01:24:03  ----  Loaded graphics with name 'points/defence' at path 'C:/Users/XyRoN/Documents/NetBeansProjects/Codename_FiteMe/res/grfx/points/defence.png'
LOG : 01:24:03  ----  Loaded graphics with name 'points/divine' at path 'C:/Users/XyRoN/Documents/NetBeansProjects/Codename_FiteMe/res/grfx/points/divine.png'
LOG : 01:24:03  ----  Loaded graphics with name 'points/nature' at path 'C:/Users/XyRoN/Documents/NetBeansProjects/Codename_FiteMe/res/grfx/points/nature.png'
LOG : 01:24:03  ----  Loaded graphics with name 'ui/end_turn' at path 'C:/Users/XyRoN/Documents/NetBeansProjects/Codename_FiteMe/res/grfx/ui/end_turn.png'
LOG : 01:24:04  ----  Loaded graphics with name 'ui/end_turn_disabled' at path 'C:/Users/XyRoN/Documents/NetBeansProjects/Codename_FiteMe/res/grfx/ui/end_turn_disabled.png'
LOG : 01:24:04  ----  Loaded font with name 'djgross' at path 'C:/Users/XyRoN/Documents/NetBeansProjects/Codename_FiteMe/res/fonts/djgross/DJGROSS.ttf'
LOG : 01:24:04  ----  Loaded font with name 'note_this' at path 'C:/Users/XyRoN/Documents/NetBeansProjects/Codename_FiteMe/res/fonts/note_this/note_this.ttf'
ERR : 01:24:04  ----  Missing card pack resource dump folder at 'res/data/card_packs/'...
LOG : 01:24:14  ----  Starting ...
LOG : 01:24:14  ----  Read settings property 'screen_width' as '1280'
LOG : 01:24:14  ----  Read settings property 'screen_height' as '960'
LOG : 01:24:14  ----  Read settings property 'grfx_path' as 'res/grfx/'
LOG : 01:24:14  ----  Read settings property 'sounds_path' as 'res/sounds/'
LOG : 01:24:14  ----  Loaded graphics with name 'img1' at path 'C:/Users/XyRoN/Documents/NetBeansProjects/Codename_FiteMe/res/grfx/img1.png'
LOG : 01:24:14  ----  Loaded graphics with name 'img2' at path 'C:/Users/XyRoN/Documents/NetBeansProjects/Codename_FiteMe/res/grfx/img2.png'
LOG : 01:24:14  ----  Loaded graphics with name 'cards/card_back' at path 'C:/Users/XyRoN/Documents/NetBeansProjects/Codename_FiteMe/res/grfx/cards/card_back.png'
LOG : 01:24:14  ----  Loaded graphics with name 'cards/card_back_shadow' at path 'C:/Users/XyRoN/Documents/NetBeansProjects/Codename_FiteMe/res/grfx/cards/card_back_shadow.png'
LOG : 01:24:14  ----  Loaded graphics with name 'cards/testcard' at path 'C:/Users/XyRoN/Documents/NetBeansProjects/Codename_FiteMe/res/grfx/cards/testcard.png'
LOG : 01:24:14  ----  Loaded graphics with name 'damage/arcane' at path 'C:/Users/XyRoN/Documents/NetBeansProjects/Codename_FiteMe/res/grfx/damage/arcane.png'
LOG : 01:24:14  ----  Loaded graphics with name 'damage/cold' at path 'C:/Users/XyRoN/Documents/NetBeansProjects/Codename_FiteMe/res/grfx/damage/cold.png'
LOG : 01:24:14  ----  Loaded graphics with name 'damage/dark' at path 'C:/Users/XyRoN/Documents/NetBeansProjects/Codename_FiteMe/res/grfx/damage/dark.png'
LOG : 01:24:14  ----  Loaded graphics with name 'damage/divine' at path 'C:/Users/XyRoN/Documents/NetBeansProjects/Codename_FiteMe/res/grfx/damage/divine.png'
LOG : 01:24:14  ----  Loaded graphics with name 'damage/electric' at path 'C:/Users/XyRoN/Documents/NetBeansProjects/Codename_FiteMe/res/grfx/damage/electric.png'
LOG : 01:24:14  ----  Loaded graphics with name 'damage/fire' at path 'C:/Users/XyRoN/Documents/NetBeansProjects/Codename_FiteMe/res/grfx/damage/fire.png'
LOG : 01:24:14  ----  Loaded graphics with name 'damage/nature' at path 'C:/Users/XyRoN/Documents/NetBeansProjects/Codename_FiteMe/res/grfx/damage/nature.png'
LOG : 01:24:14  ----  Loaded graphics with name 'damage/physical' at path 'C:/Users/XyRoN/Documents/NetBeansProjects/Codename_FiteMe/res/grfx/damage/physical.png'
LOG : 01:24:14  ----  Loaded graphics with name 'points/agility' at path 'C:/Users/XyRoN/Documents/NetBeansProjects/Codename_FiteMe/res/grfx/points/agility.png'
LOG : 01:24:14  ----  Loaded graphics with name 'points/arcane' at path 'C:/Users/XyRoN/Documents/NetBeansProjects/Codename_FiteMe/res/grfx/points/arcane.png'
LOG : 01:24:14  ----  Loaded graphics with name 'points/attack' at path 'C:/Users/XyRoN/Documents/NetBeansProjects/Codename_FiteMe/res/grfx/points/attack.png'
LOG : 01:24:14  ----  Loaded graphics with name 'points/dark' at path 'C:/Users/XyRoN/Documents/NetBeansProjects/Codename_FiteMe/res/grfx/points/dark.png'
LOG : 01:24:14  ----  Loaded graphics with name 'points/defence' at path 'C:/Users/XyRoN/Documents/NetBeansProjects/Codename_FiteMe/res/grfx/points/defence.png'
LOG : 01:24:14  ----  Loaded graphics with name 'points/divine' at path 'C:/Users/XyRoN/Documents/NetBeansProjects/Codename_FiteMe/res/grfx/points/divine.png'
LOG : 01:24:14  ----  Loaded graphics with name 'points/nature' at path 'C:/Users/XyRoN/Documents/NetBeansProjects/Codename_FiteMe/res/grfx/points/nature.png'
LOG : 01:24:14  ----  Loaded graphics with name 'ui/end_turn' at path 'C:/Users/XyRoN/Documents/NetBeansProjects/Codename_FiteMe/res/grfx/ui/end_turn.png'
LOG : 01:24:14  ----  Loaded graphics with name 'ui/end_turn_disabled' at path 'C:/Users/XyRoN/Documents/NetBeansProjects/Codename_FiteMe/res/grfx/ui/end_turn_disabled.png'
LOG : 01:24:15  ----  Loaded font with name 'djgross' at path 'C:/Users/XyRoN/Documents/NetBeansProjects/Codename_FiteMe/res/fonts/djgross/DJGROSS.ttf'
LOG : 01:24:15  ----  Loaded font with name 'note_this' at path 'C:/Users/XyRoN/Documents/NetBeansProjects/Codename_FiteMe/res/fonts/note_this/note_this.ttf'
ERR : 01:24:15  ----  Missing card pack resource dump folder at 'res/data/card_packs/'...
LOG : 01:27:54  ----  Starting ...
LOG : 01:27:55  ----  Read settings property 'screen_width' as '1280'
LOG : 01:27:55  ----  Read settings property 'screen_height' as '960'
LOG : 01:27:55  ----  Read settings property 'grfx_path' as 'res/grfx/'
LOG : 01:27:55  ----  Read settings property 'sounds_path' as 'res/sounds/'
LOG : 01:27:55  ----  Loaded graphics with name 'img1' at path 'C:/Users/XyRoN/Documents/NetBeansProjects/Codename_FiteMe/res/grfx/img1.png'
LOG : 01:27:55  ----  Loaded graphics with name 'img2' at path 'C:/Users/XyRoN/Documents/NetBeansProjects/Codename_FiteMe/res/grfx/img2.png'
LOG : 01:27:55  ----  Loaded graphics with name 'cards/card_back' at path 'C:/Users/XyRoN/Documents/NetBeansProjects/Codename_FiteMe/res/grfx/cards/card_back.png'
LOG : 01:27:55  ----  Loaded graphics with name 'cards/card_back_shadow' at path 'C:/Users/XyRoN/Documents/NetBeansProjects/Codename_FiteMe/res/grfx/cards/card_back_shadow.png'
LOG : 01:27:55  ----  Loaded graphics with name 'cards/testcard' at path 'C:/Users/XyRoN/Documents/NetBeansProjects/Codename_FiteMe/res/grfx/cards/testcard.png'
LOG : 01:27:55  ----  Loaded graphics with name 'damage/arcane' at path 'C:/Users/XyRoN/Documents/NetBeansProjects/Codename_FiteMe/res/grfx/damage/arcane.png'
LOG : 01:27:55  ----  Loaded graphics with name 'damage/cold' at path 'C:/Users/XyRoN/Documents/NetBeansProjects/Codename_FiteMe/res/grfx/damage/cold.png'
LOG : 01:27:55  ----  Loaded graphics with name 'damage/dark' at path 'C:/Users/XyRoN/Documents/NetBeansProjects/Codename_FiteMe/res/grfx/damage/dark.png'
LOG : 01:27:55  ----  Loaded graphics with name 'damage/divine' at path 'C:/Users/XyRoN/Documents/NetBeansProjects/Codename_FiteMe/res/grfx/damage/divine.png'
LOG : 01:27:55  ----  Loaded graphics with name 'damage/electric' at path 'C:/Users/XyRoN/Documents/NetBeansProjects/Codename_FiteMe/res/grfx/damage/electric.png'
LOG : 01:27:55  ----  Loaded graphics with name 'damage/fire' at path 'C:/Users/XyRoN/Documents/NetBeansProjects/Codename_FiteMe/res/grfx/damage/fire.png'
LOG : 01:27:55  ----  Loaded graphics with name 'damage/nature' at path 'C:/Users/XyRoN/Documents/NetBeansProjects/Codename_FiteMe/res/grfx/damage/nature.png'
LOG : 01:27:55  ----  Loaded graphics with name 'damage/physical' at path 'C:/Users/XyRoN/Documents/NetBeansProjects/Codename_FiteMe/res/grfx/damage/physical.png'
LOG : 01:27:55  ----  Loaded graphics with name 'points/agility' at path 'C:/Users/XyRoN/Documents/NetBeansProjects/Codename_FiteMe/res/grfx/points/agility.png'
LOG : 01:27:55  ----  Loaded graphics with name 'points/arcane' at path 'C:/Users/XyRoN/Documents/NetBeansProjects/Codename_FiteMe/res/grfx/points/arcane.png'
LOG : 01:27:55  ----  Loaded graphics with name 'points/attack' at path 'C:/Users/XyRoN/Documents/NetBeansProjects/Codename_FiteMe/res/grfx/points/attack.png'
LOG : 01:27:55  ----  Loaded graphics with name 'points/dark' at path 'C:/Users/XyRoN/Documents/NetBeansProjects/Codename_FiteMe/res/grfx/points/dark.png'
LOG : 01:27:55  ----  Loaded graphics with name 'points/defence' at path 'C:/Users/XyRoN/Documents/NetBeansProjects/Codename_FiteMe/res/grfx/points/defence.png'
LOG : 01:27:55  ----  Loaded graphics with name 'points/divine' at path 'C:/Users/XyRoN/Documents/NetBeansProjects/Codename_FiteMe/res/grfx/points/divine.png'
LOG : 01:27:55  ----  Loaded graphics with name 'points/nature' at path 'C:/Users/XyRoN/Documents/NetBeansProjects/Codename_FiteMe/res/grfx/points/nature.png'
LOG : 01:27:55  ----  Loaded graphics with name 'ui/end_turn' at path 'C:/Users/XyRoN/Documents/NetBeansProjects/Codename_FiteMe/res/grfx/ui/end_turn.png'
LOG : 01:27:55  ----  Loaded graphics with name 'ui/end_turn_disabled' at path 'C:/Users/XyRoN/Documents/NetBeansProjects/Codename_FiteMe/res/grfx/ui/end_turn_disabled.png'
LOG : 01:27:55  ----  Loaded font with name 'djgross' at path 'C:/Users/XyRoN/Documents/NetBeansProjects/Codename_FiteMe/res/fonts/djgross/DJGROSS.ttf'
LOG : 01:27:55  ----  Loaded font with name 'note_this' at path 'C:/Users/XyRoN/Documents/NetBeansProjects/Codename_FiteMe/res/fonts/note_this/note_this.ttf'
ERR : 01:27:55  ----  Missing card pack resource dump folder at 'res/data/card_packs/'...
ERR : 01:28:00  ----  Exception NoSuchMethodException caught at org.simon.src.game.gui.GuiElement @ setOnUpdate ln:278
ERR : 01:28:00  ----  Exception message: org.simon.src.game.gui.GuiActionHandler.fadein(org.simon.src.game.gui.GuiElement, float)
LOG : 01:28:56  ----  Starting ...
LOG : 01:28:57  ----  Read settings property 'screen_width' as '1280'
LOG : 01:28:57  ----  Read settings property 'screen_height' as '960'
LOG : 01:28:57  ----  Read settings property 'grfx_path' as 'res/grfx/'
LOG : 01:28:57  ----  Read settings property 'sounds_path' as 'res/sounds/'
LOG : 01:28:57  ----  Loaded graphics with name 'img1' at path 'C:/Users/XyRoN/Documents/NetBeansProjects/Codename_FiteMe/res/grfx/img1.png'
LOG : 01:28:57  ----  Loaded graphics with name 'img2' at path 'C:/Users/XyRoN/Documents/NetBeansProjects/Codename_FiteMe/res/grfx/img2.png'
LOG : 01:28:57  ----  Loaded graphics with name 'cards/card_back' at path 'C:/Users/XyRoN/Documents/NetBeansProjects/Codename_FiteMe/res/grfx/cards/card_back.png'
LOG : 01:28:57  ----  Loaded graphics with name 'cards/card_back_shadow' at path 'C:/Users/XyRoN/Documents/NetBeansProjects/Codename_FiteMe/res/grfx/cards/card_back_shadow.png'
LOG : 01:28:57  ----  Loaded graphics with name 'cards/testcard' at path 'C:/Users/XyRoN/Documents/NetBeansProjects/Codename_FiteMe/res/grfx/cards/testcard.png'
LOG : 01:28:57  ----  Loaded graphics with name 'damage/arcane' at path 'C:/Users/XyRoN/Documents/NetBeansProjects/Codename_FiteMe/res/grfx/damage/arcane.png'
LOG : 01:28:57  ----  Loaded graphics with name 'damage/cold' at path 'C:/Users/XyRoN/Documents/NetBeansProjects/Codename_FiteMe/res/grfx/damage/cold.png'
LOG : 01:28:57  ----  Loaded graphics with name 'damage/dark' at path 'C:/Users/XyRoN/Documents/NetBeansProjects/Codename_FiteMe/res/grfx/damage/dark.png'
LOG : 01:28:57  ----  Loaded graphics with name 'damage/divine' at path 'C:/Users/XyRoN/Documents/NetBeansProjects/Codename_FiteMe/res/grfx/damage/divine.png'
LOG : 01:28:57  ----  Loaded graphics with name 'damage/electric' at path 'C:/Users/XyRoN/Documents/NetBeansProjects/Codename_FiteMe/res/grfx/damage/electric.png'
LOG : 01:28:57  ----  Loaded graphics with name 'damage/fire' at path 'C:/Users/XyRoN/Documents/NetBeansProjects/Codename_FiteMe/res/grfx/damage/fire.png'
LOG : 01:28:57  ----  Loaded graphics with name 'damage/nature' at path 'C:/Users/XyRoN/Documents/NetBeansProjects/Codename_FiteMe/res/grfx/damage/nature.png'
LOG : 01:28:57  ----  Loaded graphics with name 'damage/physical' at path 'C:/Users/XyRoN/Documents/NetBeansProjects/Codename_FiteMe/res/grfx/damage/physical.png'
LOG : 01:28:57  ----  Loaded graphics with name 'points/agility' at path 'C:/Users/XyRoN/Documents/NetBeansProjects/Codename_FiteMe/res/grfx/points/agility.png'
LOG : 01:28:57  ----  Loaded graphics with name 'points/arcane' at path 'C:/Users/XyRoN/Documents/NetBeansProjects/Codename_FiteMe/res/grfx/points/arcane.png'
LOG : 01:28:57  ----  Loaded graphics with name 'points/attack' at path 'C:/Users/XyRoN/Documents/NetBeansProjects/Codename_FiteMe/res/grfx/points/attack.png'
LOG : 01:28:57  ----  Loaded graphics with name 'points/dark' at path 'C:/Users/XyRoN/Documents/NetBeansProjects/Codename_FiteMe/res/grfx/points/dark.png'
LOG : 01:28:57  ----  Loaded graphics with name 'points/defence' at path 'C:/Users/XyRoN/Documents/NetBeansProjects/Codename_FiteMe/res/grfx/points/defence.png'
LOG : 01:28:57  ----  Loaded graphics with name 'points/divine' at path 'C:/Users/XyRoN/Documents/NetBeansProjects/Codename_FiteMe/res/grfx/points/divine.png'
LOG : 01:28:57  ----  Loaded graphics with name 'points/nature' at path 'C:/Users/XyRoN/Documents/NetBeansProjects/Codename_FiteMe/res/grfx/points/nature.png'
LOG : 01:28:57  ----  Loaded graphics with name 'ui/end_turn' at path 'C:/Users/XyRoN/Documents/NetBeansProjects/Codename_FiteMe/res/grfx/ui/end_turn.png'
LOG : 01:28:57  ----  Loaded graphics with name 'ui/end_turn_disabled' at path 'C:/Users/XyRoN/Documents/NetBeansProjects/Codename_FiteMe/res/grfx/ui/end_turn_disabled.png'
LOG : 01:28:57  ----  Loaded font with name 'djgross' at path 'C:/Users/XyRoN/Documents/NetBeansProjects/Codename_FiteMe/res/fonts/djgross/DJGROSS.ttf'
LOG : 01:28:57  ----  Loaded font with name 'note_this' at path 'C:/Users/XyRoN/Documents/NetBeansProjects/Codename_FiteMe/res/fonts/note_this/note_this.ttf'
ERR : 01:28:57  ----  Missing card pack resource dump folder at 'res/data/card_packs/'...
LOG : 01:36:51  ----  Starting ...
LOG : 01:36:51  ----  Read settings property 'screen_width' as '1280'
LOG : 01:36:51  ----  Read settings property 'screen_height' as '960'
LOG : 01:36:51  ----  Read settings property 'grfx_path' as 'res/grfx/'
LOG : 01:36:51  ----  Read settings property 'sounds_path' as 'res/sounds/'
LOG : 01:36:51  ----  Loaded graphics with name 'img1' at path 'C:/Users/XyRoN/Documents/NetBeansProjects/Codename_FiteMe/res/grfx/img1.png'
LOG : 01:36:51  ----  Loaded graphics with name 'img2' at path 'C:/Users/XyRoN/Documents/NetBeansProjects/Codename_FiteMe/res/grfx/img2.png'
LOG : 01:36:51  ----  Loaded graphics with name 'cards/card_back' at path 'C:/Users/XyRoN/Documents/NetBeansProjects/Codename_FiteMe/res/grfx/cards/card_back.png'
LOG : 01:36:51  ----  Loaded graphics with name 'cards/card_back_shadow' at path 'C:/Users/XyRoN/Documents/NetBeansProjects/Codename_FiteMe/res/grfx/cards/card_back_shadow.png'
LOG : 01:36:51  ----  Loaded graphics with name 'cards/testcard' at path 'C:/Users/XyRoN/Documents/NetBeansProjects/Codename_FiteMe/res/grfx/cards/testcard.png'
LOG : 01:36:51  ----  Loaded graphics with name 'damage/arcane' at path 'C:/Users/XyRoN/Documents/NetBeansProjects/Codename_FiteMe/res/grfx/damage/arcane.png'
LOG : 01:36:51  ----  Loaded graphics with name 'damage/cold' at path 'C:/Users/XyRoN/Documents/NetBeansProjects/Codename_FiteMe/res/grfx/damage/cold.png'
LOG : 01:36:51  ----  Loaded graphics with name 'damage/dark' at path 'C:/Users/XyRoN/Documents/NetBeansProjects/Codename_FiteMe/res/grfx/damage/dark.png'
LOG : 01:36:51  ----  Loaded graphics with name 'damage/divine' at path 'C:/Users/XyRoN/Documents/NetBeansProjects/Codename_FiteMe/res/grfx/damage/divine.png'
LOG : 01:36:51  ----  Loaded graphics with name 'damage/electric' at path 'C:/Users/XyRoN/Documents/NetBeansProjects/Codename_FiteMe/res/grfx/damage/electric.png'
LOG : 01:36:51  ----  Loaded graphics with name 'damage/fire' at path 'C:/Users/XyRoN/Documents/NetBeansProjects/Codename_FiteMe/res/grfx/damage/fire.png'
LOG : 01:36:51  ----  Loaded graphics with name 'damage/nature' at path 'C:/Users/XyRoN/Documents/NetBeansProjects/Codename_FiteMe/res/grfx/damage/nature.png'
LOG : 01:36:51  ----  Loaded graphics with name 'damage/physical' at path 'C:/Users/XyRoN/Documents/NetBeansProjects/Codename_FiteMe/res/grfx/damage/physical.png'
LOG : 01:36:51  ----  Loaded graphics with name 'points/agility' at path 'C:/Users/XyRoN/Documents/NetBeansProjects/Codename_FiteMe/res/grfx/points/agility.png'
LOG : 01:36:51  ----  Loaded graphics with name 'points/arcane' at path 'C:/Users/XyRoN/Documents/NetBeansProjects/Codename_FiteMe/res/grfx/points/arcane.png'
LOG : 01:36:51  ----  Loaded graphics with name 'points/attack' at path 'C:/Users/XyRoN/Documents/NetBeansProjects/Codename_FiteMe/res/grfx/points/attack.png'
LOG : 01:36:51  ----  Loaded graphics with name 'points/dark' at path 'C:/Users/XyRoN/Documents/NetBeansProjects/Codename_FiteMe/res/grfx/points/dark.png'
LOG : 01:36:51  ----  Loaded graphics with name 'points/defence' at path 'C:/Users/XyRoN/Documents/NetBeansProjects/Codename_FiteMe/res/grfx/points/defence.png'
LOG : 01:36:51  ----  Loaded graphics with name 'points/divine' at path 'C:/Users/XyRoN/Documents/NetBeansProjects/Codename_FiteMe/res/grfx/points/divine.png'
LOG : 01:36:51  ----  Loaded graphics with name 'points/nature' at path 'C:/Users/XyRoN/Documents/NetBeansProjects/Codename_FiteMe/res/grfx/points/nature.png'
LOG : 01:36:51  ----  Loaded graphics with name 'ui/end_turn' at path 'C:/Users/XyRoN/Documents/NetBeansProjects/Codename_FiteMe/res/grfx/ui/end_turn.png'
LOG : 01:36:51  ----  Loaded graphics with name 'ui/end_turn_disabled' at path 'C:/Users/XyRoN/Documents/NetBeansProjects/Codename_FiteMe/res/grfx/ui/end_turn_disabled.png'
LOG : 01:36:51  ----  Loaded font with name 'djgross' at path 'C:/Users/XyRoN/Documents/NetBeansProjects/Codename_FiteMe/res/fonts/djgross/DJGROSS.ttf'
LOG : 01:36:51  ----  Loaded font with name 'note_this' at path 'C:/Users/XyRoN/Documents/NetBeansProjects/Codename_FiteMe/res/fonts/note_this/note_this.ttf'
ERR : 01:36:51  ----  Missing card pack resource dump folder at 'res/data/card_packs/'...
LOG : 17:33:14  ----  Starting ...
LOG : 17:33:15  ----  Read settings property 'screen_width' as '1280'
LOG : 17:33:15  ----  Read settings property 'screen_height' as '960'
LOG : 17:33:15  ----  Read settings property 'grfx_path' as 'res/grfx/'
LOG : 17:33:15  ----  Read settings property 'sounds_path' as 'res/sounds/'
LOG : 17:33:15  ----  Loaded graphics with name 'img1' at path 'C:/Users/XyRoN/Documents/NetBeansProjects/Codename_FiteMe/res/grfx/img1.png'
LOG : 17:33:15  ----  Loaded graphics with name 'img2' at path 'C:/Users/XyRoN/Documents/NetBeansProjects/Codename_FiteMe/res/grfx/img2.png'
LOG : 17:33:15  ----  Loaded graphics with name 'cards/card_back' at path 'C:/Users/XyRoN/Documents/NetBeansProjects/Codename_FiteMe/res/grfx/cards/card_back.png'
LOG : 17:33:15  ----  Loaded graphics with name 'cards/card_back_shadow' at path 'C:/Users/XyRoN/Documents/NetBeansProjects/Codename_FiteMe/res/grfx/cards/card_back_shadow.png'
LOG : 17:33:15  ----  Loaded graphics with name 'cards/testcard' at path 'C:/Users/XyRoN/Documents/NetBeansProjects/Codename_FiteMe/res/grfx/cards/testcard.png'
LOG : 17:33:15  ----  Loaded graphics with name 'damage/arcane' at path 'C:/Users/XyRoN/Documents/NetBeansProjects/Codename_FiteMe/res/grfx/damage/arcane.png'
LOG : 17:33:15  ----  Loaded graphics with name 'damage/cold' at path 'C:/Users/XyRoN/Documents/NetBeansProjects/Codename_FiteMe/res/grfx/damage/cold.png'
LOG : 17:33:15  ----  Loaded graphics with name 'damage/dark' at path 'C:/Users/XyRoN/Documents/NetBeansProjects/Codename_FiteMe/res/grfx/damage/dark.png'
LOG : 17:33:15  ----  Loaded graphics with name 'damage/divine' at path 'C:/Users/XyRoN/Documents/NetBeansProjects/Codename_FiteMe/res/grfx/damage/divine.png'
LOG : 17:33:15  ----  Loaded graphics with name 'damage/electric' at path 'C:/Users/XyRoN/Documents/NetBeansProjects/Codename_FiteMe/res/grfx/damage/electric.png'
LOG : 17:33:15  ----  Loaded graphics with name 'damage/fire' at path 'C:/Users/XyRoN/Documents/NetBeansProjects/Codename_FiteMe/res/grfx/damage/fire.png'
LOG : 17:33:15  ----  Loaded graphics with name 'damage/nature' at path 'C:/Users/XyRoN/Documents/NetBeansProjects/Codename_FiteMe/res/grfx/damage/nature.png'
LOG : 17:33:15  ----  Loaded graphics with name 'damage/physical' at path 'C:/Users/XyRoN/Documents/NetBeansProjects/Codename_FiteMe/res/grfx/damage/physical.png'
LOG : 17:33:15  ----  Loaded graphics with name 'points/agility' at path 'C:/Users/XyRoN/Documents/NetBeansProjects/Codename_FiteMe/res/grfx/points/agility.png'
LOG : 17:33:15  ----  Loaded graphics with name 'points/arcane' at path 'C:/Users/XyRoN/Documents/NetBeansProjects/Codename_FiteMe/res/grfx/points/arcane.png'
LOG : 17:33:15  ----  Loaded graphics with name 'points/attack' at path 'C:/Users/XyRoN/Documents/NetBeansProjects/Codename_FiteMe/res/grfx/points/attack.png'
LOG : 17:33:15  ----  Loaded graphics with name 'points/dark' at path 'C:/Users/XyRoN/Documents/NetBeansProjects/Codename_FiteMe/res/grfx/points/dark.png'
LOG : 17:33:15  ----  Loaded graphics with name 'points/defence' at path 'C:/Users/XyRoN/Documents/NetBeansProjects/Codename_FiteMe/res/grfx/points/defence.png'
LOG : 17:33:15  ----  Loaded graphics with name 'points/divine' at path 'C:/Users/XyRoN/Documents/NetBeansProjects/Codename_FiteMe/res/grfx/points/divine.png'
LOG : 17:33:15  ----  Loaded graphics with name 'points/nature' at path 'C:/Users/XyRoN/Documents/NetBeansProjects/Codename_FiteMe/res/grfx/points/nature.png'
LOG : 17:33:15  ----  Loaded graphics with name 'ui/end_turn' at path 'C:/Users/XyRoN/Documents/NetBeansProjects/Codename_FiteMe/res/grfx/ui/end_turn.png'
LOG : 17:33:15  ----  Loaded graphics with name 'ui/end_turn_disabled' at path 'C:/Users/XyRoN/Documents/NetBeansProjects/Codename_FiteMe/res/grfx/ui/end_turn_disabled.png'
LOG : 17:33:15  ----  Loaded font with name 'djgross' at path 'C:/Users/XyRoN/Documents/NetBeansProjects/Codename_FiteMe/res/fonts/djgross/DJGROSS.ttf'
LOG : 17:33:15  ----  Loaded font with name 'note_this' at path 'C:/Users/XyRoN/Documents/NetBeansProjects/Codename_FiteMe/res/fonts/note_this/note_this.ttf'
ERR : 17:33:16  ----  Exception NoSuchMethodException caught at org.simon.src.game.gui.GuiElement @ setOnClick ln:208
ERR : 17:33:16  ----  Exception message: org.simon.src.game.gui.GuiActionHandler.initfadeout(org.simon.src.game.gui.GuiElement)
