LOG : 23:52:31  ----  Starting ...
LOG : 23:52:31  ----  Read settings property 'screen_width' as '800'
LOG : 23:52:31  ----  Read settings property 'screen_height' as '600'
LOG : 23:52:31  ----  Read settings property 'grfx_path' as 'res/grfx/'
LOG : 23:52:32  ----  Read settings property 'sounds_path' as 'res/sounds/'
LOG : 23:52:32  ----  Loaded graphics with name 'img1' at path 'C:/Users/XyRoN/Documents/NetBeansProjects/Codename_FiteMe/res/grfx/img1.png'
LOG : 23:52:32  ----  Loaded graphics with name 'img2' at path 'C:/Users/XyRoN/Documents/NetBeansProjects/Codename_FiteMe/res/grfx/img2.png'
LOG : 23:52:32  ----  Loaded graphics with name 'subfolder1/img1' at path 'C:/Users/XyRoN/Documents/NetBeansProjects/Codename_FiteMe/res/grfx/subfolder1/img1.png'
LOG : 23:52:32  ----  Loaded graphics with name 'subfolder1/img2' at path 'C:/Users/XyRoN/Documents/NetBeansProjects/Codename_FiteMe/res/grfx/subfolder1/img2.png'
LOG : 23:52:32  ----  Loaded font with name 'djgross' at path 'C:/Users/XyRoN/Documents/NetBeansProjects/Codename_FiteMe/res/fonts/djgross/DJGROSS.ttf'
LOG : 23:52:32  ----  Loaded font with name 'note_this' at path 'C:/Users/XyRoN/Documents/NetBeansProjects/Codename_FiteMe/res/fonts/note_this/note_this.ttf'
LOG : 23:54:06  ----  Starting ...
LOG : 23:54:06  ----  Read settings property 'screen_width' as '800'
LOG : 23:54:06  ----  Read settings property 'screen_height' as '600'
LOG : 23:54:06  ----  Read settings property 'grfx_path' as 'res/grfx/'
LOG : 23:54:06  ----  Read settings property 'sounds_path' as 'res/sounds/'
LOG : 23:54:06  ----  Loaded graphics with name 'img1' at path 'C:/Users/XyRoN/Documents/NetBeansProjects/Codename_FiteMe/res/grfx/img1.png'
LOG : 23:54:06  ----  Loaded graphics with name 'img2' at path 'C:/Users/XyRoN/Documents/NetBeansProjects/Codename_FiteMe/res/grfx/img2.png'
LOG : 23:54:07  ----  Loaded graphics with name 'subfolder1/img1' at path 'C:/Users/XyRoN/Documents/NetBeansProjects/Codename_FiteMe/res/grfx/subfolder1/img1.png'
LOG : 23:54:07  ----  Loaded graphics with name 'subfolder1/img2' at path 'C:/Users/XyRoN/Documents/NetBeansProjects/Codename_FiteMe/res/grfx/subfolder1/img2.png'
LOG : 23:54:07  ----  Loaded font with name 'djgross' at path 'C:/Users/XyRoN/Documents/NetBeansProjects/Codename_FiteMe/res/fonts/djgross/DJGROSS.ttf'
LOG : 23:54:07  ----  Loaded font with name 'note_this' at path 'C:/Users/XyRoN/Documents/NetBeansProjects/Codename_FiteMe/res/fonts/note_this/note_this.ttf'
ERR : 23:54:07  ----  Exception NoSuchMethodException caught at org.simon.src.game.gui.GuiElement @ <init> ln:48
ERR : 23:54:07  ----  Exception message: org.simon.src.game.gui.GuiActionHandler.testclick()
LOG : 23:54:48  ----  Starting ...
LOG : 23:54:49  ----  Read settings property 'screen_width' as '800'
LOG : 23:54:49  ----  Read settings property 'screen_height' as '600'
LOG : 23:54:49  ----  Read settings property 'grfx_path' as 'res/grfx/'
LOG : 23:54:49  ----  Read settings property 'sounds_path' as 'res/sounds/'
LOG : 23:54:49  ----  Loaded graphics with name 'img1' at path 'C:/Users/XyRoN/Documents/NetBeansProjects/Codename_FiteMe/res/grfx/img1.png'
LOG : 23:54:49  ----  Loaded graphics with name 'img2' at path 'C:/Users/XyRoN/Documents/NetBeansProjects/Codename_FiteMe/res/grfx/img2.png'
LOG : 23:54:49  ----  Loaded graphics with name 'subfolder1/img1' at path 'C:/Users/XyRoN/Documents/NetBeansProjects/Codename_FiteMe/res/grfx/subfolder1/img1.png'
LOG : 23:54:49  ----  Loaded graphics with name 'subfolder1/img2' at path 'C:/Users/XyRoN/Documents/NetBeansProjects/Codename_FiteMe/res/grfx/subfolder1/img2.png'
LOG : 23:54:49  ----  Loaded font with name 'djgross' at path 'C:/Users/XyRoN/Documents/NetBeansProjects/Codename_FiteMe/res/fonts/djgross/DJGROSS.ttf'
LOG : 23:54:49  ----  Loaded font with name 'note_this' at path 'C:/Users/XyRoN/Documents/NetBeansProjects/Codename_FiteMe/res/fonts/note_this/note_this.ttf'
LOG : 23:56:00  ----  Starting ...
LOG : 23:56:01  ----  Read settings property 'screen_width' as '800'
LOG : 23:56:01  ----  Read settings property 'screen_height' as '600'
LOG : 23:56:01  ----  Read settings property 'grfx_path' as 'res/grfx/'
LOG : 23:56:01  ----  Read settings property 'sounds_path' as 'res/sounds/'
LOG : 23:56:01  ----  Loaded graphics with name 'img1' at path 'C:/Users/XyRoN/Documents/NetBeansProjects/Codename_FiteMe/res/grfx/img1.png'
LOG : 23:56:01  ----  Loaded graphics with name 'img2' at path 'C:/Users/XyRoN/Documents/NetBeansProjects/Codename_FiteMe/res/grfx/img2.png'
LOG : 23:56:01  ----  Loaded graphics with name 'subfolder1/img1' at path 'C:/Users/XyRoN/Documents/NetBeansProjects/Codename_FiteMe/res/grfx/subfolder1/img1.png'
LOG : 23:56:01  ----  Loaded graphics with name 'subfolder1/img2' at path 'C:/Users/XyRoN/Documents/NetBeansProjects/Codename_FiteMe/res/grfx/subfolder1/img2.png'
LOG : 23:56:01  ----  Loaded font with name 'djgross' at path 'C:/Users/XyRoN/Documents/NetBeansProjects/Codename_FiteMe/res/fonts/djgross/DJGROSS.ttf'
LOG : 23:56:01  ----  Loaded font with name 'note_this' at path 'C:/Users/XyRoN/Documents/NetBeansProjects/Codename_FiteMe/res/fonts/note_this/note_this.ttf'
LOG : 23:56:38  ----  Starting ...
LOG : 23:56:39  ----  Read settings property 'screen_width' as '800'
LOG : 23:56:39  ----  Read settings property 'screen_height' as '600'
LOG : 23:56:39  ----  Read settings property 'grfx_path' as 'res/grfx/'
LOG : 23:56:39  ----  Read settings property 'sounds_path' as 'res/sounds/'
LOG : 23:56:39  ----  Loaded graphics with name 'img1' at path 'C:/Users/XyRoN/Documents/NetBeansProjects/Codename_FiteMe/res/grfx/img1.png'
LOG : 23:56:39  ----  Loaded graphics with name 'img2' at path 'C:/Users/XyRoN/Documents/NetBeansProjects/Codename_FiteMe/res/grfx/img2.png'
LOG : 23:56:39  ----  Loaded graphics with name 'subfolder1/img1' at path 'C:/Users/XyRoN/Documents/NetBeansProjects/Codename_FiteMe/res/grfx/subfolder1/img1.png'
LOG : 23:56:39  ----  Loaded graphics with name 'subfolder1/img2' at path 'C:/Users/XyRoN/Documents/NetBeansProjects/Codename_FiteMe/res/grfx/subfolder1/img2.png'
LOG : 23:56:39  ----  Loaded font with name 'djgross' at path 'C:/Users/XyRoN/Documents/NetBeansProjects/Codename_FiteMe/res/fonts/djgross/DJGROSS.ttf'
LOG : 23:56:39  ----  Loaded font with name 'note_this' at path 'C:/Users/XyRoN/Documents/NetBeansProjects/Codename_FiteMe/res/fonts/note_this/note_this.ttf'
LOG : 23:57:27  ----  Starting ...
LOG : 23:57:28  ----  Read settings property 'screen_width' as '800'
LOG : 23:57:28  ----  Read settings property 'screen_height' as '600'
LOG : 23:57:28  ----  Read settings property 'grfx_path' as 'res/grfx/'
LOG : 23:57:28  ----  Read settings property 'sounds_path' as 'res/sounds/'
LOG : 23:57:28  ----  Loaded graphics with name 'img1' at path 'C:/Users/XyRoN/Documents/NetBeansProjects/Codename_FiteMe/res/grfx/img1.png'
LOG : 23:57:28  ----  Loaded graphics with name 'img2' at path 'C:/Users/XyRoN/Documents/NetBeansProjects/Codename_FiteMe/res/grfx/img2.png'
LOG : 23:57:28  ----  Loaded graphics with name 'subfolder1/img1' at path 'C:/Users/XyRoN/Documents/NetBeansProjects/Codename_FiteMe/res/grfx/subfolder1/img1.png'
LOG : 23:57:28  ----  Loaded graphics with name 'subfolder1/img2' at path 'C:/Users/XyRoN/Documents/NetBeansProjects/Codename_FiteMe/res/grfx/subfolder1/img2.png'
LOG : 23:57:28  ----  Loaded font with name 'djgross' at path 'C:/Users/XyRoN/Documents/NetBeansProjects/Codename_FiteMe/res/fonts/djgross/DJGROSS.ttf'
LOG : 23:57:28  ----  Loaded font with name 'note_this' at path 'C:/Users/XyRoN/Documents/NetBeansProjects/Codename_FiteMe/res/fonts/note_this/note_this.ttf'
LOG : 23:57:50  ----  Starting ...
LOG : 23:57:51  ----  Read settings property 'screen_width' as '800'
LOG : 23:57:51  ----  Read settings property 'screen_height' as '600'
LOG : 23:57:51  ----  Read settings property 'grfx_path' as 'res/grfx/'
LOG : 23:57:51  ----  Read settings property 'sounds_path' as 'res/sounds/'
LOG : 23:57:51  ----  Loaded graphics with name 'img1' at path 'C:/Users/XyRoN/Documents/NetBeansProjects/Codename_FiteMe/res/grfx/img1.png'
LOG : 23:57:51  ----  Loaded graphics with name 'img2' at path 'C:/Users/XyRoN/Documents/NetBeansProjects/Codename_FiteMe/res/grfx/img2.png'
LOG : 23:57:51  ----  Loaded graphics with name 'subfolder1/img1' at path 'C:/Users/XyRoN/Documents/NetBeansProjects/Codename_FiteMe/res/grfx/subfolder1/img1.png'
LOG : 23:57:51  ----  Loaded graphics with name 'subfolder1/img2' at path 'C:/Users/XyRoN/Documents/NetBeansProjects/Codename_FiteMe/res/grfx/subfolder1/img2.png'
LOG : 23:57:51  ----  Loaded font with name 'djgross' at path 'C:/Users/XyRoN/Documents/NetBeansProjects/Codename_FiteMe/res/fonts/djgross/DJGROSS.ttf'
LOG : 23:57:51  ----  Loaded font with name 'note_this' at path 'C:/Users/XyRoN/Documents/NetBeansProjects/Codename_FiteMe/res/fonts/note_this/note_this.ttf'
LOG : 23:58:00  ----  Starting ...
LOG : 23:58:01  ----  Read settings property 'screen_width' as '800'
LOG : 23:58:01  ----  Read settings property 'screen_height' as '600'
LOG : 23:58:01  ----  Read settings property 'grfx_path' as 'res/grfx/'
LOG : 23:58:01  ----  Read settings property 'sounds_path' as 'res/sounds/'
LOG : 23:58:01  ----  Loaded graphics with name 'img1' at path 'C:/Users/XyRoN/Documents/NetBeansProjects/Codename_FiteMe/res/grfx/img1.png'
LOG : 23:58:01  ----  Loaded graphics with name 'img2' at path 'C:/Users/XyRoN/Documents/NetBeansProjects/Codename_FiteMe/res/grfx/img2.png'
LOG : 23:58:01  ----  Loaded graphics with name 'subfolder1/img1' at path 'C:/Users/XyRoN/Documents/NetBeansProjects/Codename_FiteMe/res/grfx/subfolder1/img1.png'
LOG : 23:58:01  ----  Loaded graphics with name 'subfolder1/img2' at path 'C:/Users/XyRoN/Documents/NetBeansProjects/Codename_FiteMe/res/grfx/subfolder1/img2.png'
LOG : 23:58:01  ----  Loaded font with name 'djgross' at path 'C:/Users/XyRoN/Documents/NetBeansProjects/Codename_FiteMe/res/fonts/djgross/DJGROSS.ttf'
LOG : 23:58:01  ----  Loaded font with name 'note_this' at path 'C:/Users/XyRoN/Documents/NetBeansProjects/Codename_FiteMe/res/fonts/note_this/note_this.ttf'
LOG : 23:58:12  ----  Starting ...
LOG : 23:58:13  ----  Read settings property 'screen_width' as '800'
LOG : 23:58:13  ----  Read settings property 'screen_height' as '600'
LOG : 23:58:13  ----  Read settings property 'grfx_path' as 'res/grfx/'
LOG : 23:58:13  ----  Read settings property 'sounds_path' as 'res/sounds/'
LOG : 23:58:13  ----  Loaded graphics with name 'img1' at path 'C:/Users/XyRoN/Documents/NetBeansProjects/Codename_FiteMe/res/grfx/img1.png'
LOG : 23:58:13  ----  Loaded graphics with name 'img2' at path 'C:/Users/XyRoN/Documents/NetBeansProjects/Codename_FiteMe/res/grfx/img2.png'
LOG : 23:58:13  ----  Loaded graphics with name 'subfolder1/img1' at path 'C:/Users/XyRoN/Documents/NetBeansProjects/Codename_FiteMe/res/grfx/subfolder1/img1.png'
LOG : 23:58:13  ----  Loaded graphics with name 'subfolder1/img2' at path 'C:/Users/XyRoN/Documents/NetBeansProjects/Codename_FiteMe/res/grfx/subfolder1/img2.png'
LOG : 23:58:13  ----  Loaded font with name 'djgross' at path 'C:/Users/XyRoN/Documents/NetBeansProjects/Codename_FiteMe/res/fonts/djgross/DJGROSS.ttf'
LOG : 23:58:13  ----  Loaded font with name 'note_this' at path 'C:/Users/XyRoN/Documents/NetBeansProjects/Codename_FiteMe/res/fonts/note_this/note_this.ttf'
LOG : 23:59:43  ----  Starting ...
LOG : 23:59:43  ----  Read settings property 'screen_width' as '800'
LOG : 23:59:43  ----  Read settings property 'screen_height' as '600'
LOG : 23:59:43  ----  Read settings property 'grfx_path' as 'res/grfx/'
LOG : 23:59:43  ----  Read settings property 'sounds_path' as 'res/sounds/'
LOG : 23:59:43  ----  Loaded graphics with name 'img1' at path 'C:/Users/XyRoN/Documents/NetBeansProjects/Codename_FiteMe/res/grfx/img1.png'
LOG : 23:59:43  ----  Loaded graphics with name 'img2' at path 'C:/Users/XyRoN/Documents/NetBeansProjects/Codename_FiteMe/res/grfx/img2.png'
LOG : 23:59:43  ----  Loaded graphics with name 'subfolder1/img1' at path 'C:/Users/XyRoN/Documents/NetBeansProjects/Codename_FiteMe/res/grfx/subfolder1/img1.png'
LOG : 23:59:43  ----  Loaded graphics with name 'subfolder1/img2' at path 'C:/Users/XyRoN/Documents/NetBeansProjects/Codename_FiteMe/res/grfx/subfolder1/img2.png'
LOG : 23:59:43  ----  Loaded font with name 'djgross' at path 'C:/Users/XyRoN/Documents/NetBeansProjects/Codename_FiteMe/res/fonts/djgross/DJGROSS.ttf'
LOG : 23:59:43  ----  Loaded font with name 'note_this' at path 'C:/Users/XyRoN/Documents/NetBeansProjects/Codename_FiteMe/res/fonts/note_this/note_this.ttf'
ERR : 23:59:43  ----  Exception NoSuchMethodException caught at org.simon.src.game.gui.GuiElement @ <init> ln:48
ERR : 23:59:43  ----  Exception message: org.simon.src.game.gui.GuiActionHandler.testclick()
