LOG : 18:09:00  ----  Starting ...
LOG : 18:09:01  ----  Read settings property 'screen_width' as '800'
LOG : 18:09:01  ----  Read settings property 'screen_height' as '600'
LOG : 18:09:01  ----  Read settings property 'grfx_path' as 'res/grfx/'
LOG : 18:09:01  ----  Read settings property 'sounds_path' as 'res/sounds/'
LOG : 18:09:01  ----  Loaded graphics with name 'img1' at path 'C:/Users/XyRoN/Documents/NetBeansProjects/Codename_FiteMe/res/grfx/img1.png'
LOG : 18:09:01  ----  Loaded graphics with name 'img2' at path 'C:/Users/XyRoN/Documents/NetBeansProjects/Codename_FiteMe/res/grfx/img2.png'
LOG : 18:09:01  ----  Loaded graphics with name 'subfolder1/img1' at path 'C:/Users/XyRoN/Documents/NetBeansProjects/Codename_FiteMe/res/grfx/subfolder1/img1.png'
LOG : 18:09:01  ----  Loaded graphics with name 'subfolder1/img2' at path 'C:/Users/XyRoN/Documents/NetBeansProjects/Codename_FiteMe/res/grfx/subfolder1/img2.png'
LOG : 18:09:01  ----  Loaded font with name 'djgross' at path 'C:/Users/XyRoN/Documents/NetBeansProjects/Codename_FiteMe/res/fonts/djgross/DJGROSS.ttf'
LOG : 18:09:01  ----  Loaded font with name 'note_this' at path 'C:/Users/XyRoN/Documents/NetBeansProjects/Codename_FiteMe/res/fonts/note_this/note_this.ttf'
LOG : 18:09:26  ----  Starting ...
LOG : 18:09:27  ----  Read settings property 'screen_width' as '800'
LOG : 18:09:27  ----  Read settings property 'screen_height' as '600'
LOG : 18:09:27  ----  Read settings property 'grfx_path' as 'res/grfx/'
LOG : 18:09:27  ----  Read settings property 'sounds_path' as 'res/sounds/'
LOG : 18:09:27  ----  Loaded graphics with name 'img1' at path 'C:/Users/XyRoN/Documents/NetBeansProjects/Codename_FiteMe/res/grfx/img1.png'
LOG : 18:09:27  ----  Loaded graphics with name 'img2' at path 'C:/Users/XyRoN/Documents/NetBeansProjects/Codename_FiteMe/res/grfx/img2.png'
LOG : 18:09:27  ----  Loaded graphics with name 'subfolder1/img1' at path 'C:/Users/XyRoN/Documents/NetBeansProjects/Codename_FiteMe/res/grfx/subfolder1/img1.png'
LOG : 18:09:27  ----  Loaded graphics with name 'subfolder1/img2' at path 'C:/Users/XyRoN/Documents/NetBeansProjects/Codename_FiteMe/res/grfx/subfolder1/img2.png'
LOG : 18:09:27  ----  Loaded font with name 'djgross' at path 'C:/Users/XyRoN/Documents/NetBeansProjects/Codename_FiteMe/res/fonts/djgross/DJGROSS.ttf'
LOG : 18:09:27  ----  Loaded font with name 'note_this' at path 'C:/Users/XyRoN/Documents/NetBeansProjects/Codename_FiteMe/res/fonts/note_this/note_this.ttf'
LOG : 18:10:12  ----  Starting ...
LOG : 18:10:13  ----  Read settings property 'screen_width' as '800'
LOG : 18:10:13  ----  Read settings property 'screen_height' as '600'
LOG : 18:10:13  ----  Read settings property 'grfx_path' as 'res/grfx/'
LOG : 18:10:13  ----  Read settings property 'sounds_path' as 'res/sounds/'
LOG : 18:10:13  ----  Loaded graphics with name 'img1' at path 'C:/Users/XyRoN/Documents/NetBeansProjects/Codename_FiteMe/res/grfx/img1.png'
LOG : 18:10:13  ----  Loaded graphics with name 'img2' at path 'C:/Users/XyRoN/Documents/NetBeansProjects/Codename_FiteMe/res/grfx/img2.png'
LOG : 18:10:13  ----  Loaded graphics with name 'subfolder1/img1' at path 'C:/Users/XyRoN/Documents/NetBeansProjects/Codename_FiteMe/res/grfx/subfolder1/img1.png'
LOG : 18:10:13  ----  Loaded graphics with name 'subfolder1/img2' at path 'C:/Users/XyRoN/Documents/NetBeansProjects/Codename_FiteMe/res/grfx/subfolder1/img2.png'
LOG : 18:10:13  ----  Loaded font with name 'djgross' at path 'C:/Users/XyRoN/Documents/NetBeansProjects/Codename_FiteMe/res/fonts/djgross/DJGROSS.ttf'
LOG : 18:10:13  ----  Loaded font with name 'note_this' at path 'C:/Users/XyRoN/Documents/NetBeansProjects/Codename_FiteMe/res/fonts/note_this/note_this.ttf'
LOG : 18:11:58  ----  Starting ...
LOG : 18:11:58  ----  Read settings property 'screen_width' as '800'
LOG : 18:11:58  ----  Read settings property 'screen_height' as '600'
LOG : 18:11:58  ----  Read settings property 'grfx_path' as 'res/grfx/'
LOG : 18:11:58  ----  Read settings property 'sounds_path' as 'res/sounds/'
LOG : 18:11:59  ----  Loaded graphics with name 'img1' at path 'C:/Users/XyRoN/Documents/NetBeansProjects/Codename_FiteMe/res/grfx/img1.png'
LOG : 18:11:59  ----  Loaded graphics with name 'img2' at path 'C:/Users/XyRoN/Documents/NetBeansProjects/Codename_FiteMe/res/grfx/img2.png'
LOG : 18:11:59  ----  Loaded graphics with name 'subfolder1/img1' at path 'C:/Users/XyRoN/Documents/NetBeansProjects/Codename_FiteMe/res/grfx/subfolder1/img1.png'
LOG : 18:11:59  ----  Loaded graphics with name 'subfolder1/img2' at path 'C:/Users/XyRoN/Documents/NetBeansProjects/Codename_FiteMe/res/grfx/subfolder1/img2.png'
LOG : 18:11:59  ----  Loaded font with name 'djgross' at path 'C:/Users/XyRoN/Documents/NetBeansProjects/Codename_FiteMe/res/fonts/djgross/DJGROSS.ttf'
LOG : 18:11:59  ----  Loaded font with name 'note_this' at path 'C:/Users/XyRoN/Documents/NetBeansProjects/Codename_FiteMe/res/fonts/note_this/note_this.ttf'
LOG : 18:16:01  ----  Starting ...
LOG : 18:16:02  ----  Read settings property 'screen_width' as '800'
LOG : 18:16:02  ----  Read settings property 'screen_height' as '600'
LOG : 18:16:02  ----  Read settings property 'grfx_path' as 'res/grfx/'
LOG : 18:16:02  ----  Read settings property 'sounds_path' as 'res/sounds/'
LOG : 18:16:02  ----  Loaded graphics with name 'img1' at path 'C:/Users/XyRoN/Documents/NetBeansProjects/Codename_FiteMe/res/grfx/img1.png'
LOG : 18:16:02  ----  Loaded graphics with name 'img2' at path 'C:/Users/XyRoN/Documents/NetBeansProjects/Codename_FiteMe/res/grfx/img2.png'
LOG : 18:16:02  ----  Loaded graphics with name 'subfolder1/img1' at path 'C:/Users/XyRoN/Documents/NetBeansProjects/Codename_FiteMe/res/grfx/subfolder1/img1.png'
LOG : 18:16:02  ----  Loaded graphics with name 'subfolder1/img2' at path 'C:/Users/XyRoN/Documents/NetBeansProjects/Codename_FiteMe/res/grfx/subfolder1/img2.png'
LOG : 18:16:02  ----  Loaded font with name 'djgross' at path 'C:/Users/XyRoN/Documents/NetBeansProjects/Codename_FiteMe/res/fonts/djgross/DJGROSS.ttf'
LOG : 18:16:02  ----  Loaded font with name 'note_this' at path 'C:/Users/XyRoN/Documents/NetBeansProjects/Codename_FiteMe/res/fonts/note_this/note_this.ttf'
LOG : 18:16:16  ----  Starting ...
LOG : 18:16:16  ----  Read settings property 'screen_width' as '800'
LOG : 18:16:16  ----  Read settings property 'screen_height' as '600'
LOG : 18:16:16  ----  Read settings property 'grfx_path' as 'res/grfx/'
LOG : 18:16:16  ----  Read settings property 'sounds_path' as 'res/sounds/'
LOG : 18:16:16  ----  Loaded graphics with name 'img1' at path 'C:/Users/XyRoN/Documents/NetBeansProjects/Codename_FiteMe/res/grfx/img1.png'
LOG : 18:16:16  ----  Loaded graphics with name 'img2' at path 'C:/Users/XyRoN/Documents/NetBeansProjects/Codename_FiteMe/res/grfx/img2.png'
LOG : 18:16:16  ----  Loaded graphics with name 'subfolder1/img1' at path 'C:/Users/XyRoN/Documents/NetBeansProjects/Codename_FiteMe/res/grfx/subfolder1/img1.png'
LOG : 18:16:16  ----  Loaded graphics with name 'subfolder1/img2' at path 'C:/Users/XyRoN/Documents/NetBeansProjects/Codename_FiteMe/res/grfx/subfolder1/img2.png'
LOG : 18:16:16  ----  Loaded font with name 'djgross' at path 'C:/Users/XyRoN/Documents/NetBeansProjects/Codename_FiteMe/res/fonts/djgross/DJGROSS.ttf'
LOG : 18:16:16  ----  Loaded font with name 'note_this' at path 'C:/Users/XyRoN/Documents/NetBeansProjects/Codename_FiteMe/res/fonts/note_this/note_this.ttf'
LOG : 18:16:36  ----  Starting ...
LOG : 18:16:37  ----  Read settings property 'screen_width' as '800'
LOG : 18:16:37  ----  Read settings property 'screen_height' as '600'
LOG : 18:16:37  ----  Read settings property 'grfx_path' as 'res/grfx/'
LOG : 18:16:37  ----  Read settings property 'sounds_path' as 'res/sounds/'
LOG : 18:16:37  ----  Loaded graphics with name 'img1' at path 'C:/Users/XyRoN/Documents/NetBeansProjects/Codename_FiteMe/res/grfx/img1.png'
LOG : 18:16:37  ----  Loaded graphics with name 'img2' at path 'C:/Users/XyRoN/Documents/NetBeansProjects/Codename_FiteMe/res/grfx/img2.png'
LOG : 18:16:37  ----  Loaded graphics with name 'subfolder1/img1' at path 'C:/Users/XyRoN/Documents/NetBeansProjects/Codename_FiteMe/res/grfx/subfolder1/img1.png'
LOG : 18:16:37  ----  Loaded graphics with name 'subfolder1/img2' at path 'C:/Users/XyRoN/Documents/NetBeansProjects/Codename_FiteMe/res/grfx/subfolder1/img2.png'
LOG : 18:16:37  ----  Loaded font with name 'djgross' at path 'C:/Users/XyRoN/Documents/NetBeansProjects/Codename_FiteMe/res/fonts/djgross/DJGROSS.ttf'
LOG : 18:16:37  ----  Loaded font with name 'note_this' at path 'C:/Users/XyRoN/Documents/NetBeansProjects/Codename_FiteMe/res/fonts/note_this/note_this.ttf'
LOG : 18:17:54  ----  Starting ...
LOG : 18:17:55  ----  Read settings property 'screen_width' as '800'
LOG : 18:17:55  ----  Read settings property 'screen_height' as '600'
LOG : 18:17:55  ----  Read settings property 'grfx_path' as 'res/grfx/'
LOG : 18:17:55  ----  Read settings property 'sounds_path' as 'res/sounds/'
LOG : 18:17:55  ----  Loaded graphics with name 'img1' at path 'C:/Users/XyRoN/Documents/NetBeansProjects/Codename_FiteMe/res/grfx/img1.png'
LOG : 18:17:55  ----  Loaded graphics with name 'img2' at path 'C:/Users/XyRoN/Documents/NetBeansProjects/Codename_FiteMe/res/grfx/img2.png'
LOG : 18:17:55  ----  Loaded graphics with name 'subfolder1/img1' at path 'C:/Users/XyRoN/Documents/NetBeansProjects/Codename_FiteMe/res/grfx/subfolder1/img1.png'
LOG : 18:17:55  ----  Loaded graphics with name 'subfolder1/img2' at path 'C:/Users/XyRoN/Documents/NetBeansProjects/Codename_FiteMe/res/grfx/subfolder1/img2.png'
LOG : 18:17:55  ----  Loaded font with name 'djgross' at path 'C:/Users/XyRoN/Documents/NetBeansProjects/Codename_FiteMe/res/fonts/djgross/DJGROSS.ttf'
LOG : 18:17:55  ----  Loaded font with name 'note_this' at path 'C:/Users/XyRoN/Documents/NetBeansProjects/Codename_FiteMe/res/fonts/note_this/note_this.ttf'
LOG : 18:18:05  ----  Starting ...
LOG : 18:18:06  ----  Read settings property 'screen_width' as '800'
LOG : 18:18:06  ----  Read settings property 'screen_height' as '600'
LOG : 18:18:06  ----  Read settings property 'grfx_path' as 'res/grfx/'
LOG : 18:18:06  ----  Read settings property 'sounds_path' as 'res/sounds/'
LOG : 18:18:06  ----  Loaded graphics with name 'img1' at path 'C:/Users/XyRoN/Documents/NetBeansProjects/Codename_FiteMe/res/grfx/img1.png'
LOG : 18:18:06  ----  Loaded graphics with name 'img2' at path 'C:/Users/XyRoN/Documents/NetBeansProjects/Codename_FiteMe/res/grfx/img2.png'
LOG : 18:18:06  ----  Loaded graphics with name 'subfolder1/img1' at path 'C:/Users/XyRoN/Documents/NetBeansProjects/Codename_FiteMe/res/grfx/subfolder1/img1.png'
LOG : 18:18:06  ----  Loaded graphics with name 'subfolder1/img2' at path 'C:/Users/XyRoN/Documents/NetBeansProjects/Codename_FiteMe/res/grfx/subfolder1/img2.png'
LOG : 18:18:06  ----  Loaded font with name 'djgross' at path 'C:/Users/XyRoN/Documents/NetBeansProjects/Codename_FiteMe/res/fonts/djgross/DJGROSS.ttf'
LOG : 18:18:06  ----  Loaded font with name 'note_this' at path 'C:/Users/XyRoN/Documents/NetBeansProjects/Codename_FiteMe/res/fonts/note_this/note_this.ttf'
LOG : 18:18:30  ----  Starting ...
LOG : 18:18:31  ----  Read settings property 'screen_width' as '800'
LOG : 18:18:31  ----  Read settings property 'screen_height' as '600'
LOG : 18:18:31  ----  Read settings property 'grfx_path' as 'res/grfx/'
LOG : 18:18:31  ----  Read settings property 'sounds_path' as 'res/sounds/'
LOG : 18:18:31  ----  Loaded graphics with name 'img1' at path 'C:/Users/XyRoN/Documents/NetBeansProjects/Codename_FiteMe/res/grfx/img1.png'
LOG : 18:18:31  ----  Loaded graphics with name 'img2' at path 'C:/Users/XyRoN/Documents/NetBeansProjects/Codename_FiteMe/res/grfx/img2.png'
LOG : 18:18:31  ----  Loaded graphics with name 'subfolder1/img1' at path 'C:/Users/XyRoN/Documents/NetBeansProjects/Codename_FiteMe/res/grfx/subfolder1/img1.png'
LOG : 18:18:31  ----  Loaded graphics with name 'subfolder1/img2' at path 'C:/Users/XyRoN/Documents/NetBeansProjects/Codename_FiteMe/res/grfx/subfolder1/img2.png'
LOG : 18:18:31  ----  Loaded font with name 'djgross' at path 'C:/Users/XyRoN/Documents/NetBeansProjects/Codename_FiteMe/res/fonts/djgross/DJGROSS.ttf'
LOG : 18:18:31  ----  Loaded font with name 'note_this' at path 'C:/Users/XyRoN/Documents/NetBeansProjects/Codename_FiteMe/res/fonts/note_this/note_this.ttf'
LOG : 18:19:58  ----  Starting ...
LOG : 18:19:59  ----  Read settings property 'screen_width' as '800'
LOG : 18:19:59  ----  Read settings property 'screen_height' as '600'
LOG : 18:19:59  ----  Read settings property 'grfx_path' as 'res/grfx/'
LOG : 18:19:59  ----  Read settings property 'sounds_path' as 'res/sounds/'
LOG : 18:19:59  ----  Loaded graphics with name 'img1' at path 'C:/Users/XyRoN/Documents/NetBeansProjects/Codename_FiteMe/res/grfx/img1.png'
LOG : 18:19:59  ----  Loaded graphics with name 'img2' at path 'C:/Users/XyRoN/Documents/NetBeansProjects/Codename_FiteMe/res/grfx/img2.png'
LOG : 18:19:59  ----  Loaded graphics with name 'subfolder1/img1' at path 'C:/Users/XyRoN/Documents/NetBeansProjects/Codename_FiteMe/res/grfx/subfolder1/img1.png'
LOG : 18:19:59  ----  Loaded graphics with name 'subfolder1/img2' at path 'C:/Users/XyRoN/Documents/NetBeansProjects/Codename_FiteMe/res/grfx/subfolder1/img2.png'
LOG : 18:19:59  ----  Loaded font with name 'djgross' at path 'C:/Users/XyRoN/Documents/NetBeansProjects/Codename_FiteMe/res/fonts/djgross/DJGROSS.ttf'
LOG : 18:19:59  ----  Loaded font with name 'note_this' at path 'C:/Users/XyRoN/Documents/NetBeansProjects/Codename_FiteMe/res/fonts/note_this/note_this.ttf'
LOG : 18:20:39  ----  Starting ...
LOG : 18:20:40  ----  Read settings property 'screen_width' as '800'
LOG : 18:20:40  ----  Read settings property 'screen_height' as '600'
LOG : 18:20:40  ----  Read settings property 'grfx_path' as 'res/grfx/'
LOG : 18:20:40  ----  Read settings property 'sounds_path' as 'res/sounds/'
LOG : 18:20:40  ----  Loaded graphics with name 'img1' at path 'C:/Users/XyRoN/Documents/NetBeansProjects/Codename_FiteMe/res/grfx/img1.png'
LOG : 18:20:40  ----  Loaded graphics with name 'img2' at path 'C:/Users/XyRoN/Documents/NetBeansProjects/Codename_FiteMe/res/grfx/img2.png'
LOG : 18:20:40  ----  Loaded graphics with name 'subfolder1/img1' at path 'C:/Users/XyRoN/Documents/NetBeansProjects/Codename_FiteMe/res/grfx/subfolder1/img1.png'
LOG : 18:20:40  ----  Loaded graphics with name 'subfolder1/img2' at path 'C:/Users/XyRoN/Documents/NetBeansProjects/Codename_FiteMe/res/grfx/subfolder1/img2.png'
LOG : 18:20:40  ----  Loaded font with name 'djgross' at path 'C:/Users/XyRoN/Documents/NetBeansProjects/Codename_FiteMe/res/fonts/djgross/DJGROSS.ttf'
LOG : 18:20:40  ----  Loaded font with name 'note_this' at path 'C:/Users/XyRoN/Documents/NetBeansProjects/Codename_FiteMe/res/fonts/note_this/note_this.ttf'
LOG : 18:22:19  ----  Starting ...
LOG : 18:22:20  ----  Read settings property 'screen_width' as '800'
LOG : 18:22:20  ----  Read settings property 'screen_height' as '600'
LOG : 18:22:20  ----  Read settings property 'grfx_path' as 'res/grfx/'
LOG : 18:22:20  ----  Read settings property 'sounds_path' as 'res/sounds/'
LOG : 18:22:20  ----  Loaded graphics with name 'img1' at path 'C:/Users/XyRoN/Documents/NetBeansProjects/Codename_FiteMe/res/grfx/img1.png'
LOG : 18:22:20  ----  Loaded graphics with name 'img2' at path 'C:/Users/XyRoN/Documents/NetBeansProjects/Codename_FiteMe/res/grfx/img2.png'
LOG : 18:22:20  ----  Loaded graphics with name 'subfolder1/img1' at path 'C:/Users/XyRoN/Documents/NetBeansProjects/Codename_FiteMe/res/grfx/subfolder1/img1.png'
LOG : 18:22:20  ----  Loaded graphics with name 'subfolder1/img2' at path 'C:/Users/XyRoN/Documents/NetBeansProjects/Codename_FiteMe/res/grfx/subfolder1/img2.png'
LOG : 18:22:20  ----  Loaded font with name 'djgross' at path 'C:/Users/XyRoN/Documents/NetBeansProjects/Codename_FiteMe/res/fonts/djgross/DJGROSS.ttf'
LOG : 18:22:20  ----  Loaded font with name 'note_this' at path 'C:/Users/XyRoN/Documents/NetBeansProjects/Codename_FiteMe/res/fonts/note_this/note_this.ttf'
LOG : 18:23:25  ----  Starting ...
LOG : 18:23:26  ----  Read settings property 'screen_width' as '800'
LOG : 18:23:26  ----  Read settings property 'screen_height' as '600'
LOG : 18:23:26  ----  Read settings property 'grfx_path' as 'res/grfx/'
LOG : 18:23:26  ----  Read settings property 'sounds_path' as 'res/sounds/'
LOG : 18:23:26  ----  Loaded graphics with name 'img1' at path 'C:/Users/XyRoN/Documents/NetBeansProjects/Codename_FiteMe/res/grfx/img1.png'
LOG : 18:23:26  ----  Loaded graphics with name 'img2' at path 'C:/Users/XyRoN/Documents/NetBeansProjects/Codename_FiteMe/res/grfx/img2.png'
LOG : 18:23:26  ----  Loaded graphics with name 'subfolder1/img1' at path 'C:/Users/XyRoN/Documents/NetBeansProjects/Codename_FiteMe/res/grfx/subfolder1/img1.png'
LOG : 18:23:26  ----  Loaded graphics with name 'subfolder1/img2' at path 'C:/Users/XyRoN/Documents/NetBeansProjects/Codename_FiteMe/res/grfx/subfolder1/img2.png'
LOG : 18:23:26  ----  Loaded font with name 'djgross' at path 'C:/Users/XyRoN/Documents/NetBeansProjects/Codename_FiteMe/res/fonts/djgross/DJGROSS.ttf'
LOG : 18:23:26  ----  Loaded font with name 'note_this' at path 'C:/Users/XyRoN/Documents/NetBeansProjects/Codename_FiteMe/res/fonts/note_this/note_this.ttf'
LOG : 18:23:51  ----  Starting ...
LOG : 18:23:52  ----  Read settings property 'screen_width' as '800'
LOG : 18:23:52  ----  Read settings property 'screen_height' as '600'
LOG : 18:23:52  ----  Read settings property 'grfx_path' as 'res/grfx/'
LOG : 18:23:52  ----  Read settings property 'sounds_path' as 'res/sounds/'
LOG : 18:23:52  ----  Loaded graphics with name 'img1' at path 'C:/Users/XyRoN/Documents/NetBeansProjects/Codename_FiteMe/res/grfx/img1.png'
LOG : 18:23:52  ----  Loaded graphics with name 'img2' at path 'C:/Users/XyRoN/Documents/NetBeansProjects/Codename_FiteMe/res/grfx/img2.png'
LOG : 18:23:52  ----  Loaded graphics with name 'subfolder1/img1' at path 'C:/Users/XyRoN/Documents/NetBeansProjects/Codename_FiteMe/res/grfx/subfolder1/img1.png'
LOG : 18:23:52  ----  Loaded graphics with name 'subfolder1/img2' at path 'C:/Users/XyRoN/Documents/NetBeansProjects/Codename_FiteMe/res/grfx/subfolder1/img2.png'
LOG : 18:23:52  ----  Loaded font with name 'djgross' at path 'C:/Users/XyRoN/Documents/NetBeansProjects/Codename_FiteMe/res/fonts/djgross/DJGROSS.ttf'
LOG : 18:23:52  ----  Loaded font with name 'note_this' at path 'C:/Users/XyRoN/Documents/NetBeansProjects/Codename_FiteMe/res/fonts/note_this/note_this.ttf'
LOG : 18:25:27  ----  Starting ...
LOG : 18:25:27  ----  Read settings property 'screen_width' as '800'
LOG : 18:25:27  ----  Read settings property 'screen_height' as '600'
LOG : 18:25:27  ----  Read settings property 'grfx_path' as 'res/grfx/'
LOG : 18:25:27  ----  Read settings property 'sounds_path' as 'res/sounds/'
LOG : 18:25:27  ----  Loaded graphics with name 'img1' at path 'C:/Users/XyRoN/Documents/NetBeansProjects/Codename_FiteMe/res/grfx/img1.png'
LOG : 18:25:27  ----  Loaded graphics with name 'img2' at path 'C:/Users/XyRoN/Documents/NetBeansProjects/Codename_FiteMe/res/grfx/img2.png'
LOG : 18:25:27  ----  Loaded graphics with name 'subfolder1/img1' at path 'C:/Users/XyRoN/Documents/NetBeansProjects/Codename_FiteMe/res/grfx/subfolder1/img1.png'
LOG : 18:25:27  ----  Loaded graphics with name 'subfolder1/img2' at path 'C:/Users/XyRoN/Documents/NetBeansProjects/Codename_FiteMe/res/grfx/subfolder1/img2.png'
LOG : 18:25:27  ----  Loaded font with name 'djgross' at path 'C:/Users/XyRoN/Documents/NetBeansProjects/Codename_FiteMe/res/fonts/djgross/DJGROSS.ttf'
LOG : 18:25:27  ----  Loaded font with name 'note_this' at path 'C:/Users/XyRoN/Documents/NetBeansProjects/Codename_FiteMe/res/fonts/note_this/note_this.ttf'
LOG : 18:26:00  ----  Starting ...
LOG : 18:26:01  ----  Read settings property 'screen_width' as '800'
LOG : 18:26:01  ----  Read settings property 'screen_height' as '600'
LOG : 18:26:01  ----  Read settings property 'grfx_path' as 'res/grfx/'
LOG : 18:26:01  ----  Read settings property 'sounds_path' as 'res/sounds/'
LOG : 18:26:01  ----  Loaded graphics with name 'img1' at path 'C:/Users/XyRoN/Documents/NetBeansProjects/Codename_FiteMe/res/grfx/img1.png'
LOG : 18:26:01  ----  Loaded graphics with name 'img2' at path 'C:/Users/XyRoN/Documents/NetBeansProjects/Codename_FiteMe/res/grfx/img2.png'
LOG : 18:26:01  ----  Loaded graphics with name 'subfolder1/img1' at path 'C:/Users/XyRoN/Documents/NetBeansProjects/Codename_FiteMe/res/grfx/subfolder1/img1.png'
LOG : 18:26:01  ----  Loaded graphics with name 'subfolder1/img2' at path 'C:/Users/XyRoN/Documents/NetBeansProjects/Codename_FiteMe/res/grfx/subfolder1/img2.png'
LOG : 18:26:01  ----  Loaded font with name 'djgross' at path 'C:/Users/XyRoN/Documents/NetBeansProjects/Codename_FiteMe/res/fonts/djgross/DJGROSS.ttf'
LOG : 18:26:01  ----  Loaded font with name 'note_this' at path 'C:/Users/XyRoN/Documents/NetBeansProjects/Codename_FiteMe/res/fonts/note_this/note_this.ttf'
LOG : 18:26:10  ----  Starting ...
LOG : 18:26:11  ----  Read settings property 'screen_width' as '800'
LOG : 18:26:11  ----  Read settings property 'screen_height' as '600'
LOG : 18:26:11  ----  Read settings property 'grfx_path' as 'res/grfx/'
LOG : 18:26:11  ----  Read settings property 'sounds_path' as 'res/sounds/'
LOG : 18:26:11  ----  Loaded graphics with name 'img1' at path 'C:/Users/XyRoN/Documents/NetBeansProjects/Codename_FiteMe/res/grfx/img1.png'
LOG : 18:26:11  ----  Loaded graphics with name 'img2' at path 'C:/Users/XyRoN/Documents/NetBeansProjects/Codename_FiteMe/res/grfx/img2.png'
LOG : 18:26:11  ----  Loaded graphics with name 'subfolder1/img1' at path 'C:/Users/XyRoN/Documents/NetBeansProjects/Codename_FiteMe/res/grfx/subfolder1/img1.png'
LOG : 18:26:11  ----  Loaded graphics with name 'subfolder1/img2' at path 'C:/Users/XyRoN/Documents/NetBeansProjects/Codename_FiteMe/res/grfx/subfolder1/img2.png'
LOG : 18:26:11  ----  Loaded font with name 'djgross' at path 'C:/Users/XyRoN/Documents/NetBeansProjects/Codename_FiteMe/res/fonts/djgross/DJGROSS.ttf'
LOG : 18:26:11  ----  Loaded font with name 'note_this' at path 'C:/Users/XyRoN/Documents/NetBeansProjects/Codename_FiteMe/res/fonts/note_this/note_this.ttf'
LOG : 18:27:46  ----  Starting ...
LOG : 18:27:46  ----  Read settings property 'screen_width' as '800'
LOG : 18:27:46  ----  Read settings property 'screen_height' as '600'
LOG : 18:27:46  ----  Read settings property 'grfx_path' as 'res/grfx/'
LOG : 18:27:46  ----  Read settings property 'sounds_path' as 'res/sounds/'
LOG : 18:27:46  ----  Loaded graphics with name 'img1' at path 'C:/Users/XyRoN/Documents/NetBeansProjects/Codename_FiteMe/res/grfx/img1.png'
LOG : 18:27:46  ----  Loaded graphics with name 'img2' at path 'C:/Users/XyRoN/Documents/NetBeansProjects/Codename_FiteMe/res/grfx/img2.png'
LOG : 18:27:46  ----  Loaded graphics with name 'subfolder1/img1' at path 'C:/Users/XyRoN/Documents/NetBeansProjects/Codename_FiteMe/res/grfx/subfolder1/img1.png'
LOG : 18:27:46  ----  Loaded graphics with name 'subfolder1/img2' at path 'C:/Users/XyRoN/Documents/NetBeansProjects/Codename_FiteMe/res/grfx/subfolder1/img2.png'
LOG : 18:27:46  ----  Loaded font with name 'djgross' at path 'C:/Users/XyRoN/Documents/NetBeansProjects/Codename_FiteMe/res/fonts/djgross/DJGROSS.ttf'
LOG : 18:27:46  ----  Loaded font with name 'note_this' at path 'C:/Users/XyRoN/Documents/NetBeansProjects/Codename_FiteMe/res/fonts/note_this/note_this.ttf'
LOG : 18:28:21  ----  Starting ...
LOG : 18:28:21  ----  Read settings property 'screen_width' as '800'
LOG : 18:28:21  ----  Read settings property 'screen_height' as '600'
LOG : 18:28:21  ----  Read settings property 'grfx_path' as 'res/grfx/'
LOG : 18:28:21  ----  Read settings property 'sounds_path' as 'res/sounds/'
LOG : 18:28:22  ----  Loaded graphics with name 'img1' at path 'C:/Users/XyRoN/Documents/NetBeansProjects/Codename_FiteMe/res/grfx/img1.png'
LOG : 18:28:22  ----  Loaded graphics with name 'img2' at path 'C:/Users/XyRoN/Documents/NetBeansProjects/Codename_FiteMe/res/grfx/img2.png'
LOG : 18:28:22  ----  Loaded graphics with name 'subfolder1/img1' at path 'C:/Users/XyRoN/Documents/NetBeansProjects/Codename_FiteMe/res/grfx/subfolder1/img1.png'
LOG : 18:28:22  ----  Loaded graphics with name 'subfolder1/img2' at path 'C:/Users/XyRoN/Documents/NetBeansProjects/Codename_FiteMe/res/grfx/subfolder1/img2.png'
LOG : 18:28:22  ----  Loaded font with name 'djgross' at path 'C:/Users/XyRoN/Documents/NetBeansProjects/Codename_FiteMe/res/fonts/djgross/DJGROSS.ttf'
LOG : 18:28:22  ----  Loaded font with name 'note_this' at path 'C:/Users/XyRoN/Documents/NetBeansProjects/Codename_FiteMe/res/fonts/note_this/note_this.ttf'
LOG : 18:59:32  ----  Starting ...
LOG : 18:59:33  ----  Read settings property 'screen_width' as '800'
LOG : 18:59:33  ----  Read settings property 'screen_height' as '600'
LOG : 18:59:33  ----  Read settings property 'grfx_path' as 'res/grfx/'
LOG : 18:59:33  ----  Read settings property 'sounds_path' as 'res/sounds/'
LOG : 18:59:33  ----  Loaded graphics with name 'img1' at path 'C:/Users/XyRoN/Documents/NetBeansProjects/Codename_FiteMe/res/grfx/img1.png'
LOG : 18:59:33  ----  Loaded graphics with name 'img2' at path 'C:/Users/XyRoN/Documents/NetBeansProjects/Codename_FiteMe/res/grfx/img2.png'
LOG : 18:59:33  ----  Loaded graphics with name 'subfolder1/img1' at path 'C:/Users/XyRoN/Documents/NetBeansProjects/Codename_FiteMe/res/grfx/subfolder1/img1.png'
LOG : 18:59:33  ----  Loaded graphics with name 'subfolder1/img2' at path 'C:/Users/XyRoN/Documents/NetBeansProjects/Codename_FiteMe/res/grfx/subfolder1/img2.png'
LOG : 18:59:33  ----  Loaded font with name 'djgross' at path 'C:/Users/XyRoN/Documents/NetBeansProjects/Codename_FiteMe/res/fonts/djgross/DJGROSS.ttf'
LOG : 18:59:33  ----  Loaded font with name 'note_this' at path 'C:/Users/XyRoN/Documents/NetBeansProjects/Codename_FiteMe/res/fonts/note_this/note_this.ttf'
LOG : 19:00:20  ----  Starting ...
LOG : 19:00:20  ----  Read settings property 'screen_width' as '800'
LOG : 19:00:20  ----  Read settings property 'screen_height' as '600'
LOG : 19:00:20  ----  Read settings property 'grfx_path' as 'res/grfx/'
LOG : 19:00:20  ----  Read settings property 'sounds_path' as 'res/sounds/'
LOG : 19:00:20  ----  Loaded graphics with name 'img1' at path 'C:/Users/XyRoN/Documents/NetBeansProjects/Codename_FiteMe/res/grfx/img1.png'
LOG : 19:00:20  ----  Loaded graphics with name 'img2' at path 'C:/Users/XyRoN/Documents/NetBeansProjects/Codename_FiteMe/res/grfx/img2.png'
LOG : 19:00:20  ----  Loaded graphics with name 'subfolder1/img1' at path 'C:/Users/XyRoN/Documents/NetBeansProjects/Codename_FiteMe/res/grfx/subfolder1/img1.png'
LOG : 19:00:20  ----  Loaded graphics with name 'subfolder1/img2' at path 'C:/Users/XyRoN/Documents/NetBeansProjects/Codename_FiteMe/res/grfx/subfolder1/img2.png'
LOG : 19:00:20  ----  Loaded font with name 'djgross' at path 'C:/Users/XyRoN/Documents/NetBeansProjects/Codename_FiteMe/res/fonts/djgross/DJGROSS.ttf'
LOG : 19:00:20  ----  Loaded font with name 'note_this' at path 'C:/Users/XyRoN/Documents/NetBeansProjects/Codename_FiteMe/res/fonts/note_this/note_this.ttf'
LOG : 19:01:12  ----  Starting ...
LOG : 19:01:12  ----  Read settings property 'screen_width' as '800'
LOG : 19:01:12  ----  Read settings property 'screen_height' as '600'
LOG : 19:01:12  ----  Read settings property 'grfx_path' as 'res/grfx/'
LOG : 19:01:12  ----  Read settings property 'sounds_path' as 'res/sounds/'
LOG : 19:01:12  ----  Loaded graphics with name 'img1' at path 'C:/Users/XyRoN/Documents/NetBeansProjects/Codename_FiteMe/res/grfx/img1.png'
LOG : 19:01:12  ----  Loaded graphics with name 'img2' at path 'C:/Users/XyRoN/Documents/NetBeansProjects/Codename_FiteMe/res/grfx/img2.png'
LOG : 19:01:12  ----  Loaded graphics with name 'subfolder1/img1' at path 'C:/Users/XyRoN/Documents/NetBeansProjects/Codename_FiteMe/res/grfx/subfolder1/img1.png'
LOG : 19:01:12  ----  Loaded graphics with name 'subfolder1/img2' at path 'C:/Users/XyRoN/Documents/NetBeansProjects/Codename_FiteMe/res/grfx/subfolder1/img2.png'
LOG : 19:01:12  ----  Loaded font with name 'djgross' at path 'C:/Users/XyRoN/Documents/NetBeansProjects/Codename_FiteMe/res/fonts/djgross/DJGROSS.ttf'
LOG : 19:01:12  ----  Loaded font with name 'note_this' at path 'C:/Users/XyRoN/Documents/NetBeansProjects/Codename_FiteMe/res/fonts/note_this/note_this.ttf'
LOG : 21:15:47  ----  Starting ...
LOG : 21:15:48  ----  Read settings property 'screen_width' as '800'
LOG : 21:15:48  ----  Read settings property 'screen_height' as '600'
LOG : 21:15:48  ----  Read settings property 'grfx_path' as 'res/grfx/'
LOG : 21:15:48  ----  Read settings property 'sounds_path' as 'res/sounds/'
LOG : 21:15:48  ----  Loaded graphics with name 'img1' at path 'C:/Users/XyRoN/Documents/NetBeansProjects/Codename_FiteMe/res/grfx/img1.png'
LOG : 21:15:48  ----  Loaded graphics with name 'img2' at path 'C:/Users/XyRoN/Documents/NetBeansProjects/Codename_FiteMe/res/grfx/img2.png'
LOG : 21:15:48  ----  Loaded graphics with name 'subfolder1/img1' at path 'C:/Users/XyRoN/Documents/NetBeansProjects/Codename_FiteMe/res/grfx/subfolder1/img1.png'
LOG : 21:15:48  ----  Loaded graphics with name 'subfolder1/img2' at path 'C:/Users/XyRoN/Documents/NetBeansProjects/Codename_FiteMe/res/grfx/subfolder1/img2.png'
LOG : 21:15:48  ----  Loaded font with name 'djgross' at path 'C:/Users/XyRoN/Documents/NetBeansProjects/Codename_FiteMe/res/fonts/djgross/DJGROSS.ttf'
LOG : 21:15:48  ----  Loaded font with name 'note_this' at path 'C:/Users/XyRoN/Documents/NetBeansProjects/Codename_FiteMe/res/fonts/note_this/note_this.ttf'
LOG : 21:16:00  ----  Starting ...
LOG : 21:16:01  ----  Read settings property 'screen_width' as '800'
LOG : 21:16:01  ----  Read settings property 'screen_height' as '600'
LOG : 21:16:01  ----  Read settings property 'grfx_path' as 'res/grfx/'
LOG : 21:16:01  ----  Read settings property 'sounds_path' as 'res/sounds/'
LOG : 21:16:01  ----  Loaded graphics with name 'img1' at path 'C:/Users/XyRoN/Documents/NetBeansProjects/Codename_FiteMe/res/grfx/img1.png'
LOG : 21:16:01  ----  Loaded graphics with name 'img2' at path 'C:/Users/XyRoN/Documents/NetBeansProjects/Codename_FiteMe/res/grfx/img2.png'
LOG : 21:16:01  ----  Loaded graphics with name 'subfolder1/img1' at path 'C:/Users/XyRoN/Documents/NetBeansProjects/Codename_FiteMe/res/grfx/subfolder1/img1.png'
LOG : 21:16:01  ----  Loaded graphics with name 'subfolder1/img2' at path 'C:/Users/XyRoN/Documents/NetBeansProjects/Codename_FiteMe/res/grfx/subfolder1/img2.png'
LOG : 21:16:01  ----  Loaded font with name 'djgross' at path 'C:/Users/XyRoN/Documents/NetBeansProjects/Codename_FiteMe/res/fonts/djgross/DJGROSS.ttf'
LOG : 21:16:01  ----  Loaded font with name 'note_this' at path 'C:/Users/XyRoN/Documents/NetBeansProjects/Codename_FiteMe/res/fonts/note_this/note_this.ttf'
LOG : 21:16:48  ----  Starting ...
LOG : 21:16:49  ----  Read settings property 'screen_width' as '800'
LOG : 21:16:49  ----  Read settings property 'screen_height' as '600'
LOG : 21:16:49  ----  Read settings property 'grfx_path' as 'res/grfx/'
LOG : 21:16:49  ----  Read settings property 'sounds_path' as 'res/sounds/'
LOG : 21:16:49  ----  Loaded graphics with name 'img1' at path 'C:/Users/XyRoN/Documents/NetBeansProjects/Codename_FiteMe/res/grfx/img1.png'
LOG : 21:16:49  ----  Loaded graphics with name 'img2' at path 'C:/Users/XyRoN/Documents/NetBeansProjects/Codename_FiteMe/res/grfx/img2.png'
LOG : 21:16:49  ----  Loaded graphics with name 'subfolder1/img1' at path 'C:/Users/XyRoN/Documents/NetBeansProjects/Codename_FiteMe/res/grfx/subfolder1/img1.png'
LOG : 21:16:49  ----  Loaded graphics with name 'subfolder1/img2' at path 'C:/Users/XyRoN/Documents/NetBeansProjects/Codename_FiteMe/res/grfx/subfolder1/img2.png'
LOG : 21:16:49  ----  Loaded font with name 'djgross' at path 'C:/Users/XyRoN/Documents/NetBeansProjects/Codename_FiteMe/res/fonts/djgross/DJGROSS.ttf'
LOG : 21:16:49  ----  Loaded font with name 'note_this' at path 'C:/Users/XyRoN/Documents/NetBeansProjects/Codename_FiteMe/res/fonts/note_this/note_this.ttf'
LOG : 21:17:09  ----  Starting ...
LOG : 21:17:09  ----  Read settings property 'screen_width' as '800'
LOG : 21:17:09  ----  Read settings property 'screen_height' as '600'
LOG : 21:17:09  ----  Read settings property 'grfx_path' as 'res/grfx/'
LOG : 21:17:09  ----  Read settings property 'sounds_path' as 'res/sounds/'
LOG : 21:17:09  ----  Loaded graphics with name 'img1' at path 'C:/Users/XyRoN/Documents/NetBeansProjects/Codename_FiteMe/res/grfx/img1.png'
LOG : 21:17:09  ----  Loaded graphics with name 'img2' at path 'C:/Users/XyRoN/Documents/NetBeansProjects/Codename_FiteMe/res/grfx/img2.png'
LOG : 21:17:09  ----  Loaded graphics with name 'subfolder1/img1' at path 'C:/Users/XyRoN/Documents/NetBeansProjects/Codename_FiteMe/res/grfx/subfolder1/img1.png'
LOG : 21:17:09  ----  Loaded graphics with name 'subfolder1/img2' at path 'C:/Users/XyRoN/Documents/NetBeansProjects/Codename_FiteMe/res/grfx/subfolder1/img2.png'
LOG : 21:17:09  ----  Loaded font with name 'djgross' at path 'C:/Users/XyRoN/Documents/NetBeansProjects/Codename_FiteMe/res/fonts/djgross/DJGROSS.ttf'
LOG : 21:17:09  ----  Loaded font with name 'note_this' at path 'C:/Users/XyRoN/Documents/NetBeansProjects/Codename_FiteMe/res/fonts/note_this/note_this.ttf'
LOG : 21:17:29  ----  Starting ...
LOG : 21:17:30  ----  Read settings property 'screen_width' as '800'
LOG : 21:17:30  ----  Read settings property 'screen_height' as '600'
LOG : 21:17:30  ----  Read settings property 'grfx_path' as 'res/grfx/'
LOG : 21:17:30  ----  Read settings property 'sounds_path' as 'res/sounds/'
LOG : 21:17:30  ----  Loaded graphics with name 'img1' at path 'C:/Users/XyRoN/Documents/NetBeansProjects/Codename_FiteMe/res/grfx/img1.png'
LOG : 21:17:30  ----  Loaded graphics with name 'img2' at path 'C:/Users/XyRoN/Documents/NetBeansProjects/Codename_FiteMe/res/grfx/img2.png'
LOG : 21:17:30  ----  Loaded graphics with name 'subfolder1/img1' at path 'C:/Users/XyRoN/Documents/NetBeansProjects/Codename_FiteMe/res/grfx/subfolder1/img1.png'
LOG : 21:17:30  ----  Loaded graphics with name 'subfolder1/img2' at path 'C:/Users/XyRoN/Documents/NetBeansProjects/Codename_FiteMe/res/grfx/subfolder1/img2.png'
LOG : 21:17:30  ----  Loaded font with name 'djgross' at path 'C:/Users/XyRoN/Documents/NetBeansProjects/Codename_FiteMe/res/fonts/djgross/DJGROSS.ttf'
LOG : 21:17:30  ----  Loaded font with name 'note_this' at path 'C:/Users/XyRoN/Documents/NetBeansProjects/Codename_FiteMe/res/fonts/note_this/note_this.ttf'
LOG : 21:17:41  ----  Element 'tutorial_label' clicked, performing action: 'destroy'
LOG : 21:17:42  ----  Element 'played_card' clicked, performing action: 'togglevisible'
LOG : 21:18:04  ----  Element 'wait_action' clicked, performing action: 'testclick'
LOG : 21:18:28  ----  Starting ...
LOG : 21:18:29  ----  Read settings property 'screen_width' as '800'
LOG : 21:18:29  ----  Read settings property 'screen_height' as '600'
LOG : 21:18:29  ----  Read settings property 'grfx_path' as 'res/grfx/'
LOG : 21:18:29  ----  Read settings property 'sounds_path' as 'res/sounds/'
LOG : 21:18:29  ----  Loaded graphics with name 'img1' at path 'C:/Users/XyRoN/Documents/NetBeansProjects/Codename_FiteMe/res/grfx/img1.png'
LOG : 21:18:29  ----  Loaded graphics with name 'img2' at path 'C:/Users/XyRoN/Documents/NetBeansProjects/Codename_FiteMe/res/grfx/img2.png'
LOG : 21:18:29  ----  Loaded graphics with name 'subfolder1/img1' at path 'C:/Users/XyRoN/Documents/NetBeansProjects/Codename_FiteMe/res/grfx/subfolder1/img1.png'
LOG : 21:18:29  ----  Loaded graphics with name 'subfolder1/img2' at path 'C:/Users/XyRoN/Documents/NetBeansProjects/Codename_FiteMe/res/grfx/subfolder1/img2.png'
LOG : 21:18:29  ----  Loaded font with name 'djgross' at path 'C:/Users/XyRoN/Documents/NetBeansProjects/Codename_FiteMe/res/fonts/djgross/DJGROSS.ttf'
LOG : 21:18:29  ----  Loaded font with name 'note_this' at path 'C:/Users/XyRoN/Documents/NetBeansProjects/Codename_FiteMe/res/fonts/note_this/note_this.ttf'
LOG : 21:18:48  ----  Starting ...
LOG : 21:18:49  ----  Read settings property 'screen_width' as '800'
LOG : 21:18:49  ----  Read settings property 'screen_height' as '600'
LOG : 21:18:49  ----  Read settings property 'grfx_path' as 'res/grfx/'
LOG : 21:18:49  ----  Read settings property 'sounds_path' as 'res/sounds/'
LOG : 21:18:49  ----  Loaded graphics with name 'img1' at path 'C:/Users/XyRoN/Documents/NetBeansProjects/Codename_FiteMe/res/grfx/img1.png'
LOG : 21:18:49  ----  Loaded graphics with name 'img2' at path 'C:/Users/XyRoN/Documents/NetBeansProjects/Codename_FiteMe/res/grfx/img2.png'
LOG : 21:18:49  ----  Loaded graphics with name 'subfolder1/img1' at path 'C:/Users/XyRoN/Documents/NetBeansProjects/Codename_FiteMe/res/grfx/subfolder1/img1.png'
LOG : 21:18:49  ----  Loaded graphics with name 'subfolder1/img2' at path 'C:/Users/XyRoN/Documents/NetBeansProjects/Codename_FiteMe/res/grfx/subfolder1/img2.png'
LOG : 21:18:49  ----  Loaded font with name 'djgross' at path 'C:/Users/XyRoN/Documents/NetBeansProjects/Codename_FiteMe/res/fonts/djgross/DJGROSS.ttf'
LOG : 21:18:49  ----  Loaded font with name 'note_this' at path 'C:/Users/XyRoN/Documents/NetBeansProjects/Codename_FiteMe/res/fonts/note_this/note_this.ttf'
LOG : 21:19:01  ----  Element 'played_card' clicked, performing action: 'togglevisible'
LOG : 21:19:05  ----  Element 'tutorial_label' clicked, performing action: 'destroy'
