LOG : 09:43:28  ----  Starting ...
LOG : 10:19:06  ----  Starting ...
LOG : 12:11:10  ----  Starting ...
LOG : 12:11:53  ----  Starting ...
LOG : 12:12:24  ----  Starting ...
LOG : 12:12:24  ----  Read settings property 'screen_width' as '800'
LOG : 12:12:24  ----  Read settings property 'screen_height' as '600'
ERR : 12:12:24  ----  Too many, or too few arguments found in line; "", number of arguments; 1
LOG : 12:12:24  ----  Read settings property 'grfx_path' as 'res/grfx/'
LOG : 12:12:24  ----  Read settings property 'sounds_path' as 'res/sounds/'
LOG : 12:56:07  ----  Starting ...
LOG : 12:56:07  ----  Read settings property 'screen_width' as '800'
LOG : 12:56:07  ----  Read settings property 'screen_height' as '600'
LOG : 12:56:07  ----  Read settings property 'grfx_path' as 'res/grfx/'
LOG : 12:56:07  ----  Read settings property 'sounds_path' as 'res/sounds/'
LOG : 13:28:45  ----  Starting ...
LOG : 13:28:45  ----  Read settings property 'screen_width' as '800'
LOG : 13:28:45  ----  Read settings property 'screen_height' as '600'
LOG : 13:28:45  ----  Read settings property 'grfx_path' as 'res/grfx/'
LOG : 13:28:45  ----  Read settings property 'sounds_path' as 'res/sounds/'
LOG : 13:29:33  ----  Starting ...
LOG : 13:29:33  ----  Read settings property 'screen_width' as '800'
LOG : 13:29:33  ----  Read settings property 'screen_height' as '600'
LOG : 13:29:33  ----  Read settings property 'grfx_path' as 'res/grfx/'
LOG : 13:29:33  ----  Read settings property 'sounds_path' as 'res/sounds/'
LOG : 13:30:18  ----  Starting ...
LOG : 13:30:18  ----  Read settings property 'screen_width' as '800'
LOG : 13:30:18  ----  Read settings property 'screen_height' as '600'
LOG : 13:30:18  ----  Read settings property 'grfx_path' as 'res/grfx/'
LOG : 13:30:18  ----  Read settings property 'sounds_path' as 'res/sounds/'
LOG : 13:34:52  ----  Starting ...
LOG : 13:34:52  ----  Read settings property 'screen_width' as '800'
LOG : 13:34:52  ----  Read settings property 'screen_height' as '600'
LOG : 13:34:52  ----  Read settings property 'grfx_path' as 'res/grfx/'
LOG : 13:34:52  ----  Read settings property 'sounds_path' as 'res/sounds/'
LOG : 13:34:52  ----  Loaded graphics with name '\emil.simon\Documents\NetBeansProjects\Codename_FiteMe\res\grfx\img1' at path 'C:\Users\emil.simon\Documents\NetBeansProjects\Codename_FiteMe\res\grfx\img1.png'
LOG : 13:36:38  ----  Starting ...
LOG : 13:36:38  ----  Read settings property 'screen_width' as '800'
LOG : 13:36:38  ----  Read settings property 'screen_height' as '600'
LOG : 13:36:38  ----  Read settings property 'grfx_path' as 'res/grfx/'
LOG : 13:36:38  ----  Read settings property 'sounds_path' as 'res/sounds/'
LOG : 13:36:38  ----  Loaded graphics with name '\emil.simon\Documents\NetBeansProjects\Codename_FiteMe\res\grfx\img1' at path 'C:\Users\emil.simon\Documents\NetBeansProjects\Codename_FiteMe\res\grfx\img1.png'
LOG : 13:37:16  ----  Starting ...
LOG : 13:37:16  ----  Read settings property 'screen_width' as '800'
LOG : 13:37:16  ----  Read settings property 'screen_height' as '600'
LOG : 13:37:16  ----  Read settings property 'grfx_path' as 'res/grfx/'
LOG : 13:37:16  ----  Read settings property 'sounds_path' as 'res/sounds/'
LOG : 13:37:16  ----  Loaded graphics with name '\emil.simon\Documents\NetBeansProjects\Codename_FiteMe\res\grfx\img1' at path 'C:\Users\emil.simon\Documents\NetBeansProjects\Codename_FiteMe\res\grfx\img1.png'
LOG : 13:37:16  ----  Loaded graphics with name '\emil.simon\Documents\NetBeansProjects\Codename_FiteMe\res\grfx\img2' at path 'C:\Users\emil.simon\Documents\NetBeansProjects\Codename_FiteMe\res\grfx\img2.png'
LOG : 13:37:16  ----  Loaded graphics with name '\emil.simon\Documents\NetBeansProjects\Codename_FiteMe\res\grfx\subfolder1\img1' at path 'C:\Users\emil.simon\Documents\NetBeansProjects\Codename_FiteMe\res\grfx\subfolder1\img1.png'
LOG : 13:37:16  ----  Loaded graphics with name '\emil.simon\Documents\NetBeansProjects\Codename_FiteMe\res\grfx\subfolder1\img2' at path 'C:\Users\emil.simon\Documents\NetBeansProjects\Codename_FiteMe\res\grfx\subfolder1\img2.png'
LOG : 13:38:47  ----  Starting ...
LOG : 13:38:47  ----  Read settings property 'screen_width' as '800'
LOG : 13:38:47  ----  Read settings property 'screen_height' as '600'
LOG : 13:38:47  ----  Read settings property 'grfx_path' as 'res/grfx/'
LOG : 13:38:47  ----  Read settings property 'sounds_path' as 'res/sounds/'
ERR : 13:38:47  ----  Couldn't start the game!
ERR : 13:38:47  ----  Exception PatternSyntaxException caught at org.simon.src.main.Main @ initStatesList ln:73
ERR : 13:38:47  ----  Exception message: Unexpected internal error near index 1
\
 ^
LOG : 13:39:21  ----  Starting ...
LOG : 13:39:22  ----  Read settings property 'screen_width' as '800'
LOG : 13:39:22  ----  Read settings property 'screen_height' as '600'
LOG : 13:39:22  ----  Read settings property 'grfx_path' as 'res/grfx/'
LOG : 13:39:22  ----  Read settings property 'sounds_path' as 'res/sounds/'
ERR : 13:39:22  ----  Couldn't start the game!
ERR : 13:39:22  ----  Exception PatternSyntaxException caught at org.simon.src.main.Main @ initStatesList ln:73
ERR : 13:39:22  ----  Exception message: Unexpected internal error near index 1
\
 ^
LOG : 13:39:56  ----  Starting ...
LOG : 13:39:56  ----  Read settings property 'screen_width' as '800'
LOG : 13:39:56  ----  Read settings property 'screen_height' as '600'
LOG : 13:39:56  ----  Read settings property 'grfx_path' as 'res/grfx/'
LOG : 13:39:56  ----  Read settings property 'sounds_path' as 'res/sounds/'
LOG : 13:39:57  ----  Loaded graphics with name '\emil.simon\Documents\NetBeansProjects\Codename_FiteMe\res\grfx\img1' at path 'C:\Users\emil.simon\Documents\NetBeansProjects\Codename_FiteMe\res\grfx\img1.png'
LOG : 13:39:57  ----  Loaded graphics with name '\emil.simon\Documents\NetBeansProjects\Codename_FiteMe\res\grfx\img2' at path 'C:\Users\emil.simon\Documents\NetBeansProjects\Codename_FiteMe\res\grfx\img2.png'
LOG : 13:39:57  ----  Loaded graphics with name '\emil.simon\Documents\NetBeansProjects\Codename_FiteMe\res\grfx\subfolder1\img1' at path 'C:\Users\emil.simon\Documents\NetBeansProjects\Codename_FiteMe\res\grfx\subfolder1\img1.png'
LOG : 13:39:57  ----  Loaded graphics with name '\emil.simon\Documents\NetBeansProjects\Codename_FiteMe\res\grfx\subfolder1\img2' at path 'C:\Users\emil.simon\Documents\NetBeansProjects\Codename_FiteMe\res\grfx\subfolder1\img2.png'
LOG : 13:40:09  ----  Starting ...
LOG : 13:40:09  ----  Read settings property 'screen_width' as '800'
LOG : 13:40:09  ----  Read settings property 'screen_height' as '600'
LOG : 13:40:09  ----  Read settings property 'grfx_path' as 'res/grfx/'
LOG : 13:40:09  ----  Read settings property 'sounds_path' as 'res/sounds/'
ERR : 13:40:09  ----  Couldn't start the game!
ERR : 13:40:09  ----  Exception PatternSyntaxException caught at org.simon.src.main.Main @ initStatesList ln:73
ERR : 13:40:09  ----  Exception message: Unexpected internal error near index 1
\
 ^
LOG : 13:42:30  ----  Starting ...
LOG : 13:42:31  ----  Read settings property 'screen_width' as '800'
LOG : 13:42:31  ----  Read settings property 'screen_height' as '600'
LOG : 13:42:31  ----  Read settings property 'grfx_path' as 'res/grfx/'
LOG : 13:42:31  ----  Read settings property 'sounds_path' as 'res/sounds/'
LOG : 13:42:31  ----  Loaded graphics with name '/emil.simon/Documents/NetBeansProjects/Codename_FiteMe/res/grfx/img1' at path 'C:\Users\emil.simon\Documents\NetBeansProjects\Codename_FiteMe\res\grfx\img1.png'
LOG : 13:42:31  ----  Loaded graphics with name '/emil.simon/Documents/NetBeansProjects/Codename_FiteMe/res/grfx/img2' at path 'C:\Users\emil.simon\Documents\NetBeansProjects\Codename_FiteMe\res\grfx\img2.png'
LOG : 13:42:31  ----  Loaded graphics with name '/emil.simon/Documents/NetBeansProjects/Codename_FiteMe/res/grfx/subfolder1/img1' at path 'C:\Users\emil.simon\Documents\NetBeansProjects\Codename_FiteMe\res\grfx\subfolder1\img1.png'
LOG : 13:42:31  ----  Loaded graphics with name '/emil.simon/Documents/NetBeansProjects/Codename_FiteMe/res/grfx/subfolder1/img2' at path 'C:\Users\emil.simon\Documents\NetBeansProjects\Codename_FiteMe\res\grfx\subfolder1\img2.png'
LOG : 13:43:04  ----  Starting ...
LOG : 13:43:04  ----  Read settings property 'screen_width' as '800'
LOG : 13:43:04  ----  Read settings property 'screen_height' as '600'
LOG : 13:43:04  ----  Read settings property 'grfx_path' as 'res/grfx/'
LOG : 13:43:04  ----  Read settings property 'sounds_path' as 'res/sounds/'
LOG : 13:43:04  ----  Loaded graphics with name '/emil.simon/Documents/NetBeansProjects/Codename_FiteMe/res/grfx/img1' at path 'C:\Users\emil.simon\Documents\NetBeansProjects\Codename_FiteMe\res\grfx\img1.png'
LOG : 13:43:04  ----  Loaded graphics with name '/emil.simon/Documents/NetBeansProjects/Codename_FiteMe/res/grfx/img2' at path 'C:\Users\emil.simon\Documents\NetBeansProjects\Codename_FiteMe\res\grfx\img2.png'
LOG : 13:43:04  ----  Loaded graphics with name '/emil.simon/Documents/NetBeansProjects/Codename_FiteMe/res/grfx/subfolder1/img1' at path 'C:\Users\emil.simon\Documents\NetBeansProjects\Codename_FiteMe\res\grfx\subfolder1\img1.png'
LOG : 13:43:04  ----  Loaded graphics with name '/emil.simon/Documents/NetBeansProjects/Codename_FiteMe/res/grfx/subfolder1/img2' at path 'C:\Users\emil.simon\Documents\NetBeansProjects\Codename_FiteMe\res\grfx\subfolder1\img2.png'
LOG : 13:43:39  ----  Starting ...
LOG : 13:43:39  ----  Read settings property 'screen_width' as '800'
LOG : 13:43:39  ----  Read settings property 'screen_height' as '600'
LOG : 13:43:39  ----  Read settings property 'grfx_path' as 'res/grfx/'
LOG : 13:43:39  ----  Read settings property 'sounds_path' as 'res/sounds/'
LOG : 13:43:39  ----  Loaded graphics with name 'C:/Users/emil.simon/Documents/NetBeansProjects/Codename_FiteMe/res/grfx/img1' at path 'C:\Users\emil.simon\Documents\NetBeansProjects\Codename_FiteMe\res\grfx\img1.png'
LOG : 13:43:39  ----  Loaded graphics with name 'C:/Users/emil.simon/Documents/NetBeansProjects/Codename_FiteMe/res/grfx/img2' at path 'C:\Users\emil.simon\Documents\NetBeansProjects\Codename_FiteMe\res\grfx\img2.png'
LOG : 13:43:39  ----  Loaded graphics with name 'C:/Users/emil.simon/Documents/NetBeansProjects/Codename_FiteMe/res/grfx/subfolder1/img1' at path 'C:\Users\emil.simon\Documents\NetBeansProjects\Codename_FiteMe\res\grfx\subfolder1\img1.png'
LOG : 13:43:39  ----  Loaded graphics with name 'C:/Users/emil.simon/Documents/NetBeansProjects/Codename_FiteMe/res/grfx/subfolder1/img2' at path 'C:\Users\emil.simon\Documents\NetBeansProjects\Codename_FiteMe\res\grfx\subfolder1\img2.png'
LOG : 13:44:43  ----  Starting ...
LOG : 13:44:44  ----  Read settings property 'screen_width' as '800'
LOG : 13:44:44  ----  Read settings property 'screen_height' as '600'
LOG : 13:44:44  ----  Read settings property 'grfx_path' as 'res/grfx/'
LOG : 13:44:44  ----  Read settings property 'sounds_path' as 'res/sounds/'
LOG : 13:47:56  ----  Starting ...
LOG : 13:47:57  ----  Read settings property 'screen_width' as '800'
LOG : 13:47:57  ----  Read settings property 'screen_height' as '600'
LOG : 13:47:57  ----  Read settings property 'grfx_path' as 'res/grfx/'
LOG : 13:47:57  ----  Read settings property 'sounds_path' as 'res/sounds/'
LOG : 13:47:57  ----  Loaded graphics with name 'img1' at path 'C:/Users/emil.simon/Documents/NetBeansProjects/Codename_FiteMe/res/grfx/img1.png'
LOG : 13:47:57  ----  Loaded graphics with name 'img2' at path 'C:/Users/emil.simon/Documents/NetBeansProjects/Codename_FiteMe/res/grfx/img2.png'
LOG : 13:47:57  ----  Loaded graphics with name 'subfolder1/img1' at path 'C:/Users/emil.simon/Documents/NetBeansProjects/Codename_FiteMe/res/grfx/subfolder1/img1.png'
LOG : 13:47:57  ----  Loaded graphics with name 'subfolder1/img2' at path 'C:/Users/emil.simon/Documents/NetBeansProjects/Codename_FiteMe/res/grfx/subfolder1/img2.png'
LOG : 17:35:59  ----  Starting ...
LOG : 17:35:59  ----  Read settings property 'screen_width' as '800'
LOG : 17:35:59  ----  Read settings property 'screen_height' as '600'
LOG : 17:35:59  ----  Read settings property 'grfx_path' as 'res/grfx/'
LOG : 17:35:59  ----  Read settings property 'sounds_path' as 'res/sounds/'
LOG : 17:35:59  ----  Loaded graphics with name 'img1' at path 'C:/Users/XyRoN/Documents/NetBeansProjects/Codename_FiteMe/res/grfx/img1.png'
LOG : 17:35:59  ----  Loaded graphics with name 'img2' at path 'C:/Users/XyRoN/Documents/NetBeansProjects/Codename_FiteMe/res/grfx/img2.png'
LOG : 17:35:59  ----  Loaded graphics with name 'subfolder1/img1' at path 'C:/Users/XyRoN/Documents/NetBeansProjects/Codename_FiteMe/res/grfx/subfolder1/img1.png'
LOG : 17:35:59  ----  Loaded graphics with name 'subfolder1/img2' at path 'C:/Users/XyRoN/Documents/NetBeansProjects/Codename_FiteMe/res/grfx/subfolder1/img2.png'
ERR : 17:35:59  ----  Exception NoSuchMethodException caught at org.simon.src.game.gui.GuiElement @ <init> ln:34
ERR : 17:35:59  ----  Exception message: org.simon.src.game.gui.ActionHandler.turn_indicator()
LOG : 17:36:10  ----  Starting ...
LOG : 17:36:11  ----  Read settings property 'screen_width' as '800'
LOG : 17:36:11  ----  Read settings property 'screen_height' as '600'
LOG : 17:36:11  ----  Read settings property 'grfx_path' as 'res/grfx/'
LOG : 17:36:11  ----  Read settings property 'sounds_path' as 'res/sounds/'
LOG : 17:36:11  ----  Loaded graphics with name 'img1' at path 'C:/Users/XyRoN/Documents/NetBeansProjects/Codename_FiteMe/res/grfx/img1.png'
LOG : 17:36:11  ----  Loaded graphics with name 'img2' at path 'C:/Users/XyRoN/Documents/NetBeansProjects/Codename_FiteMe/res/grfx/img2.png'
LOG : 17:36:11  ----  Loaded graphics with name 'subfolder1/img1' at path 'C:/Users/XyRoN/Documents/NetBeansProjects/Codename_FiteMe/res/grfx/subfolder1/img1.png'
LOG : 17:36:11  ----  Loaded graphics with name 'subfolder1/img2' at path 'C:/Users/XyRoN/Documents/NetBeansProjects/Codename_FiteMe/res/grfx/subfolder1/img2.png'
ERR : 17:36:11  ----  Exception NoSuchMethodException caught at org.simon.src.game.gui.GuiElement @ <init> ln:34
ERR : 17:36:11  ----  Exception message: org.simon.src.game.gui.ActionHandler.turn_indicator()
LOG : 19:11:09  ----  Starting ...
LOG : 19:11:10  ----  Read settings property 'screen_width' as '800'
LOG : 19:11:10  ----  Read settings property 'screen_height' as '600'
LOG : 19:11:10  ----  Read settings property 'grfx_path' as 'res/grfx/'
LOG : 19:11:10  ----  Read settings property 'sounds_path' as 'res/sounds/'
LOG : 19:11:10  ----  Loaded graphics with name 'img1' at path 'C:/Users/XyRoN/Documents/NetBeansProjects/Codename_FiteMe/res/grfx/img1.png'
LOG : 19:11:10  ----  Loaded graphics with name 'img2' at path 'C:/Users/XyRoN/Documents/NetBeansProjects/Codename_FiteMe/res/grfx/img2.png'
LOG : 19:11:10  ----  Loaded graphics with name 'subfolder1/img1' at path 'C:/Users/XyRoN/Documents/NetBeansProjects/Codename_FiteMe/res/grfx/subfolder1/img1.png'
LOG : 19:11:10  ----  Loaded graphics with name 'subfolder1/img2' at path 'C:/Users/XyRoN/Documents/NetBeansProjects/Codename_FiteMe/res/grfx/subfolder1/img2.png'
ERR : 19:11:10  ----  Missing font resource dump folder at 'res/fonts/'...
LOG : 21:20:20  ----  Starting ...
LOG : 21:20:21  ----  Read settings property 'screen_width' as '800'
LOG : 21:20:21  ----  Read settings property 'screen_height' as '600'
LOG : 21:20:21  ----  Read settings property 'grfx_path' as 'res/grfx/'
LOG : 21:20:21  ----  Read settings property 'sounds_path' as 'res/sounds/'
LOG : 21:20:21  ----  Loaded graphics with name 'img1' at path 'C:/Users/XyRoN/Documents/NetBeansProjects/Codename_FiteMe/res/grfx/img1.png'
LOG : 21:20:21  ----  Loaded graphics with name 'img2' at path 'C:/Users/XyRoN/Documents/NetBeansProjects/Codename_FiteMe/res/grfx/img2.png'
LOG : 21:20:21  ----  Loaded graphics with name 'subfolder1/img1' at path 'C:/Users/XyRoN/Documents/NetBeansProjects/Codename_FiteMe/res/grfx/subfolder1/img1.png'
LOG : 21:20:21  ----  Loaded graphics with name 'subfolder1/img2' at path 'C:/Users/XyRoN/Documents/NetBeansProjects/Codename_FiteMe/res/grfx/subfolder1/img2.png'
LOG : 21:20:21  ----  Loaded font with name 'djgross/DJGROSS' at path 'C:/Users/XyRoN/Documents/NetBeansProjects/Codename_FiteMe/res/fonts/djgross/DJGROSS.ttf'
LOG : 21:20:21  ----  Loaded font with name 'note_this/note_this' at path 'C:/Users/XyRoN/Documents/NetBeansProjects/Codename_FiteMe/res/fonts/note_this/note_this.ttf'
LOG : 21:28:19  ----  Starting ...
LOG : 21:28:20  ----  Read settings property 'screen_width' as '800'
LOG : 21:28:20  ----  Read settings property 'screen_height' as '600'
LOG : 21:28:20  ----  Read settings property 'grfx_path' as 'res/grfx/'
LOG : 21:28:20  ----  Read settings property 'sounds_path' as 'res/sounds/'
LOG : 21:28:20  ----  Loaded graphics with name 'img1' at path 'C:/Users/XyRoN/Documents/NetBeansProjects/Codename_FiteMe/res/grfx/img1.png'
LOG : 21:28:20  ----  Loaded graphics with name 'img2' at path 'C:/Users/XyRoN/Documents/NetBeansProjects/Codename_FiteMe/res/grfx/img2.png'
LOG : 21:28:20  ----  Loaded graphics with name 'subfolder1/img1' at path 'C:/Users/XyRoN/Documents/NetBeansProjects/Codename_FiteMe/res/grfx/subfolder1/img1.png'
LOG : 21:28:20  ----  Loaded graphics with name 'subfolder1/img2' at path 'C:/Users/XyRoN/Documents/NetBeansProjects/Codename_FiteMe/res/grfx/subfolder1/img2.png'
LOG : 21:28:20  ----  Loaded font with name 'djgross/djgross' at path 'C:/Users/XyRoN/Documents/NetBeansProjects/Codename_FiteMe/res/fonts/djgross/DJGROSS.ttf'
LOG : 21:28:20  ----  Loaded font with name 'note_this/note_this' at path 'C:/Users/XyRoN/Documents/NetBeansProjects/Codename_FiteMe/res/fonts/note_this/note_this.ttf'
LOG : 22:46:43  ----  Starting ...
LOG : 22:46:44  ----  Read settings property 'screen_width' as '800'
LOG : 22:46:44  ----  Read settings property 'screen_height' as '600'
LOG : 22:46:44  ----  Read settings property 'grfx_path' as 'res/grfx/'
LOG : 22:46:44  ----  Read settings property 'sounds_path' as 'res/sounds/'
LOG : 22:46:44  ----  Loaded graphics with name 'img1' at path 'C:/Users/XyRoN/Documents/NetBeansProjects/Codename_FiteMe/res/grfx/img1.png'
LOG : 22:46:44  ----  Loaded graphics with name 'img2' at path 'C:/Users/XyRoN/Documents/NetBeansProjects/Codename_FiteMe/res/grfx/img2.png'
LOG : 22:46:44  ----  Loaded graphics with name 'subfolder1/img1' at path 'C:/Users/XyRoN/Documents/NetBeansProjects/Codename_FiteMe/res/grfx/subfolder1/img1.png'
LOG : 22:46:44  ----  Loaded graphics with name 'subfolder1/img2' at path 'C:/Users/XyRoN/Documents/NetBeansProjects/Codename_FiteMe/res/grfx/subfolder1/img2.png'
LOG : 22:46:44  ----  Loaded font with name 'djgross/djgross' at path 'C:/Users/XyRoN/Documents/NetBeansProjects/Codename_FiteMe/res/fonts/djgross/DJGROSS.ttf'
LOG : 22:46:44  ----  Loaded font with name 'note_this/note_this' at path 'C:/Users/XyRoN/Documents/NetBeansProjects/Codename_FiteMe/res/fonts/note_this/note_this.ttf'
LOG : 22:49:51  ----  Starting ...
LOG : 22:49:52  ----  Read settings property 'screen_width' as '800'
LOG : 22:49:52  ----  Read settings property 'screen_height' as '600'
LOG : 22:49:52  ----  Read settings property 'grfx_path' as 'res/grfx/'
LOG : 22:49:52  ----  Read settings property 'sounds_path' as 'res/sounds/'
LOG : 22:49:52  ----  Loaded graphics with name 'img1' at path 'C:/Users/XyRoN/Documents/NetBeansProjects/Codename_FiteMe/res/grfx/img1.png'
LOG : 22:49:52  ----  Loaded graphics with name 'img2' at path 'C:/Users/XyRoN/Documents/NetBeansProjects/Codename_FiteMe/res/grfx/img2.png'
LOG : 22:49:52  ----  Loaded graphics with name 'subfolder1/img1' at path 'C:/Users/XyRoN/Documents/NetBeansProjects/Codename_FiteMe/res/grfx/subfolder1/img1.png'
LOG : 22:49:52  ----  Loaded graphics with name 'subfolder1/img2' at path 'C:/Users/XyRoN/Documents/NetBeansProjects/Codename_FiteMe/res/grfx/subfolder1/img2.png'
LOG : 22:49:52  ----  Loaded font with name 'djgross/djgross' at path 'C:/Users/XyRoN/Documents/NetBeansProjects/Codename_FiteMe/res/fonts/djgross/DJGROSS.ttf'
LOG : 22:49:52  ----  Loaded font with name 'note_this/note_this' at path 'C:/Users/XyRoN/Documents/NetBeansProjects/Codename_FiteMe/res/fonts/note_this/note_this.ttf'
LOG : 23:22:54  ----  Starting ...
LOG : 23:22:55  ----  Read settings property 'screen_width' as '800'
LOG : 23:22:55  ----  Read settings property 'screen_height' as '600'
LOG : 23:22:55  ----  Read settings property 'grfx_path' as 'res/grfx/'
LOG : 23:22:55  ----  Read settings property 'sounds_path' as 'res/sounds/'
LOG : 23:22:55  ----  Loaded graphics with name 'img1' at path 'C:/Users/XyRoN/Documents/NetBeansProjects/Codename_FiteMe/res/grfx/img1.png'
LOG : 23:22:55  ----  Loaded graphics with name 'img2' at path 'C:/Users/XyRoN/Documents/NetBeansProjects/Codename_FiteMe/res/grfx/img2.png'
LOG : 23:22:55  ----  Loaded graphics with name 'subfolder1/img1' at path 'C:/Users/XyRoN/Documents/NetBeansProjects/Codename_FiteMe/res/grfx/subfolder1/img1.png'
LOG : 23:22:55  ----  Loaded graphics with name 'subfolder1/img2' at path 'C:/Users/XyRoN/Documents/NetBeansProjects/Codename_FiteMe/res/grfx/subfolder1/img2.png'
LOG : 23:22:56  ----  Loaded font with name 'djgross/djgross' at path 'C:/Users/XyRoN/Documents/NetBeansProjects/Codename_FiteMe/res/fonts/djgross/DJGROSS.ttf'
LOG : 23:22:56  ----  Loaded font with name 'note_this/note_this' at path 'C:/Users/XyRoN/Documents/NetBeansProjects/Codename_FiteMe/res/fonts/note_this/note_this.ttf'
LOG : 23:23:12  ----  Starting ...
LOG : 23:23:13  ----  Read settings property 'screen_width' as '800'
LOG : 23:23:13  ----  Read settings property 'screen_height' as '600'
LOG : 23:23:13  ----  Read settings property 'grfx_path' as 'res/grfx/'
LOG : 23:23:13  ----  Read settings property 'sounds_path' as 'res/sounds/'
LOG : 23:23:13  ----  Loaded graphics with name 'img1' at path 'C:/Users/XyRoN/Documents/NetBeansProjects/Codename_FiteMe/res/grfx/img1.png'
LOG : 23:23:13  ----  Loaded graphics with name 'img2' at path 'C:/Users/XyRoN/Documents/NetBeansProjects/Codename_FiteMe/res/grfx/img2.png'
LOG : 23:23:13  ----  Loaded graphics with name 'subfolder1/img1' at path 'C:/Users/XyRoN/Documents/NetBeansProjects/Codename_FiteMe/res/grfx/subfolder1/img1.png'
LOG : 23:23:13  ----  Loaded graphics with name 'subfolder1/img2' at path 'C:/Users/XyRoN/Documents/NetBeansProjects/Codename_FiteMe/res/grfx/subfolder1/img2.png'
LOG : 23:23:13  ----  Loaded font with name 'djgross/djgross' at path 'C:/Users/XyRoN/Documents/NetBeansProjects/Codename_FiteMe/res/fonts/djgross/DJGROSS.ttf'
LOG : 23:23:13  ----  Loaded font with name 'note_this/note_this' at path 'C:/Users/XyRoN/Documents/NetBeansProjects/Codename_FiteMe/res/fonts/note_this/note_this.ttf'
LOG : 23:23:23  ----  Starting ...
LOG : 23:23:23  ----  Read settings property 'screen_width' as '800'
LOG : 23:23:23  ----  Read settings property 'screen_height' as '600'
LOG : 23:23:23  ----  Read settings property 'grfx_path' as 'res/grfx/'
LOG : 23:23:23  ----  Read settings property 'sounds_path' as 'res/sounds/'
LOG : 23:23:23  ----  Loaded graphics with name 'img1' at path 'C:/Users/XyRoN/Documents/NetBeansProjects/Codename_FiteMe/res/grfx/img1.png'
LOG : 23:23:23  ----  Loaded graphics with name 'img2' at path 'C:/Users/XyRoN/Documents/NetBeansProjects/Codename_FiteMe/res/grfx/img2.png'
LOG : 23:23:23  ----  Loaded graphics with name 'subfolder1/img1' at path 'C:/Users/XyRoN/Documents/NetBeansProjects/Codename_FiteMe/res/grfx/subfolder1/img1.png'
LOG : 23:23:23  ----  Loaded graphics with name 'subfolder1/img2' at path 'C:/Users/XyRoN/Documents/NetBeansProjects/Codename_FiteMe/res/grfx/subfolder1/img2.png'
LOG : 23:23:24  ----  Loaded font with name 'djgross/djgross' at path 'C:/Users/XyRoN/Documents/NetBeansProjects/Codename_FiteMe/res/fonts/djgross/DJGROSS.ttf'
LOG : 23:23:24  ----  Loaded font with name 'note_this/note_this' at path 'C:/Users/XyRoN/Documents/NetBeansProjects/Codename_FiteMe/res/fonts/note_this/note_this.ttf'
LOG : 23:25:40  ----  Starting ...
LOG : 23:25:40  ----  Read settings property 'screen_width' as '800'
LOG : 23:25:40  ----  Read settings property 'screen_height' as '600'
LOG : 23:25:40  ----  Read settings property 'grfx_path' as 'res/grfx/'
LOG : 23:25:40  ----  Read settings property 'sounds_path' as 'res/sounds/'
LOG : 23:25:40  ----  Loaded graphics with name 'img1' at path 'C:/Users/XyRoN/Documents/NetBeansProjects/Codename_FiteMe/res/grfx/img1.png'
LOG : 23:25:40  ----  Loaded graphics with name 'img2' at path 'C:/Users/XyRoN/Documents/NetBeansProjects/Codename_FiteMe/res/grfx/img2.png'
LOG : 23:25:40  ----  Loaded graphics with name 'subfolder1/img1' at path 'C:/Users/XyRoN/Documents/NetBeansProjects/Codename_FiteMe/res/grfx/subfolder1/img1.png'
LOG : 23:25:40  ----  Loaded graphics with name 'subfolder1/img2' at path 'C:/Users/XyRoN/Documents/NetBeansProjects/Codename_FiteMe/res/grfx/subfolder1/img2.png'
LOG : 23:25:41  ----  Loaded font with name 'djgross/djgross' at path 'C:/Users/XyRoN/Documents/NetBeansProjects/Codename_FiteMe/res/fonts/djgross/DJGROSS.ttf'
LOG : 23:25:41  ----  Loaded font with name 'note_this/note_this' at path 'C:/Users/XyRoN/Documents/NetBeansProjects/Codename_FiteMe/res/fonts/note_this/note_this.ttf'
LOG : 23:28:40  ----  Starting ...
LOG : 23:28:41  ----  Read settings property 'screen_width' as '800'
LOG : 23:28:41  ----  Read settings property 'screen_height' as '600'
LOG : 23:28:41  ----  Read settings property 'grfx_path' as 'res/grfx/'
LOG : 23:28:41  ----  Read settings property 'sounds_path' as 'res/sounds/'
LOG : 23:28:41  ----  Loaded graphics with name 'img1' at path 'C:/Users/XyRoN/Documents/NetBeansProjects/Codename_FiteMe/res/grfx/img1.png'
LOG : 23:28:41  ----  Loaded graphics with name 'img2' at path 'C:/Users/XyRoN/Documents/NetBeansProjects/Codename_FiteMe/res/grfx/img2.png'
LOG : 23:28:41  ----  Loaded graphics with name 'subfolder1/img1' at path 'C:/Users/XyRoN/Documents/NetBeansProjects/Codename_FiteMe/res/grfx/subfolder1/img1.png'
LOG : 23:28:41  ----  Loaded graphics with name 'subfolder1/img2' at path 'C:/Users/XyRoN/Documents/NetBeansProjects/Codename_FiteMe/res/grfx/subfolder1/img2.png'
LOG : 23:28:41  ----  Loaded font with name 'djgross/djgross' at path 'C:/Users/XyRoN/Documents/NetBeansProjects/Codename_FiteMe/res/fonts/djgross/DJGROSS.ttf'
LOG : 23:28:42  ----  Loaded font with name 'note_this/note_this' at path 'C:/Users/XyRoN/Documents/NetBeansProjects/Codename_FiteMe/res/fonts/note_this/note_this.ttf'
LOG : 23:44:51  ----  Starting ...
LOG : 23:44:52  ----  Read settings property 'screen_width' as '800'
LOG : 23:44:52  ----  Read settings property 'screen_height' as '600'
LOG : 23:44:52  ----  Read settings property 'grfx_path' as 'res/grfx/'
LOG : 23:44:52  ----  Read settings property 'sounds_path' as 'res/sounds/'
LOG : 23:44:52  ----  Loaded graphics with name 'img1' at path 'C:/Users/XyRoN/Documents/NetBeansProjects/Codename_FiteMe/res/grfx/img1.png'
LOG : 23:44:52  ----  Loaded graphics with name 'img2' at path 'C:/Users/XyRoN/Documents/NetBeansProjects/Codename_FiteMe/res/grfx/img2.png'
LOG : 23:44:52  ----  Loaded graphics with name 'subfolder1/img1' at path 'C:/Users/XyRoN/Documents/NetBeansProjects/Codename_FiteMe/res/grfx/subfolder1/img1.png'
LOG : 23:44:52  ----  Loaded graphics with name 'subfolder1/img2' at path 'C:/Users/XyRoN/Documents/NetBeansProjects/Codename_FiteMe/res/grfx/subfolder1/img2.png'
LOG : 23:44:54  ----  Loaded font with name 'djgross/djgross' at path 'C:/Users/XyRoN/Documents/NetBeansProjects/Codename_FiteMe/res/fonts/djgross/DJGROSS.ttf'
LOG : 23:44:55  ----  Loaded font with name 'note_this/note_this' at path 'C:/Users/XyRoN/Documents/NetBeansProjects/Codename_FiteMe/res/fonts/note_this/note_this.ttf'
LOG : 23:45:04  ----  Starting ...
LOG : 23:45:05  ----  Read settings property 'screen_width' as '800'
LOG : 23:45:05  ----  Read settings property 'screen_height' as '600'
LOG : 23:45:05  ----  Read settings property 'grfx_path' as 'res/grfx/'
LOG : 23:45:05  ----  Read settings property 'sounds_path' as 'res/sounds/'
LOG : 23:45:05  ----  Loaded graphics with name 'img1' at path 'C:/Users/XyRoN/Documents/NetBeansProjects/Codename_FiteMe/res/grfx/img1.png'
LOG : 23:45:05  ----  Loaded graphics with name 'img2' at path 'C:/Users/XyRoN/Documents/NetBeansProjects/Codename_FiteMe/res/grfx/img2.png'
LOG : 23:45:05  ----  Loaded graphics with name 'subfolder1/img1' at path 'C:/Users/XyRoN/Documents/NetBeansProjects/Codename_FiteMe/res/grfx/subfolder1/img1.png'
LOG : 23:45:05  ----  Loaded graphics with name 'subfolder1/img2' at path 'C:/Users/XyRoN/Documents/NetBeansProjects/Codename_FiteMe/res/grfx/subfolder1/img2.png'
LOG : 23:45:06  ----  Loaded font with name 'djgross/djgross' at path 'C:/Users/XyRoN/Documents/NetBeansProjects/Codename_FiteMe/res/fonts/djgross/DJGROSS.ttf'
LOG : 23:45:07  ----  Loaded font with name 'note_this/note_this' at path 'C:/Users/XyRoN/Documents/NetBeansProjects/Codename_FiteMe/res/fonts/note_this/note_this.ttf'
LOG : 23:45:15  ----  Starting ...
LOG : 23:45:15  ----  Read settings property 'screen_width' as '800'
LOG : 23:45:15  ----  Read settings property 'screen_height' as '600'
LOG : 23:45:15  ----  Read settings property 'grfx_path' as 'res/grfx/'
LOG : 23:45:15  ----  Read settings property 'sounds_path' as 'res/sounds/'
LOG : 23:45:15  ----  Loaded graphics with name 'img1' at path 'C:/Users/XyRoN/Documents/NetBeansProjects/Codename_FiteMe/res/grfx/img1.png'
LOG : 23:45:15  ----  Loaded graphics with name 'img2' at path 'C:/Users/XyRoN/Documents/NetBeansProjects/Codename_FiteMe/res/grfx/img2.png'
LOG : 23:45:15  ----  Loaded graphics with name 'subfolder1/img1' at path 'C:/Users/XyRoN/Documents/NetBeansProjects/Codename_FiteMe/res/grfx/subfolder1/img1.png'
LOG : 23:45:15  ----  Loaded graphics with name 'subfolder1/img2' at path 'C:/Users/XyRoN/Documents/NetBeansProjects/Codename_FiteMe/res/grfx/subfolder1/img2.png'
LOG : 23:45:17  ----  Loaded font with name 'djgross/djgross' at path 'C:/Users/XyRoN/Documents/NetBeansProjects/Codename_FiteMe/res/fonts/djgross/DJGROSS.ttf'
LOG : 23:45:18  ----  Loaded font with name 'note_this/note_this' at path 'C:/Users/XyRoN/Documents/NetBeansProjects/Codename_FiteMe/res/fonts/note_this/note_this.ttf'
LOG : 23:45:20  ----  Starting ...
LOG : 23:45:20  ----  Read settings property 'screen_width' as '800'
LOG : 23:45:20  ----  Read settings property 'screen_height' as '600'
LOG : 23:45:20  ----  Read settings property 'grfx_path' as 'res/grfx/'
LOG : 23:45:20  ----  Read settings property 'sounds_path' as 'res/sounds/'
LOG : 23:45:20  ----  Loaded graphics with name 'img1' at path 'C:/Users/XyRoN/Documents/NetBeansProjects/Codename_FiteMe/res/grfx/img1.png'
LOG : 23:45:20  ----  Loaded graphics with name 'img2' at path 'C:/Users/XyRoN/Documents/NetBeansProjects/Codename_FiteMe/res/grfx/img2.png'
LOG : 23:45:20  ----  Loaded graphics with name 'subfolder1/img1' at path 'C:/Users/XyRoN/Documents/NetBeansProjects/Codename_FiteMe/res/grfx/subfolder1/img1.png'
LOG : 23:45:21  ----  Loaded graphics with name 'subfolder1/img2' at path 'C:/Users/XyRoN/Documents/NetBeansProjects/Codename_FiteMe/res/grfx/subfolder1/img2.png'
LOG : 23:45:22  ----  Loaded font with name 'djgross/djgross' at path 'C:/Users/XyRoN/Documents/NetBeansProjects/Codename_FiteMe/res/fonts/djgross/DJGROSS.ttf'
LOG : 23:45:23  ----  Loaded font with name 'note_this/note_this' at path 'C:/Users/XyRoN/Documents/NetBeansProjects/Codename_FiteMe/res/fonts/note_this/note_this.ttf'
LOG : 23:47:57  ----  Starting ...
LOG : 23:47:58  ----  Read settings property 'screen_width' as '800'
LOG : 23:47:58  ----  Read settings property 'screen_height' as '600'
LOG : 23:47:58  ----  Read settings property 'grfx_path' as 'res/grfx/'
LOG : 23:47:58  ----  Read settings property 'sounds_path' as 'res/sounds/'
LOG : 23:47:58  ----  Loaded graphics with name 'img1' at path 'C:/Users/XyRoN/Documents/NetBeansProjects/Codename_FiteMe/res/grfx/img1.png'
LOG : 23:47:58  ----  Loaded graphics with name 'img2' at path 'C:/Users/XyRoN/Documents/NetBeansProjects/Codename_FiteMe/res/grfx/img2.png'
LOG : 23:47:58  ----  Loaded graphics with name 'subfolder1/img1' at path 'C:/Users/XyRoN/Documents/NetBeansProjects/Codename_FiteMe/res/grfx/subfolder1/img1.png'
LOG : 23:47:58  ----  Loaded graphics with name 'subfolder1/img2' at path 'C:/Users/XyRoN/Documents/NetBeansProjects/Codename_FiteMe/res/grfx/subfolder1/img2.png'
LOG : 23:47:59  ----  Loaded font with name '/djgross' at path 'C:/Users/XyRoN/Documents/NetBeansProjects/Codename_FiteMe/res/fonts/djgross/DJGROSS.ttf'
LOG : 23:48:00  ----  Loaded font with name '/note_this' at path 'C:/Users/XyRoN/Documents/NetBeansProjects/Codename_FiteMe/res/fonts/note_this/note_this.ttf'
LOG : 23:48:10  ----  Starting ...
LOG : 23:48:11  ----  Read settings property 'screen_width' as '800'
LOG : 23:48:11  ----  Read settings property 'screen_height' as '600'
LOG : 23:48:11  ----  Read settings property 'grfx_path' as 'res/grfx/'
LOG : 23:48:11  ----  Read settings property 'sounds_path' as 'res/sounds/'
LOG : 23:48:11  ----  Loaded graphics with name 'img1' at path 'C:/Users/XyRoN/Documents/NetBeansProjects/Codename_FiteMe/res/grfx/img1.png'
LOG : 23:48:11  ----  Loaded graphics with name 'img2' at path 'C:/Users/XyRoN/Documents/NetBeansProjects/Codename_FiteMe/res/grfx/img2.png'
LOG : 23:48:11  ----  Loaded graphics with name 'subfolder1/img1' at path 'C:/Users/XyRoN/Documents/NetBeansProjects/Codename_FiteMe/res/grfx/subfolder1/img1.png'
LOG : 23:48:11  ----  Loaded graphics with name 'subfolder1/img2' at path 'C:/Users/XyRoN/Documents/NetBeansProjects/Codename_FiteMe/res/grfx/subfolder1/img2.png'
LOG : 23:48:12  ----  Loaded font with name 'djgross' at path 'C:/Users/XyRoN/Documents/NetBeansProjects/Codename_FiteMe/res/fonts/djgross/DJGROSS.ttf'
LOG : 23:48:13  ----  Loaded font with name 'note_this' at path 'C:/Users/XyRoN/Documents/NetBeansProjects/Codename_FiteMe/res/fonts/note_this/note_this.ttf'
LOG : 23:48:43  ----  Starting ...
LOG : 23:48:44  ----  Read settings property 'screen_width' as '800'
LOG : 23:48:44  ----  Read settings property 'screen_height' as '600'
LOG : 23:48:44  ----  Read settings property 'grfx_path' as 'res/grfx/'
LOG : 23:48:44  ----  Read settings property 'sounds_path' as 'res/sounds/'
LOG : 23:48:44  ----  Loaded graphics with name 'img1' at path 'C:/Users/XyRoN/Documents/NetBeansProjects/Codename_FiteMe/res/grfx/img1.png'
LOG : 23:48:44  ----  Loaded graphics with name 'img2' at path 'C:/Users/XyRoN/Documents/NetBeansProjects/Codename_FiteMe/res/grfx/img2.png'
LOG : 23:48:44  ----  Loaded graphics with name 'subfolder1/img1' at path 'C:/Users/XyRoN/Documents/NetBeansProjects/Codename_FiteMe/res/grfx/subfolder1/img1.png'
LOG : 23:48:44  ----  Loaded graphics with name 'subfolder1/img2' at path 'C:/Users/XyRoN/Documents/NetBeansProjects/Codename_FiteMe/res/grfx/subfolder1/img2.png'
LOG : 23:48:45  ----  Loaded font with name 'djgross' at path 'C:/Users/XyRoN/Documents/NetBeansProjects/Codename_FiteMe/res/fonts/djgross/DJGROSS.ttf'
LOG : 23:48:46  ----  Loaded font with name 'note_this' at path 'C:/Users/XyRoN/Documents/NetBeansProjects/Codename_FiteMe/res/fonts/note_this/note_this.ttf'
LOG : 23:49:22  ----  Starting ...
LOG : 23:49:23  ----  Read settings property 'screen_width' as '800'
LOG : 23:49:23  ----  Read settings property 'screen_height' as '600'
LOG : 23:49:23  ----  Read settings property 'grfx_path' as 'res/grfx/'
LOG : 23:49:23  ----  Read settings property 'sounds_path' as 'res/sounds/'
LOG : 23:49:23  ----  Loaded graphics with name 'img1' at path 'C:/Users/XyRoN/Documents/NetBeansProjects/Codename_FiteMe/res/grfx/img1.png'
LOG : 23:49:23  ----  Loaded graphics with name 'img2' at path 'C:/Users/XyRoN/Documents/NetBeansProjects/Codename_FiteMe/res/grfx/img2.png'
LOG : 23:49:23  ----  Loaded graphics with name 'subfolder1/img1' at path 'C:/Users/XyRoN/Documents/NetBeansProjects/Codename_FiteMe/res/grfx/subfolder1/img1.png'
LOG : 23:49:23  ----  Loaded graphics with name 'subfolder1/img2' at path 'C:/Users/XyRoN/Documents/NetBeansProjects/Codename_FiteMe/res/grfx/subfolder1/img2.png'
LOG : 23:49:24  ----  Loaded font with name 'djgross' at path 'C:/Users/XyRoN/Documents/NetBeansProjects/Codename_FiteMe/res/fonts/djgross/DJGROSS.ttf'
LOG : 23:49:26  ----  Loaded font with name 'note_this' at path 'C:/Users/XyRoN/Documents/NetBeansProjects/Codename_FiteMe/res/fonts/note_this/note_this.ttf'
LOG : 23:50:30  ----  Starting ...
LOG : 23:50:31  ----  Read settings property 'screen_width' as '800'
LOG : 23:50:31  ----  Read settings property 'screen_height' as '600'
LOG : 23:50:31  ----  Read settings property 'grfx_path' as 'res/grfx/'
LOG : 23:50:31  ----  Read settings property 'sounds_path' as 'res/sounds/'
LOG : 23:50:31  ----  Loaded graphics with name 'img1' at path 'C:/Users/XyRoN/Documents/NetBeansProjects/Codename_FiteMe/res/grfx/img1.png'
LOG : 23:50:31  ----  Loaded graphics with name 'img2' at path 'C:/Users/XyRoN/Documents/NetBeansProjects/Codename_FiteMe/res/grfx/img2.png'
LOG : 23:50:31  ----  Loaded graphics with name 'subfolder1/img1' at path 'C:/Users/XyRoN/Documents/NetBeansProjects/Codename_FiteMe/res/grfx/subfolder1/img1.png'
LOG : 23:50:31  ----  Loaded graphics with name 'subfolder1/img2' at path 'C:/Users/XyRoN/Documents/NetBeansProjects/Codename_FiteMe/res/grfx/subfolder1/img2.png'
LOG : 23:50:32  ----  Loaded font with name 'djgross' at path 'C:/Users/XyRoN/Documents/NetBeansProjects/Codename_FiteMe/res/fonts/djgross/DJGROSS.ttf'
LOG : 23:50:33  ----  Loaded font with name 'note_this' at path 'C:/Users/XyRoN/Documents/NetBeansProjects/Codename_FiteMe/res/fonts/note_this/note_this.ttf'
LOG : 23:50:46  ----  Starting ...
LOG : 23:50:47  ----  Read settings property 'screen_width' as '800'
LOG : 23:50:47  ----  Read settings property 'screen_height' as '600'
LOG : 23:50:47  ----  Read settings property 'grfx_path' as 'res/grfx/'
LOG : 23:50:47  ----  Read settings property 'sounds_path' as 'res/sounds/'
LOG : 23:50:47  ----  Loaded graphics with name 'img1' at path 'C:/Users/XyRoN/Documents/NetBeansProjects/Codename_FiteMe/res/grfx/img1.png'
LOG : 23:50:47  ----  Loaded graphics with name 'img2' at path 'C:/Users/XyRoN/Documents/NetBeansProjects/Codename_FiteMe/res/grfx/img2.png'
LOG : 23:50:47  ----  Loaded graphics with name 'subfolder1/img1' at path 'C:/Users/XyRoN/Documents/NetBeansProjects/Codename_FiteMe/res/grfx/subfolder1/img1.png'
LOG : 23:50:47  ----  Loaded graphics with name 'subfolder1/img2' at path 'C:/Users/XyRoN/Documents/NetBeansProjects/Codename_FiteMe/res/grfx/subfolder1/img2.png'
LOG : 23:50:48  ----  Loaded font with name 'djgross' at path 'C:/Users/XyRoN/Documents/NetBeansProjects/Codename_FiteMe/res/fonts/djgross/DJGROSS.ttf'
LOG : 23:50:49  ----  Loaded font with name 'note_this' at path 'C:/Users/XyRoN/Documents/NetBeansProjects/Codename_FiteMe/res/fonts/note_this/note_this.ttf'
LOG : 23:51:28  ----  Starting ...
LOG : 23:51:29  ----  Read settings property 'screen_width' as '800'
LOG : 23:51:29  ----  Read settings property 'screen_height' as '600'
LOG : 23:51:29  ----  Read settings property 'grfx_path' as 'res/grfx/'
LOG : 23:51:29  ----  Read settings property 'sounds_path' as 'res/sounds/'
LOG : 23:51:29  ----  Loaded graphics with name 'img1' at path 'C:/Users/XyRoN/Documents/NetBeansProjects/Codename_FiteMe/res/grfx/img1.png'
LOG : 23:51:29  ----  Loaded graphics with name 'img2' at path 'C:/Users/XyRoN/Documents/NetBeansProjects/Codename_FiteMe/res/grfx/img2.png'
LOG : 23:51:29  ----  Loaded graphics with name 'subfolder1/img1' at path 'C:/Users/XyRoN/Documents/NetBeansProjects/Codename_FiteMe/res/grfx/subfolder1/img1.png'
LOG : 23:51:29  ----  Loaded graphics with name 'subfolder1/img2' at path 'C:/Users/XyRoN/Documents/NetBeansProjects/Codename_FiteMe/res/grfx/subfolder1/img2.png'
LOG : 23:51:30  ----  Loaded font with name 'djgross' at path 'C:/Users/XyRoN/Documents/NetBeansProjects/Codename_FiteMe/res/fonts/djgross/DJGROSS.ttf'
LOG : 23:51:31  ----  Loaded font with name 'note_this' at path 'C:/Users/XyRoN/Documents/NetBeansProjects/Codename_FiteMe/res/fonts/note_this/note_this.ttf'
LOG : 23:51:43  ----  Starting ...
LOG : 23:51:44  ----  Read settings property 'screen_width' as '800'
LOG : 23:51:44  ----  Read settings property 'screen_height' as '600'
LOG : 23:51:44  ----  Read settings property 'grfx_path' as 'res/grfx/'
LOG : 23:51:44  ----  Read settings property 'sounds_path' as 'res/sounds/'
LOG : 23:51:44  ----  Loaded graphics with name 'img1' at path 'C:/Users/XyRoN/Documents/NetBeansProjects/Codename_FiteMe/res/grfx/img1.png'
LOG : 23:51:44  ----  Loaded graphics with name 'img2' at path 'C:/Users/XyRoN/Documents/NetBeansProjects/Codename_FiteMe/res/grfx/img2.png'
LOG : 23:51:44  ----  Loaded graphics with name 'subfolder1/img1' at path 'C:/Users/XyRoN/Documents/NetBeansProjects/Codename_FiteMe/res/grfx/subfolder1/img1.png'
LOG : 23:51:44  ----  Loaded graphics with name 'subfolder1/img2' at path 'C:/Users/XyRoN/Documents/NetBeansProjects/Codename_FiteMe/res/grfx/subfolder1/img2.png'
LOG : 23:51:46  ----  Loaded font with name 'djgross' at path 'C:/Users/XyRoN/Documents/NetBeansProjects/Codename_FiteMe/res/fonts/djgross/DJGROSS.ttf'
LOG : 23:51:47  ----  Loaded font with name 'note_this' at path 'C:/Users/XyRoN/Documents/NetBeansProjects/Codename_FiteMe/res/fonts/note_this/note_this.ttf'
LOG : 23:52:00  ----  Starting ...
LOG : 23:52:00  ----  Read settings property 'screen_width' as '800'
LOG : 23:52:00  ----  Read settings property 'screen_height' as '600'
LOG : 23:52:00  ----  Read settings property 'grfx_path' as 'res/grfx/'
LOG : 23:52:00  ----  Read settings property 'sounds_path' as 'res/sounds/'
LOG : 23:52:00  ----  Loaded graphics with name 'img1' at path 'C:/Users/XyRoN/Documents/NetBeansProjects/Codename_FiteMe/res/grfx/img1.png'
LOG : 23:52:00  ----  Loaded graphics with name 'img2' at path 'C:/Users/XyRoN/Documents/NetBeansProjects/Codename_FiteMe/res/grfx/img2.png'
LOG : 23:52:00  ----  Loaded graphics with name 'subfolder1/img1' at path 'C:/Users/XyRoN/Documents/NetBeansProjects/Codename_FiteMe/res/grfx/subfolder1/img1.png'
LOG : 23:52:00  ----  Loaded graphics with name 'subfolder1/img2' at path 'C:/Users/XyRoN/Documents/NetBeansProjects/Codename_FiteMe/res/grfx/subfolder1/img2.png'
LOG : 23:52:02  ----  Loaded font with name 'djgross' at path 'C:/Users/XyRoN/Documents/NetBeansProjects/Codename_FiteMe/res/fonts/djgross/DJGROSS.ttf'
LOG : 23:52:03  ----  Loaded font with name 'note_this' at path 'C:/Users/XyRoN/Documents/NetBeansProjects/Codename_FiteMe/res/fonts/note_this/note_this.ttf'
LOG : 23:52:32  ----  Starting ...
LOG : 23:52:32  ----  Read settings property 'screen_width' as '800'
LOG : 23:52:32  ----  Read settings property 'screen_height' as '600'
LOG : 23:52:32  ----  Read settings property 'grfx_path' as 'res/grfx/'
LOG : 23:52:32  ----  Read settings property 'sounds_path' as 'res/sounds/'
LOG : 23:52:33  ----  Loaded graphics with name 'img1' at path 'C:/Users/XyRoN/Documents/NetBeansProjects/Codename_FiteMe/res/grfx/img1.png'
LOG : 23:52:33  ----  Loaded graphics with name 'img2' at path 'C:/Users/XyRoN/Documents/NetBeansProjects/Codename_FiteMe/res/grfx/img2.png'
LOG : 23:52:33  ----  Loaded graphics with name 'subfolder1/img1' at path 'C:/Users/XyRoN/Documents/NetBeansProjects/Codename_FiteMe/res/grfx/subfolder1/img1.png'
LOG : 23:52:33  ----  Loaded graphics with name 'subfolder1/img2' at path 'C:/Users/XyRoN/Documents/NetBeansProjects/Codename_FiteMe/res/grfx/subfolder1/img2.png'
LOG : 23:52:34  ----  Loaded font with name 'djgross' at path 'C:/Users/XyRoN/Documents/NetBeansProjects/Codename_FiteMe/res/fonts/djgross/DJGROSS.ttf'
LOG : 23:52:35  ----  Loaded font with name 'note_this' at path 'C:/Users/XyRoN/Documents/NetBeansProjects/Codename_FiteMe/res/fonts/note_this/note_this.ttf'
LOG : 23:52:52  ----  Starting ...
LOG : 23:52:53  ----  Read settings property 'screen_width' as '800'
LOG : 23:52:53  ----  Read settings property 'screen_height' as '600'
LOG : 23:52:53  ----  Read settings property 'grfx_path' as 'res/grfx/'
LOG : 23:52:53  ----  Read settings property 'sounds_path' as 'res/sounds/'
LOG : 23:52:53  ----  Loaded graphics with name 'img1' at path 'C:/Users/XyRoN/Documents/NetBeansProjects/Codename_FiteMe/res/grfx/img1.png'
LOG : 23:52:53  ----  Loaded graphics with name 'img2' at path 'C:/Users/XyRoN/Documents/NetBeansProjects/Codename_FiteMe/res/grfx/img2.png'
LOG : 23:52:53  ----  Loaded graphics with name 'subfolder1/img1' at path 'C:/Users/XyRoN/Documents/NetBeansProjects/Codename_FiteMe/res/grfx/subfolder1/img1.png'
LOG : 23:52:53  ----  Loaded graphics with name 'subfolder1/img2' at path 'C:/Users/XyRoN/Documents/NetBeansProjects/Codename_FiteMe/res/grfx/subfolder1/img2.png'
LOG : 23:52:54  ----  Loaded font with name 'djgross' at path 'C:/Users/XyRoN/Documents/NetBeansProjects/Codename_FiteMe/res/fonts/djgross/DJGROSS.ttf'
LOG : 23:52:55  ----  Loaded font with name 'note_this' at path 'C:/Users/XyRoN/Documents/NetBeansProjects/Codename_FiteMe/res/fonts/note_this/note_this.ttf'
LOG : 23:56:17  ----  Starting ...
LOG : 23:56:18  ----  Read settings property 'screen_width' as '800'
LOG : 23:56:18  ----  Read settings property 'screen_height' as '600'
LOG : 23:56:18  ----  Read settings property 'grfx_path' as 'res/grfx/'
LOG : 23:56:18  ----  Read settings property 'sounds_path' as 'res/sounds/'
LOG : 23:56:18  ----  Loaded graphics with name 'img1' at path 'C:/Users/XyRoN/Documents/NetBeansProjects/Codename_FiteMe/res/grfx/img1.png'
LOG : 23:56:18  ----  Loaded graphics with name 'img2' at path 'C:/Users/XyRoN/Documents/NetBeansProjects/Codename_FiteMe/res/grfx/img2.png'
LOG : 23:56:18  ----  Loaded graphics with name 'subfolder1/img1' at path 'C:/Users/XyRoN/Documents/NetBeansProjects/Codename_FiteMe/res/grfx/subfolder1/img1.png'
LOG : 23:56:18  ----  Loaded graphics with name 'subfolder1/img2' at path 'C:/Users/XyRoN/Documents/NetBeansProjects/Codename_FiteMe/res/grfx/subfolder1/img2.png'
LOG : 23:56:20  ----  Loaded font with name 'djgross' at path 'C:/Users/XyRoN/Documents/NetBeansProjects/Codename_FiteMe/res/fonts/djgross/DJGROSS.ttf'
LOG : 23:56:21  ----  Loaded font with name 'note_this' at path 'C:/Users/XyRoN/Documents/NetBeansProjects/Codename_FiteMe/res/fonts/note_this/note_this.ttf'
LOG : 23:58:04  ----  Starting ...
LOG : 23:58:05  ----  Read settings property 'screen_width' as '800'
LOG : 23:58:05  ----  Read settings property 'screen_height' as '600'
LOG : 23:58:05  ----  Read settings property 'grfx_path' as 'res/grfx/'
LOG : 23:58:05  ----  Read settings property 'sounds_path' as 'res/sounds/'
LOG : 23:58:05  ----  Loaded graphics with name 'img1' at path 'C:/Users/XyRoN/Documents/NetBeansProjects/Codename_FiteMe/res/grfx/img1.png'
LOG : 23:58:05  ----  Loaded graphics with name 'img2' at path 'C:/Users/XyRoN/Documents/NetBeansProjects/Codename_FiteMe/res/grfx/img2.png'
LOG : 23:58:05  ----  Loaded graphics with name 'subfolder1/img1' at path 'C:/Users/XyRoN/Documents/NetBeansProjects/Codename_FiteMe/res/grfx/subfolder1/img1.png'
LOG : 23:58:05  ----  Loaded graphics with name 'subfolder1/img2' at path 'C:/Users/XyRoN/Documents/NetBeansProjects/Codename_FiteMe/res/grfx/subfolder1/img2.png'
LOG : 23:58:06  ----  Loaded font with name 'djgross' at path 'C:/Users/XyRoN/Documents/NetBeansProjects/Codename_FiteMe/res/fonts/djgross/DJGROSS.ttf'
LOG : 23:58:07  ----  Loaded font with name 'note_this' at path 'C:/Users/XyRoN/Documents/NetBeansProjects/Codename_FiteMe/res/fonts/note_this/note_this.ttf'
