LOG : 00:00:31  ----  Starting ...
LOG : 00:00:31  ----  Read settings property 'screen_width' as '800'
LOG : 00:00:31  ----  Read settings property 'screen_height' as '600'
LOG : 00:00:31  ----  Read settings property 'grfx_path' as 'res/grfx/'
LOG : 00:00:31  ----  Read settings property 'sounds_path' as 'res/sounds/'
LOG : 00:00:32  ----  Loaded graphics with name 'img1' at path 'C:/Users/XyRoN/Documents/NetBeansProjects/Codename_FiteMe/res/grfx/img1.png'
LOG : 00:00:32  ----  Loaded graphics with name 'img2' at path 'C:/Users/XyRoN/Documents/NetBeansProjects/Codename_FiteMe/res/grfx/img2.png'
LOG : 00:00:32  ----  Loaded graphics with name 'subfolder1/img1' at path 'C:/Users/XyRoN/Documents/NetBeansProjects/Codename_FiteMe/res/grfx/subfolder1/img1.png'
LOG : 00:00:32  ----  Loaded graphics with name 'subfolder1/img2' at path 'C:/Users/XyRoN/Documents/NetBeansProjects/Codename_FiteMe/res/grfx/subfolder1/img2.png'
LOG : 00:00:33  ----  Loaded font with name 'djgross' at path 'C:/Users/XyRoN/Documents/NetBeansProjects/Codename_FiteMe/res/fonts/djgross/DJGROSS.ttf'
LOG : 00:00:34  ----  Loaded font with name 'note_this' at path 'C:/Users/XyRoN/Documents/NetBeansProjects/Codename_FiteMe/res/fonts/note_this/note_this.ttf'
LOG : 00:01:19  ----  Starting ...
LOG : 00:01:20  ----  Read settings property 'screen_width' as '800'
LOG : 00:01:20  ----  Read settings property 'screen_height' as '600'
LOG : 00:01:20  ----  Read settings property 'grfx_path' as 'res/grfx/'
LOG : 00:01:20  ----  Read settings property 'sounds_path' as 'res/sounds/'
LOG : 00:01:20  ----  Loaded graphics with name 'img1' at path 'C:/Users/XyRoN/Documents/NetBeansProjects/Codename_FiteMe/res/grfx/img1.png'
LOG : 00:01:20  ----  Loaded graphics with name 'img2' at path 'C:/Users/XyRoN/Documents/NetBeansProjects/Codename_FiteMe/res/grfx/img2.png'
LOG : 00:01:20  ----  Loaded graphics with name 'subfolder1/img1' at path 'C:/Users/XyRoN/Documents/NetBeansProjects/Codename_FiteMe/res/grfx/subfolder1/img1.png'
LOG : 00:01:20  ----  Loaded graphics with name 'subfolder1/img2' at path 'C:/Users/XyRoN/Documents/NetBeansProjects/Codename_FiteMe/res/grfx/subfolder1/img2.png'
LOG : 00:01:21  ----  Loaded font with name 'djgross' at path 'C:/Users/XyRoN/Documents/NetBeansProjects/Codename_FiteMe/res/fonts/djgross/DJGROSS.ttf'
LOG : 00:01:22  ----  Loaded font with name 'note_this' at path 'C:/Users/XyRoN/Documents/NetBeansProjects/Codename_FiteMe/res/fonts/note_this/note_this.ttf'
LOG : 00:01:50  ----  Starting ...
LOG : 00:01:51  ----  Read settings property 'screen_width' as '800'
LOG : 00:01:51  ----  Read settings property 'screen_height' as '600'
LOG : 00:01:51  ----  Read settings property 'grfx_path' as 'res/grfx/'
LOG : 00:01:51  ----  Read settings property 'sounds_path' as 'res/sounds/'
LOG : 00:01:51  ----  Loaded graphics with name 'img1' at path 'C:/Users/XyRoN/Documents/NetBeansProjects/Codename_FiteMe/res/grfx/img1.png'
LOG : 00:01:51  ----  Loaded graphics with name 'img2' at path 'C:/Users/XyRoN/Documents/NetBeansProjects/Codename_FiteMe/res/grfx/img2.png'
LOG : 00:01:51  ----  Loaded graphics with name 'subfolder1/img1' at path 'C:/Users/XyRoN/Documents/NetBeansProjects/Codename_FiteMe/res/grfx/subfolder1/img1.png'
LOG : 00:01:51  ----  Loaded graphics with name 'subfolder1/img2' at path 'C:/Users/XyRoN/Documents/NetBeansProjects/Codename_FiteMe/res/grfx/subfolder1/img2.png'
LOG : 00:01:52  ----  Loaded font with name 'djgross' at path 'C:/Users/XyRoN/Documents/NetBeansProjects/Codename_FiteMe/res/fonts/djgross/DJGROSS.ttf'
LOG : 00:01:53  ----  Loaded font with name 'note_this' at path 'C:/Users/XyRoN/Documents/NetBeansProjects/Codename_FiteMe/res/fonts/note_this/note_this.ttf'
LOG : 00:02:36  ----  Starting ...
LOG : 00:02:37  ----  Read settings property 'screen_width' as '800'
LOG : 00:02:37  ----  Read settings property 'screen_height' as '600'
LOG : 00:02:37  ----  Read settings property 'grfx_path' as 'res/grfx/'
LOG : 00:02:37  ----  Read settings property 'sounds_path' as 'res/sounds/'
LOG : 00:02:37  ----  Loaded graphics with name 'img1' at path 'C:/Users/XyRoN/Documents/NetBeansProjects/Codename_FiteMe/res/grfx/img1.png'
LOG : 00:02:37  ----  Loaded graphics with name 'img2' at path 'C:/Users/XyRoN/Documents/NetBeansProjects/Codename_FiteMe/res/grfx/img2.png'
LOG : 00:02:37  ----  Loaded graphics with name 'subfolder1/img1' at path 'C:/Users/XyRoN/Documents/NetBeansProjects/Codename_FiteMe/res/grfx/subfolder1/img1.png'
LOG : 00:02:37  ----  Loaded graphics with name 'subfolder1/img2' at path 'C:/Users/XyRoN/Documents/NetBeansProjects/Codename_FiteMe/res/grfx/subfolder1/img2.png'
LOG : 00:02:38  ----  Loaded font with name 'djgross' at path 'C:/Users/XyRoN/Documents/NetBeansProjects/Codename_FiteMe/res/fonts/djgross/DJGROSS.ttf'
LOG : 00:02:39  ----  Loaded font with name 'note_this' at path 'C:/Users/XyRoN/Documents/NetBeansProjects/Codename_FiteMe/res/fonts/note_this/note_this.ttf'
LOG : 00:02:55  ----  Starting ...
LOG : 00:02:56  ----  Read settings property 'screen_width' as '800'
LOG : 00:02:56  ----  Read settings property 'screen_height' as '600'
LOG : 00:02:56  ----  Read settings property 'grfx_path' as 'res/grfx/'
LOG : 00:02:56  ----  Read settings property 'sounds_path' as 'res/sounds/'
LOG : 00:02:56  ----  Loaded graphics with name 'img1' at path 'C:/Users/XyRoN/Documents/NetBeansProjects/Codename_FiteMe/res/grfx/img1.png'
LOG : 00:02:56  ----  Loaded graphics with name 'img2' at path 'C:/Users/XyRoN/Documents/NetBeansProjects/Codename_FiteMe/res/grfx/img2.png'
LOG : 00:02:56  ----  Loaded graphics with name 'subfolder1/img1' at path 'C:/Users/XyRoN/Documents/NetBeansProjects/Codename_FiteMe/res/grfx/subfolder1/img1.png'
LOG : 00:02:56  ----  Loaded graphics with name 'subfolder1/img2' at path 'C:/Users/XyRoN/Documents/NetBeansProjects/Codename_FiteMe/res/grfx/subfolder1/img2.png'
LOG : 00:02:57  ----  Loaded font with name 'djgross' at path 'C:/Users/XyRoN/Documents/NetBeansProjects/Codename_FiteMe/res/fonts/djgross/DJGROSS.ttf'
LOG : 00:02:58  ----  Loaded font with name 'note_this' at path 'C:/Users/XyRoN/Documents/NetBeansProjects/Codename_FiteMe/res/fonts/note_this/note_this.ttf'
LOG : 00:04:29  ----  Starting ...
LOG : 00:04:30  ----  Read settings property 'screen_width' as '800'
LOG : 00:04:30  ----  Read settings property 'screen_height' as '600'
LOG : 00:04:30  ----  Read settings property 'grfx_path' as 'res/grfx/'
LOG : 00:04:30  ----  Read settings property 'sounds_path' as 'res/sounds/'
LOG : 00:04:30  ----  Loaded graphics with name 'img1' at path 'C:/Users/XyRoN/Documents/NetBeansProjects/Codename_FiteMe/res/grfx/img1.png'
LOG : 00:04:30  ----  Loaded graphics with name 'img2' at path 'C:/Users/XyRoN/Documents/NetBeansProjects/Codename_FiteMe/res/grfx/img2.png'
LOG : 00:04:30  ----  Loaded graphics with name 'subfolder1/img1' at path 'C:/Users/XyRoN/Documents/NetBeansProjects/Codename_FiteMe/res/grfx/subfolder1/img1.png'
LOG : 00:04:30  ----  Loaded graphics with name 'subfolder1/img2' at path 'C:/Users/XyRoN/Documents/NetBeansProjects/Codename_FiteMe/res/grfx/subfolder1/img2.png'
LOG : 00:04:30  ----  Loaded font with name 'djgross/djgross' at path 'C:/Users/XyRoN/Documents/NetBeansProjects/Codename_FiteMe/res/fonts/djgross/DJGROSS.ttf'
LOG : 00:04:30  ----  Loaded font with name 'note_this/note_this' at path 'C:/Users/XyRoN/Documents/NetBeansProjects/Codename_FiteMe/res/fonts/note_this/note_this.ttf'
LOG : 00:05:01  ----  Starting ...
LOG : 00:05:02  ----  Read settings property 'screen_width' as '800'
LOG : 00:05:02  ----  Read settings property 'screen_height' as '600'
LOG : 00:05:02  ----  Read settings property 'grfx_path' as 'res/grfx/'
LOG : 00:05:02  ----  Read settings property 'sounds_path' as 'res/sounds/'
LOG : 00:05:02  ----  Loaded graphics with name 'img1' at path 'C:/Users/XyRoN/Documents/NetBeansProjects/Codename_FiteMe/res/grfx/img1.png'
LOG : 00:05:02  ----  Loaded graphics with name 'img2' at path 'C:/Users/XyRoN/Documents/NetBeansProjects/Codename_FiteMe/res/grfx/img2.png'
LOG : 00:05:02  ----  Loaded graphics with name 'subfolder1/img1' at path 'C:/Users/XyRoN/Documents/NetBeansProjects/Codename_FiteMe/res/grfx/subfolder1/img1.png'
LOG : 00:05:02  ----  Loaded graphics with name 'subfolder1/img2' at path 'C:/Users/XyRoN/Documents/NetBeansProjects/Codename_FiteMe/res/grfx/subfolder1/img2.png'
LOG : 00:05:02  ----  Loaded font with name 'djgross/djgross' at path 'C:/Users/XyRoN/Documents/NetBeansProjects/Codename_FiteMe/res/fonts/djgross/DJGROSS.ttf'
LOG : 00:05:03  ----  Loaded font with name 'note_this/note_this' at path 'C:/Users/XyRoN/Documents/NetBeansProjects/Codename_FiteMe/res/fonts/note_this/note_this.ttf'
LOG : 00:06:12  ----  Starting ...
LOG : 00:06:13  ----  Read settings property 'screen_width' as '800'
LOG : 00:06:13  ----  Read settings property 'screen_height' as '600'
LOG : 00:06:13  ----  Read settings property 'grfx_path' as 'res/grfx/'
LOG : 00:06:13  ----  Read settings property 'sounds_path' as 'res/sounds/'
LOG : 00:06:13  ----  Loaded graphics with name 'img1' at path 'C:/Users/XyRoN/Documents/NetBeansProjects/Codename_FiteMe/res/grfx/img1.png'
LOG : 00:06:13  ----  Loaded graphics with name 'img2' at path 'C:/Users/XyRoN/Documents/NetBeansProjects/Codename_FiteMe/res/grfx/img2.png'
LOG : 00:06:13  ----  Loaded graphics with name 'subfolder1/img1' at path 'C:/Users/XyRoN/Documents/NetBeansProjects/Codename_FiteMe/res/grfx/subfolder1/img1.png'
LOG : 00:06:13  ----  Loaded graphics with name 'subfolder1/img2' at path 'C:/Users/XyRoN/Documents/NetBeansProjects/Codename_FiteMe/res/grfx/subfolder1/img2.png'
LOG : 00:06:13  ----  Loaded font with name 'gross/djgross' at path 'C:/Users/XyRoN/Documents/NetBeansProjects/Codename_FiteMe/res/fonts/djgross/DJGROSS.ttf'
LOG : 00:06:13  ----  Loaded font with name 'te_this/note_this' at path 'C:/Users/XyRoN/Documents/NetBeansProjects/Codename_FiteMe/res/fonts/note_this/note_this.ttf'
LOG : 00:06:51  ----  Starting ...
LOG : 00:06:52  ----  Read settings property 'screen_width' as '800'
LOG : 00:06:52  ----  Read settings property 'screen_height' as '600'
LOG : 00:06:52  ----  Read settings property 'grfx_path' as 'res/grfx/'
LOG : 00:06:52  ----  Read settings property 'sounds_path' as 'res/sounds/'
LOG : 00:06:52  ----  Loaded graphics with name 'img1' at path 'C:/Users/XyRoN/Documents/NetBeansProjects/Codename_FiteMe/res/grfx/img1.png'
LOG : 00:06:52  ----  Loaded graphics with name 'img2' at path 'C:/Users/XyRoN/Documents/NetBeansProjects/Codename_FiteMe/res/grfx/img2.png'
LOG : 00:06:52  ----  Loaded graphics with name 'subfolder1/img1' at path 'C:/Users/XyRoN/Documents/NetBeansProjects/Codename_FiteMe/res/grfx/subfolder1/img1.png'
LOG : 00:06:52  ----  Loaded graphics with name 'subfolder1/img2' at path 'C:/Users/XyRoN/Documents/NetBeansProjects/Codename_FiteMe/res/grfx/subfolder1/img2.png'
LOG : 00:06:52  ----  Loaded font with name 'ross/djgross' at path 'C:/Users/XyRoN/Documents/NetBeansProjects/Codename_FiteMe/res/fonts/djgross/DJGROSS.ttf'
LOG : 00:06:52  ----  Loaded font with name 'e_this/note_this' at path 'C:/Users/XyRoN/Documents/NetBeansProjects/Codename_FiteMe/res/fonts/note_this/note_this.ttf'
LOG : 00:07:01  ----  Starting ...
LOG : 00:07:02  ----  Read settings property 'screen_width' as '800'
LOG : 00:07:02  ----  Read settings property 'screen_height' as '600'
LOG : 00:07:02  ----  Read settings property 'grfx_path' as 'res/grfx/'
LOG : 00:07:02  ----  Read settings property 'sounds_path' as 'res/sounds/'
LOG : 00:07:02  ----  Loaded graphics with name 'img1' at path 'C:/Users/XyRoN/Documents/NetBeansProjects/Codename_FiteMe/res/grfx/img1.png'
LOG : 00:07:02  ----  Loaded graphics with name 'img2' at path 'C:/Users/XyRoN/Documents/NetBeansProjects/Codename_FiteMe/res/grfx/img2.png'
LOG : 00:07:02  ----  Loaded graphics with name 'subfolder1/img1' at path 'C:/Users/XyRoN/Documents/NetBeansProjects/Codename_FiteMe/res/grfx/subfolder1/img1.png'
LOG : 00:07:02  ----  Loaded graphics with name 'subfolder1/img2' at path 'C:/Users/XyRoN/Documents/NetBeansProjects/Codename_FiteMe/res/grfx/subfolder1/img2.png'
LOG : 00:07:02  ----  Loaded font with name 'oss/djgross' at path 'C:/Users/XyRoN/Documents/NetBeansProjects/Codename_FiteMe/res/fonts/djgross/DJGROSS.ttf'
LOG : 00:07:02  ----  Loaded font with name '_this/note_this' at path 'C:/Users/XyRoN/Documents/NetBeansProjects/Codename_FiteMe/res/fonts/note_this/note_this.ttf'
LOG : 00:07:21  ----  Starting ...
LOG : 00:07:22  ----  Read settings property 'screen_width' as '800'
LOG : 00:07:22  ----  Read settings property 'screen_height' as '600'
LOG : 00:07:22  ----  Read settings property 'grfx_path' as 'res/grfx/'
LOG : 00:07:22  ----  Read settings property 'sounds_path' as 'res/sounds/'
LOG : 00:07:22  ----  Loaded graphics with name 'img1' at path 'C:/Users/XyRoN/Documents/NetBeansProjects/Codename_FiteMe/res/grfx/img1.png'
LOG : 00:07:22  ----  Loaded graphics with name 'img2' at path 'C:/Users/XyRoN/Documents/NetBeansProjects/Codename_FiteMe/res/grfx/img2.png'
LOG : 00:07:22  ----  Loaded graphics with name 'subfolder1/img1' at path 'C:/Users/XyRoN/Documents/NetBeansProjects/Codename_FiteMe/res/grfx/subfolder1/img1.png'
LOG : 00:07:22  ----  Loaded graphics with name 'subfolder1/img2' at path 'C:/Users/XyRoN/Documents/NetBeansProjects/Codename_FiteMe/res/grfx/subfolder1/img2.png'
LOG : 00:07:22  ----  Loaded font with name 'djgross' at path 'C:/Users/XyRoN/Documents/NetBeansProjects/Codename_FiteMe/res/fonts/djgross/DJGROSS.ttf'
LOG : 00:07:22  ----  Loaded font with name 'note_this' at path 'C:/Users/XyRoN/Documents/NetBeansProjects/Codename_FiteMe/res/fonts/note_this/note_this.ttf'
LOG : 00:10:28  ----  Starting ...
LOG : 00:10:29  ----  Read settings property 'screen_width' as '800'
LOG : 00:10:29  ----  Read settings property 'screen_height' as '600'
LOG : 00:10:29  ----  Read settings property 'grfx_path' as 'res/grfx/'
LOG : 00:10:29  ----  Read settings property 'sounds_path' as 'res/sounds/'
LOG : 00:10:29  ----  Loaded graphics with name 'img1' at path 'C:/Users/XyRoN/Documents/NetBeansProjects/Codename_FiteMe/res/grfx/img1.png'
LOG : 00:10:29  ----  Loaded graphics with name 'img2' at path 'C:/Users/XyRoN/Documents/NetBeansProjects/Codename_FiteMe/res/grfx/img2.png'
LOG : 00:10:29  ----  Loaded graphics with name 'subfolder1/img1' at path 'C:/Users/XyRoN/Documents/NetBeansProjects/Codename_FiteMe/res/grfx/subfolder1/img1.png'
LOG : 00:10:29  ----  Loaded graphics with name 'subfolder1/img2' at path 'C:/Users/XyRoN/Documents/NetBeansProjects/Codename_FiteMe/res/grfx/subfolder1/img2.png'
LOG : 00:10:29  ----  Loaded font with name 'djgross' at path 'C:/Users/XyRoN/Documents/NetBeansProjects/Codename_FiteMe/res/fonts/djgross/DJGROSS.ttf'
LOG : 00:10:29  ----  Loaded font with name 'note_this' at path 'C:/Users/XyRoN/Documents/NetBeansProjects/Codename_FiteMe/res/fonts/note_this/note_this.ttf'
LOG : 00:13:45  ----  Starting ...
LOG : 00:13:46  ----  Read settings property 'screen_width' as '800'
LOG : 00:13:46  ----  Read settings property 'screen_height' as '600'
LOG : 00:13:46  ----  Read settings property 'grfx_path' as 'res/grfx/'
LOG : 00:13:46  ----  Read settings property 'sounds_path' as 'res/sounds/'
LOG : 00:13:46  ----  Loaded graphics with name 'img1' at path 'C:/Users/XyRoN/Documents/NetBeansProjects/Codename_FiteMe/res/grfx/img1.png'
LOG : 00:13:46  ----  Loaded graphics with name 'img2' at path 'C:/Users/XyRoN/Documents/NetBeansProjects/Codename_FiteMe/res/grfx/img2.png'
LOG : 00:13:46  ----  Loaded graphics with name 'subfolder1/img1' at path 'C:/Users/XyRoN/Documents/NetBeansProjects/Codename_FiteMe/res/grfx/subfolder1/img1.png'
LOG : 00:13:46  ----  Loaded graphics with name 'subfolder1/img2' at path 'C:/Users/XyRoN/Documents/NetBeansProjects/Codename_FiteMe/res/grfx/subfolder1/img2.png'
LOG : 00:13:46  ----  Loaded font with name 'djgross' at path 'C:/Users/XyRoN/Documents/NetBeansProjects/Codename_FiteMe/res/fonts/djgross/DJGROSS.ttf'
LOG : 00:13:46  ----  Loaded font with name 'note_this' at path 'C:/Users/XyRoN/Documents/NetBeansProjects/Codename_FiteMe/res/fonts/note_this/note_this.ttf'
LOG : 00:14:13  ----  Starting ...
LOG : 00:14:14  ----  Read settings property 'screen_width' as '800'
LOG : 00:14:14  ----  Read settings property 'screen_height' as '600'
LOG : 00:14:14  ----  Read settings property 'grfx_path' as 'res/grfx/'
LOG : 00:14:14  ----  Read settings property 'sounds_path' as 'res/sounds/'
LOG : 00:14:14  ----  Loaded graphics with name 'img1' at path 'C:/Users/XyRoN/Documents/NetBeansProjects/Codename_FiteMe/res/grfx/img1.png'
LOG : 00:14:14  ----  Loaded graphics with name 'img2' at path 'C:/Users/XyRoN/Documents/NetBeansProjects/Codename_FiteMe/res/grfx/img2.png'
LOG : 00:14:14  ----  Loaded graphics with name 'subfolder1/img1' at path 'C:/Users/XyRoN/Documents/NetBeansProjects/Codename_FiteMe/res/grfx/subfolder1/img1.png'
LOG : 00:14:14  ----  Loaded graphics with name 'subfolder1/img2' at path 'C:/Users/XyRoN/Documents/NetBeansProjects/Codename_FiteMe/res/grfx/subfolder1/img2.png'
LOG : 00:14:14  ----  Loaded font with name 'djgross' at path 'C:/Users/XyRoN/Documents/NetBeansProjects/Codename_FiteMe/res/fonts/djgross/DJGROSS.ttf'
LOG : 00:14:14  ----  Loaded font with name 'note_this' at path 'C:/Users/XyRoN/Documents/NetBeansProjects/Codename_FiteMe/res/fonts/note_this/note_this.ttf'
LOG : 00:15:25  ----  Starting ...
LOG : 00:15:26  ----  Read settings property 'screen_width' as '800'
LOG : 00:15:26  ----  Read settings property 'screen_height' as '600'
LOG : 00:15:26  ----  Read settings property 'grfx_path' as 'res/grfx/'
LOG : 00:15:26  ----  Read settings property 'sounds_path' as 'res/sounds/'
LOG : 00:15:26  ----  Loaded graphics with name 'img1' at path 'C:/Users/XyRoN/Documents/NetBeansProjects/Codename_FiteMe/res/grfx/img1.png'
LOG : 00:15:26  ----  Loaded graphics with name 'img2' at path 'C:/Users/XyRoN/Documents/NetBeansProjects/Codename_FiteMe/res/grfx/img2.png'
LOG : 00:15:26  ----  Loaded graphics with name 'subfolder1/img1' at path 'C:/Users/XyRoN/Documents/NetBeansProjects/Codename_FiteMe/res/grfx/subfolder1/img1.png'
LOG : 00:15:26  ----  Loaded graphics with name 'subfolder1/img2' at path 'C:/Users/XyRoN/Documents/NetBeansProjects/Codename_FiteMe/res/grfx/subfolder1/img2.png'
LOG : 00:15:26  ----  Loaded font with name 'djgross' at path 'C:/Users/XyRoN/Documents/NetBeansProjects/Codename_FiteMe/res/fonts/djgross/DJGROSS.ttf'
LOG : 00:15:26  ----  Loaded font with name 'note_this' at path 'C:/Users/XyRoN/Documents/NetBeansProjects/Codename_FiteMe/res/fonts/note_this/note_this.ttf'
LOG : 00:15:36  ----  Starting ...
LOG : 00:15:37  ----  Read settings property 'screen_width' as '800'
LOG : 00:15:37  ----  Read settings property 'screen_height' as '600'
LOG : 00:15:37  ----  Read settings property 'grfx_path' as 'res/grfx/'
LOG : 00:15:37  ----  Read settings property 'sounds_path' as 'res/sounds/'
LOG : 00:15:37  ----  Loaded graphics with name 'img1' at path 'C:/Users/XyRoN/Documents/NetBeansProjects/Codename_FiteMe/res/grfx/img1.png'
LOG : 00:15:37  ----  Loaded graphics with name 'img2' at path 'C:/Users/XyRoN/Documents/NetBeansProjects/Codename_FiteMe/res/grfx/img2.png'
LOG : 00:15:37  ----  Loaded graphics with name 'subfolder1/img1' at path 'C:/Users/XyRoN/Documents/NetBeansProjects/Codename_FiteMe/res/grfx/subfolder1/img1.png'
LOG : 00:15:37  ----  Loaded graphics with name 'subfolder1/img2' at path 'C:/Users/XyRoN/Documents/NetBeansProjects/Codename_FiteMe/res/grfx/subfolder1/img2.png'
LOG : 00:15:37  ----  Loaded font with name 'djgross' at path 'C:/Users/XyRoN/Documents/NetBeansProjects/Codename_FiteMe/res/fonts/djgross/DJGROSS.ttf'
LOG : 00:15:37  ----  Loaded font with name 'note_this' at path 'C:/Users/XyRoN/Documents/NetBeansProjects/Codename_FiteMe/res/fonts/note_this/note_this.ttf'
LOG : 00:16:01  ----  Starting ...
LOG : 00:16:02  ----  Read settings property 'screen_width' as '800'
LOG : 00:16:02  ----  Read settings property 'screen_height' as '600'
LOG : 00:16:02  ----  Read settings property 'grfx_path' as 'res/grfx/'
LOG : 00:16:02  ----  Read settings property 'sounds_path' as 'res/sounds/'
LOG : 00:16:02  ----  Loaded graphics with name 'img1' at path 'C:/Users/XyRoN/Documents/NetBeansProjects/Codename_FiteMe/res/grfx/img1.png'
LOG : 00:16:02  ----  Loaded graphics with name 'img2' at path 'C:/Users/XyRoN/Documents/NetBeansProjects/Codename_FiteMe/res/grfx/img2.png'
LOG : 00:16:02  ----  Loaded graphics with name 'subfolder1/img1' at path 'C:/Users/XyRoN/Documents/NetBeansProjects/Codename_FiteMe/res/grfx/subfolder1/img1.png'
LOG : 00:16:02  ----  Loaded graphics with name 'subfolder1/img2' at path 'C:/Users/XyRoN/Documents/NetBeansProjects/Codename_FiteMe/res/grfx/subfolder1/img2.png'
LOG : 00:16:02  ----  Loaded font with name 'djgross' at path 'C:/Users/XyRoN/Documents/NetBeansProjects/Codename_FiteMe/res/fonts/djgross/DJGROSS.ttf'
LOG : 00:16:02  ----  Loaded font with name 'note_this' at path 'C:/Users/XyRoN/Documents/NetBeansProjects/Codename_FiteMe/res/fonts/note_this/note_this.ttf'
LOG : 00:16:12  ----  Starting ...
LOG : 00:16:13  ----  Read settings property 'screen_width' as '800'
LOG : 00:16:13  ----  Read settings property 'screen_height' as '600'
LOG : 00:16:13  ----  Read settings property 'grfx_path' as 'res/grfx/'
LOG : 00:16:13  ----  Read settings property 'sounds_path' as 'res/sounds/'
LOG : 00:16:13  ----  Loaded graphics with name 'img1' at path 'C:/Users/XyRoN/Documents/NetBeansProjects/Codename_FiteMe/res/grfx/img1.png'
LOG : 00:16:13  ----  Loaded graphics with name 'img2' at path 'C:/Users/XyRoN/Documents/NetBeansProjects/Codename_FiteMe/res/grfx/img2.png'
LOG : 00:16:13  ----  Loaded graphics with name 'subfolder1/img1' at path 'C:/Users/XyRoN/Documents/NetBeansProjects/Codename_FiteMe/res/grfx/subfolder1/img1.png'
LOG : 00:16:13  ----  Loaded graphics with name 'subfolder1/img2' at path 'C:/Users/XyRoN/Documents/NetBeansProjects/Codename_FiteMe/res/grfx/subfolder1/img2.png'
LOG : 00:16:13  ----  Loaded font with name 'djgross' at path 'C:/Users/XyRoN/Documents/NetBeansProjects/Codename_FiteMe/res/fonts/djgross/DJGROSS.ttf'
LOG : 00:16:13  ----  Loaded font with name 'note_this' at path 'C:/Users/XyRoN/Documents/NetBeansProjects/Codename_FiteMe/res/fonts/note_this/note_this.ttf'
LOG : 00:16:48  ----  Starting ...
LOG : 00:16:49  ----  Read settings property 'screen_width' as '800'
LOG : 00:16:49  ----  Read settings property 'screen_height' as '600'
LOG : 00:16:49  ----  Read settings property 'grfx_path' as 'res/grfx/'
LOG : 00:16:49  ----  Read settings property 'sounds_path' as 'res/sounds/'
LOG : 00:16:49  ----  Loaded graphics with name 'img1' at path 'C:/Users/XyRoN/Documents/NetBeansProjects/Codename_FiteMe/res/grfx/img1.png'
LOG : 00:16:49  ----  Loaded graphics with name 'img2' at path 'C:/Users/XyRoN/Documents/NetBeansProjects/Codename_FiteMe/res/grfx/img2.png'
LOG : 00:16:49  ----  Loaded graphics with name 'subfolder1/img1' at path 'C:/Users/XyRoN/Documents/NetBeansProjects/Codename_FiteMe/res/grfx/subfolder1/img1.png'
LOG : 00:16:49  ----  Loaded graphics with name 'subfolder1/img2' at path 'C:/Users/XyRoN/Documents/NetBeansProjects/Codename_FiteMe/res/grfx/subfolder1/img2.png'
LOG : 00:16:49  ----  Loaded font with name 'djgross' at path 'C:/Users/XyRoN/Documents/NetBeansProjects/Codename_FiteMe/res/fonts/djgross/DJGROSS.ttf'
LOG : 00:16:49  ----  Loaded font with name 'note_this' at path 'C:/Users/XyRoN/Documents/NetBeansProjects/Codename_FiteMe/res/fonts/note_this/note_this.ttf'
LOG : 00:17:13  ----  Starting ...
LOG : 00:17:14  ----  Read settings property 'screen_width' as '800'
LOG : 00:17:14  ----  Read settings property 'screen_height' as '600'
LOG : 00:17:14  ----  Read settings property 'grfx_path' as 'res/grfx/'
LOG : 00:17:14  ----  Read settings property 'sounds_path' as 'res/sounds/'
LOG : 00:17:14  ----  Loaded graphics with name 'img1' at path 'C:/Users/XyRoN/Documents/NetBeansProjects/Codename_FiteMe/res/grfx/img1.png'
LOG : 00:17:14  ----  Loaded graphics with name 'img2' at path 'C:/Users/XyRoN/Documents/NetBeansProjects/Codename_FiteMe/res/grfx/img2.png'
LOG : 00:17:14  ----  Loaded graphics with name 'subfolder1/img1' at path 'C:/Users/XyRoN/Documents/NetBeansProjects/Codename_FiteMe/res/grfx/subfolder1/img1.png'
LOG : 00:17:14  ----  Loaded graphics with name 'subfolder1/img2' at path 'C:/Users/XyRoN/Documents/NetBeansProjects/Codename_FiteMe/res/grfx/subfolder1/img2.png'
LOG : 00:17:14  ----  Loaded font with name 'djgross' at path 'C:/Users/XyRoN/Documents/NetBeansProjects/Codename_FiteMe/res/fonts/djgross/DJGROSS.ttf'
LOG : 00:17:14  ----  Loaded font with name 'note_this' at path 'C:/Users/XyRoN/Documents/NetBeansProjects/Codename_FiteMe/res/fonts/note_this/note_this.ttf'
LOG : 00:17:21  ----  Starting ...
LOG : 00:17:22  ----  Read settings property 'screen_width' as '800'
LOG : 00:17:22  ----  Read settings property 'screen_height' as '600'
LOG : 00:17:22  ----  Read settings property 'grfx_path' as 'res/grfx/'
LOG : 00:17:22  ----  Read settings property 'sounds_path' as 'res/sounds/'
LOG : 00:17:22  ----  Loaded graphics with name 'img1' at path 'C:/Users/XyRoN/Documents/NetBeansProjects/Codename_FiteMe/res/grfx/img1.png'
LOG : 00:17:22  ----  Loaded graphics with name 'img2' at path 'C:/Users/XyRoN/Documents/NetBeansProjects/Codename_FiteMe/res/grfx/img2.png'
LOG : 00:17:22  ----  Loaded graphics with name 'subfolder1/img1' at path 'C:/Users/XyRoN/Documents/NetBeansProjects/Codename_FiteMe/res/grfx/subfolder1/img1.png'
LOG : 00:17:22  ----  Loaded graphics with name 'subfolder1/img2' at path 'C:/Users/XyRoN/Documents/NetBeansProjects/Codename_FiteMe/res/grfx/subfolder1/img2.png'
LOG : 00:17:22  ----  Loaded font with name 'djgross' at path 'C:/Users/XyRoN/Documents/NetBeansProjects/Codename_FiteMe/res/fonts/djgross/DJGROSS.ttf'
LOG : 00:17:22  ----  Loaded font with name 'note_this' at path 'C:/Users/XyRoN/Documents/NetBeansProjects/Codename_FiteMe/res/fonts/note_this/note_this.ttf'
LOG : 00:17:33  ----  Starting ...
LOG : 00:17:34  ----  Read settings property 'screen_width' as '800'
LOG : 00:17:34  ----  Read settings property 'screen_height' as '600'
LOG : 00:17:34  ----  Read settings property 'grfx_path' as 'res/grfx/'
LOG : 00:17:34  ----  Read settings property 'sounds_path' as 'res/sounds/'
LOG : 00:17:34  ----  Loaded graphics with name 'img1' at path 'C:/Users/XyRoN/Documents/NetBeansProjects/Codename_FiteMe/res/grfx/img1.png'
LOG : 00:17:34  ----  Loaded graphics with name 'img2' at path 'C:/Users/XyRoN/Documents/NetBeansProjects/Codename_FiteMe/res/grfx/img2.png'
LOG : 00:17:34  ----  Loaded graphics with name 'subfolder1/img1' at path 'C:/Users/XyRoN/Documents/NetBeansProjects/Codename_FiteMe/res/grfx/subfolder1/img1.png'
LOG : 00:17:34  ----  Loaded graphics with name 'subfolder1/img2' at path 'C:/Users/XyRoN/Documents/NetBeansProjects/Codename_FiteMe/res/grfx/subfolder1/img2.png'
LOG : 00:17:34  ----  Loaded font with name 'djgross' at path 'C:/Users/XyRoN/Documents/NetBeansProjects/Codename_FiteMe/res/fonts/djgross/DJGROSS.ttf'
LOG : 00:17:34  ----  Loaded font with name 'note_this' at path 'C:/Users/XyRoN/Documents/NetBeansProjects/Codename_FiteMe/res/fonts/note_this/note_this.ttf'
LOG : 00:17:43  ----  Starting ...
LOG : 00:17:44  ----  Read settings property 'screen_width' as '800'
LOG : 00:17:44  ----  Read settings property 'screen_height' as '600'
LOG : 00:17:44  ----  Read settings property 'grfx_path' as 'res/grfx/'
LOG : 00:17:44  ----  Read settings property 'sounds_path' as 'res/sounds/'
LOG : 00:17:44  ----  Loaded graphics with name 'img1' at path 'C:/Users/XyRoN/Documents/NetBeansProjects/Codename_FiteMe/res/grfx/img1.png'
LOG : 00:17:44  ----  Loaded graphics with name 'img2' at path 'C:/Users/XyRoN/Documents/NetBeansProjects/Codename_FiteMe/res/grfx/img2.png'
LOG : 00:17:44  ----  Loaded graphics with name 'subfolder1/img1' at path 'C:/Users/XyRoN/Documents/NetBeansProjects/Codename_FiteMe/res/grfx/subfolder1/img1.png'
LOG : 00:17:44  ----  Loaded graphics with name 'subfolder1/img2' at path 'C:/Users/XyRoN/Documents/NetBeansProjects/Codename_FiteMe/res/grfx/subfolder1/img2.png'
LOG : 00:17:44  ----  Loaded font with name 'djgross' at path 'C:/Users/XyRoN/Documents/NetBeansProjects/Codename_FiteMe/res/fonts/djgross/DJGROSS.ttf'
LOG : 00:17:44  ----  Loaded font with name 'note_this' at path 'C:/Users/XyRoN/Documents/NetBeansProjects/Codename_FiteMe/res/fonts/note_this/note_this.ttf'
LOG : 00:17:56  ----  Starting ...
LOG : 00:17:56  ----  Read settings property 'screen_width' as '800'
LOG : 00:17:56  ----  Read settings property 'screen_height' as '600'
LOG : 00:17:56  ----  Read settings property 'grfx_path' as 'res/grfx/'
LOG : 00:17:56  ----  Read settings property 'sounds_path' as 'res/sounds/'
LOG : 00:17:56  ----  Loaded graphics with name 'img1' at path 'C:/Users/XyRoN/Documents/NetBeansProjects/Codename_FiteMe/res/grfx/img1.png'
LOG : 00:17:56  ----  Loaded graphics with name 'img2' at path 'C:/Users/XyRoN/Documents/NetBeansProjects/Codename_FiteMe/res/grfx/img2.png'
LOG : 00:17:56  ----  Loaded graphics with name 'subfolder1/img1' at path 'C:/Users/XyRoN/Documents/NetBeansProjects/Codename_FiteMe/res/grfx/subfolder1/img1.png'
LOG : 00:17:56  ----  Loaded graphics with name 'subfolder1/img2' at path 'C:/Users/XyRoN/Documents/NetBeansProjects/Codename_FiteMe/res/grfx/subfolder1/img2.png'
LOG : 00:17:56  ----  Loaded font with name 'djgross' at path 'C:/Users/XyRoN/Documents/NetBeansProjects/Codename_FiteMe/res/fonts/djgross/DJGROSS.ttf'
LOG : 00:17:56  ----  Loaded font with name 'note_this' at path 'C:/Users/XyRoN/Documents/NetBeansProjects/Codename_FiteMe/res/fonts/note_this/note_this.ttf'
LOG : 00:18:57  ----  Starting ...
LOG : 00:18:58  ----  Read settings property 'screen_width' as '800'
LOG : 00:18:58  ----  Read settings property 'screen_height' as '600'
LOG : 00:18:58  ----  Read settings property 'grfx_path' as 'res/grfx/'
LOG : 00:18:58  ----  Read settings property 'sounds_path' as 'res/sounds/'
LOG : 00:18:58  ----  Loaded graphics with name 'img1' at path 'C:/Users/XyRoN/Documents/NetBeansProjects/Codename_FiteMe/res/grfx/img1.png'
LOG : 00:18:58  ----  Loaded graphics with name 'img2' at path 'C:/Users/XyRoN/Documents/NetBeansProjects/Codename_FiteMe/res/grfx/img2.png'
LOG : 00:18:58  ----  Loaded graphics with name 'subfolder1/img1' at path 'C:/Users/XyRoN/Documents/NetBeansProjects/Codename_FiteMe/res/grfx/subfolder1/img1.png'
LOG : 00:18:58  ----  Loaded graphics with name 'subfolder1/img2' at path 'C:/Users/XyRoN/Documents/NetBeansProjects/Codename_FiteMe/res/grfx/subfolder1/img2.png'
LOG : 00:18:58  ----  Loaded font with name 'djgross' at path 'C:/Users/XyRoN/Documents/NetBeansProjects/Codename_FiteMe/res/fonts/djgross/DJGROSS.ttf'
LOG : 00:18:58  ----  Loaded font with name 'note_this' at path 'C:/Users/XyRoN/Documents/NetBeansProjects/Codename_FiteMe/res/fonts/note_this/note_this.ttf'
