LOG : 16:18:43  ----  Starting ...
LOG : 16:18:44  ----  Read settings property 'screen_width' as '800'
LOG : 16:18:44  ----  Read settings property 'screen_height' as '600'
LOG : 16:18:44  ----  Read settings property 'grfx_path' as 'res/grfx/'
LOG : 16:18:44  ----  Read settings property 'sounds_path' as 'res/sounds/'
LOG : 16:18:44  ----  Loaded graphics with name 'img1' at path 'C:/Users/XyRoN/Documents/NetBeansProjects/Codename_FiteMe/res/grfx/img1.png'
LOG : 16:18:44  ----  Loaded graphics with name 'img2' at path 'C:/Users/XyRoN/Documents/NetBeansProjects/Codename_FiteMe/res/grfx/img2.png'
LOG : 16:18:44  ----  Loaded graphics with name 'subfolder1/img1' at path 'C:/Users/XyRoN/Documents/NetBeansProjects/Codename_FiteMe/res/grfx/subfolder1/img1.png'
LOG : 16:18:44  ----  Loaded graphics with name 'subfolder1/img2' at path 'C:/Users/XyRoN/Documents/NetBeansProjects/Codename_FiteMe/res/grfx/subfolder1/img2.png'
LOG : 16:18:44  ----  Loaded font with name 'djgross' at path 'C:/Users/XyRoN/Documents/NetBeansProjects/Codename_FiteMe/res/fonts/djgross/DJGROSS.ttf'
LOG : 16:18:44  ----  Loaded font with name 'note_this' at path 'C:/Users/XyRoN/Documents/NetBeansProjects/Codename_FiteMe/res/fonts/note_this/note_this.ttf'
LOG : 16:18:47  ----  Element 'card_slot_2' clicked, performing action: 'testclick'
LOG : 16:18:48  ----  Element 'played_card' clicked, performing action: 'testclick'
LOG : 16:18:48  ----  Element 'tutorial_label' clicked, performing action: 'destroy'
LOG : 17:05:41  ----  Starting ...
LOG : 17:05:42  ----  Read settings property 'screen_width' as '800'
LOG : 17:05:42  ----  Read settings property 'screen_height' as '600'
LOG : 17:05:42  ----  Read settings property 'grfx_path' as 'res/grfx/'
LOG : 17:05:42  ----  Read settings property 'sounds_path' as 'res/sounds/'
LOG : 17:05:42  ----  Loaded graphics with name 'img1' at path 'C:/Users/XyRoN/Documents/NetBeansProjects/Codename_FiteMe/res/grfx/img1.png'
LOG : 17:05:42  ----  Loaded graphics with name 'img2' at path 'C:/Users/XyRoN/Documents/NetBeansProjects/Codename_FiteMe/res/grfx/img2.png'
LOG : 17:05:42  ----  Loaded graphics with name 'subfolder1/img1' at path 'C:/Users/XyRoN/Documents/NetBeansProjects/Codename_FiteMe/res/grfx/subfolder1/img1.png'
LOG : 17:05:42  ----  Loaded graphics with name 'subfolder1/img2' at path 'C:/Users/XyRoN/Documents/NetBeansProjects/Codename_FiteMe/res/grfx/subfolder1/img2.png'
LOG : 17:05:42  ----  Loaded font with name 'djgross' at path 'C:/Users/XyRoN/Documents/NetBeansProjects/Codename_FiteMe/res/fonts/djgross/DJGROSS.ttf'
LOG : 17:05:42  ----  Loaded font with name 'note_this' at path 'C:/Users/XyRoN/Documents/NetBeansProjects/Codename_FiteMe/res/fonts/note_this/note_this.ttf'
LOG : 17:05:44  ----  Element 'tutorial_label' clicked, performing action: 'destroy'
LOG : 17:18:09  ----  Starting ...
LOG : 17:18:10  ----  Read settings property 'screen_width' as '800'
LOG : 17:18:10  ----  Read settings property 'screen_height' as '600'
LOG : 17:18:10  ----  Read settings property 'grfx_path' as 'res/grfx/'
LOG : 17:18:10  ----  Read settings property 'sounds_path' as 'res/sounds/'
LOG : 17:18:10  ----  Loaded graphics with name 'img1' at path 'C:/Users/XyRoN/Documents/NetBeansProjects/Codename_FiteMe/res/grfx/img1.png'
LOG : 17:18:10  ----  Loaded graphics with name 'img2' at path 'C:/Users/XyRoN/Documents/NetBeansProjects/Codename_FiteMe/res/grfx/img2.png'
LOG : 17:18:10  ----  Loaded graphics with name 'subfolder1/img1' at path 'C:/Users/XyRoN/Documents/NetBeansProjects/Codename_FiteMe/res/grfx/subfolder1/img1.png'
LOG : 17:18:10  ----  Loaded graphics with name 'subfolder1/img2' at path 'C:/Users/XyRoN/Documents/NetBeansProjects/Codename_FiteMe/res/grfx/subfolder1/img2.png'
LOG : 17:18:10  ----  Loaded font with name 'djgross' at path 'C:/Users/XyRoN/Documents/NetBeansProjects/Codename_FiteMe/res/fonts/djgross/DJGROSS.ttf'
LOG : 17:18:10  ----  Loaded font with name 'note_this' at path 'C:/Users/XyRoN/Documents/NetBeansProjects/Codename_FiteMe/res/fonts/note_this/note_this.ttf'
ERR : 17:18:11  ----  Exception NoSuchMethodException caught at org.simon.src.game.gui.GuiElement @ setWhileHovered ln:191
ERR : 17:18:11  ----  Exception message: org.simon.src.game.gui.GuiActionHandler.floatup(org.simon.src.game.gui.GuiElement)
ERR : 17:18:11  ----  Exception NoSuchMethodException caught at org.simon.src.game.gui.GuiElement @ setWhileHovered ln:191
ERR : 17:18:11  ----  Exception message: org.simon.src.game.gui.GuiActionHandler.floatup(org.simon.src.game.gui.GuiElement)
ERR : 17:18:11  ----  Exception NoSuchMethodException caught at org.simon.src.game.gui.GuiElement @ setWhileHovered ln:191
ERR : 17:18:11  ----  Exception message: org.simon.src.game.gui.GuiActionHandler.floatup(org.simon.src.game.gui.GuiElement)
ERR : 17:18:11  ----  Exception NoSuchMethodException caught at org.simon.src.game.gui.GuiElement @ setWhileHovered ln:191
ERR : 17:18:11  ----  Exception message: org.simon.src.game.gui.GuiActionHandler.floatup(org.simon.src.game.gui.GuiElement)
ERR : 17:18:11  ----  Exception NoSuchMethodException caught at org.simon.src.game.gui.GuiElement @ setWhileHovered ln:191
ERR : 17:18:11  ----  Exception message: org.simon.src.game.gui.GuiActionHandler.floatup(org.simon.src.game.gui.GuiElement)
LOG : 17:38:02  ----  Starting ...
LOG : 17:38:02  ----  Read settings property 'screen_width' as '800'
LOG : 17:38:02  ----  Read settings property 'screen_height' as '600'
LOG : 17:38:02  ----  Read settings property 'grfx_path' as 'res/grfx/'
LOG : 17:38:02  ----  Read settings property 'sounds_path' as 'res/sounds/'
LOG : 17:38:02  ----  Loaded graphics with name 'img1' at path 'C:/Users/XyRoN/Documents/NetBeansProjects/Codename_FiteMe/res/grfx/img1.png'
LOG : 17:38:02  ----  Loaded graphics with name 'img2' at path 'C:/Users/XyRoN/Documents/NetBeansProjects/Codename_FiteMe/res/grfx/img2.png'
LOG : 17:38:02  ----  Loaded graphics with name 'subfolder1/img1' at path 'C:/Users/XyRoN/Documents/NetBeansProjects/Codename_FiteMe/res/grfx/subfolder1/img1.png'
LOG : 17:38:03  ----  Loaded graphics with name 'subfolder1/img2' at path 'C:/Users/XyRoN/Documents/NetBeansProjects/Codename_FiteMe/res/grfx/subfolder1/img2.png'
LOG : 17:38:03  ----  Loaded font with name 'djgross' at path 'C:/Users/XyRoN/Documents/NetBeansProjects/Codename_FiteMe/res/fonts/djgross/DJGROSS.ttf'
LOG : 17:38:03  ----  Loaded font with name 'note_this' at path 'C:/Users/XyRoN/Documents/NetBeansProjects/Codename_FiteMe/res/fonts/note_this/note_this.ttf'
ERR : 17:38:04  ----  Exception NoSuchMethodException caught at org.simon.src.game.gui.GuiElement @ setWhileHovered ln:209
ERR : 17:38:04  ----  Exception message: org.simon.src.game.gui.GuiActionHandler.floatup(org.simon.src.game.gui.GuiElement)
ERR : 17:38:04  ----  Exception NoSuchMethodException caught at org.simon.src.game.gui.GuiElement @ setWhileHovered ln:209
ERR : 17:38:04  ----  Exception message: org.simon.src.game.gui.GuiActionHandler.floatup(org.simon.src.game.gui.GuiElement)
ERR : 17:38:04  ----  Exception NoSuchMethodException caught at org.simon.src.game.gui.GuiElement @ setWhileHovered ln:209
ERR : 17:38:04  ----  Exception message: org.simon.src.game.gui.GuiActionHandler.floatup(org.simon.src.game.gui.GuiElement)
ERR : 17:38:04  ----  Exception NoSuchMethodException caught at org.simon.src.game.gui.GuiElement @ setWhileHovered ln:209
ERR : 17:38:04  ----  Exception message: org.simon.src.game.gui.GuiActionHandler.floatup(org.simon.src.game.gui.GuiElement)
ERR : 17:38:04  ----  Exception NoSuchMethodException caught at org.simon.src.game.gui.GuiElement @ setWhileHovered ln:209
ERR : 17:38:04  ----  Exception message: org.simon.src.game.gui.GuiActionHandler.floatup(org.simon.src.game.gui.GuiElement)
LOG : 17:40:26  ----  Starting ...
LOG : 17:40:27  ----  Read settings property 'screen_width' as '800'
LOG : 17:40:27  ----  Read settings property 'screen_height' as '600'
LOG : 17:40:27  ----  Read settings property 'grfx_path' as 'res/grfx/'
LOG : 17:40:27  ----  Read settings property 'sounds_path' as 'res/sounds/'
LOG : 17:40:27  ----  Loaded graphics with name 'img1' at path 'C:/Users/XyRoN/Documents/NetBeansProjects/Codename_FiteMe/res/grfx/img1.png'
LOG : 17:40:27  ----  Loaded graphics with name 'img2' at path 'C:/Users/XyRoN/Documents/NetBeansProjects/Codename_FiteMe/res/grfx/img2.png'
LOG : 17:40:27  ----  Loaded graphics with name 'subfolder1/img1' at path 'C:/Users/XyRoN/Documents/NetBeansProjects/Codename_FiteMe/res/grfx/subfolder1/img1.png'
LOG : 17:40:27  ----  Loaded graphics with name 'subfolder1/img2' at path 'C:/Users/XyRoN/Documents/NetBeansProjects/Codename_FiteMe/res/grfx/subfolder1/img2.png'
LOG : 17:40:27  ----  Loaded font with name 'djgross' at path 'C:/Users/XyRoN/Documents/NetBeansProjects/Codename_FiteMe/res/fonts/djgross/DJGROSS.ttf'
LOG : 17:40:27  ----  Loaded font with name 'note_this' at path 'C:/Users/XyRoN/Documents/NetBeansProjects/Codename_FiteMe/res/fonts/note_this/note_this.ttf'
ERR : 17:40:28  ----  Exception NoSuchMethodException caught at org.simon.src.game.gui.GuiElement @ setWhileHovered ln:209
ERR : 17:40:28  ----  Exception message: org.simon.src.game.gui.GuiActionHandler.floatup(org.simon.src.game.gui.GuiElement)
ERR : 17:40:28  ----  Exception NoSuchMethodException caught at org.simon.src.game.gui.GuiElement @ setWhileHovered ln:209
ERR : 17:40:28  ----  Exception message: org.simon.src.game.gui.GuiActionHandler.floatup(org.simon.src.game.gui.GuiElement)
ERR : 17:40:28  ----  Exception NoSuchMethodException caught at org.simon.src.game.gui.GuiElement @ setWhileHovered ln:209
ERR : 17:40:28  ----  Exception message: org.simon.src.game.gui.GuiActionHandler.floatup(org.simon.src.game.gui.GuiElement)
ERR : 17:40:28  ----  Exception NoSuchMethodException caught at org.simon.src.game.gui.GuiElement @ setWhileHovered ln:209
ERR : 17:40:28  ----  Exception message: org.simon.src.game.gui.GuiActionHandler.floatup(org.simon.src.game.gui.GuiElement)
ERR : 17:40:28  ----  Exception NoSuchMethodException caught at org.simon.src.game.gui.GuiElement @ setWhileHovered ln:209
ERR : 17:40:28  ----  Exception message: org.simon.src.game.gui.GuiActionHandler.floatup(org.simon.src.game.gui.GuiElement)
LOG : 17:40:54  ----  Starting ...
LOG : 17:40:55  ----  Read settings property 'screen_width' as '800'
LOG : 17:40:55  ----  Read settings property 'screen_height' as '600'
LOG : 17:40:55  ----  Read settings property 'grfx_path' as 'res/grfx/'
LOG : 17:40:55  ----  Read settings property 'sounds_path' as 'res/sounds/'
LOG : 17:40:55  ----  Loaded graphics with name 'img1' at path 'C:/Users/XyRoN/Documents/NetBeansProjects/Codename_FiteMe/res/grfx/img1.png'
LOG : 17:40:55  ----  Loaded graphics with name 'img2' at path 'C:/Users/XyRoN/Documents/NetBeansProjects/Codename_FiteMe/res/grfx/img2.png'
LOG : 17:40:55  ----  Loaded graphics with name 'subfolder1/img1' at path 'C:/Users/XyRoN/Documents/NetBeansProjects/Codename_FiteMe/res/grfx/subfolder1/img1.png'
LOG : 17:40:55  ----  Loaded graphics with name 'subfolder1/img2' at path 'C:/Users/XyRoN/Documents/NetBeansProjects/Codename_FiteMe/res/grfx/subfolder1/img2.png'
LOG : 17:40:55  ----  Loaded font with name 'djgross' at path 'C:/Users/XyRoN/Documents/NetBeansProjects/Codename_FiteMe/res/fonts/djgross/DJGROSS.ttf'
LOG : 17:40:55  ----  Loaded font with name 'note_this' at path 'C:/Users/XyRoN/Documents/NetBeansProjects/Codename_FiteMe/res/fonts/note_this/note_this.ttf'
ERR : 17:40:56  ----  Exception NoSuchMethodException caught at org.simon.src.game.gui.GuiElement @ setWhileHovered ln:209
ERR : 17:40:56  ----  Exception message: org.simon.src.game.gui.GuiActionHandler.floatup(org.simon.src.game.gui.GuiElement)
ERR : 17:40:56  ----  Exception NoSuchMethodException caught at org.simon.src.game.gui.GuiElement @ setWhileHovered ln:209
ERR : 17:40:56  ----  Exception message: org.simon.src.game.gui.GuiActionHandler.floatup(org.simon.src.game.gui.GuiElement)
ERR : 17:40:56  ----  Exception NoSuchMethodException caught at org.simon.src.game.gui.GuiElement @ setWhileHovered ln:209
ERR : 17:40:56  ----  Exception message: org.simon.src.game.gui.GuiActionHandler.floatup(org.simon.src.game.gui.GuiElement)
ERR : 17:40:56  ----  Exception NoSuchMethodException caught at org.simon.src.game.gui.GuiElement @ setWhileHovered ln:209
ERR : 17:40:56  ----  Exception message: org.simon.src.game.gui.GuiActionHandler.floatup(org.simon.src.game.gui.GuiElement)
ERR : 17:40:56  ----  Exception NoSuchMethodException caught at org.simon.src.game.gui.GuiElement @ setWhileHovered ln:209
ERR : 17:40:56  ----  Exception message: org.simon.src.game.gui.GuiActionHandler.floatup(org.simon.src.game.gui.GuiElement)
LOG : 17:41:26  ----  Starting ...
LOG : 17:41:27  ----  Read settings property 'screen_width' as '800'
LOG : 17:41:27  ----  Read settings property 'screen_height' as '600'
LOG : 17:41:27  ----  Read settings property 'grfx_path' as 'res/grfx/'
LOG : 17:41:27  ----  Read settings property 'sounds_path' as 'res/sounds/'
LOG : 17:41:27  ----  Loaded graphics with name 'img1' at path 'C:/Users/XyRoN/Documents/NetBeansProjects/Codename_FiteMe/res/grfx/img1.png'
LOG : 17:41:27  ----  Loaded graphics with name 'img2' at path 'C:/Users/XyRoN/Documents/NetBeansProjects/Codename_FiteMe/res/grfx/img2.png'
LOG : 17:41:27  ----  Loaded graphics with name 'subfolder1/img1' at path 'C:/Users/XyRoN/Documents/NetBeansProjects/Codename_FiteMe/res/grfx/subfolder1/img1.png'
LOG : 17:41:27  ----  Loaded graphics with name 'subfolder1/img2' at path 'C:/Users/XyRoN/Documents/NetBeansProjects/Codename_FiteMe/res/grfx/subfolder1/img2.png'
LOG : 17:41:27  ----  Loaded font with name 'djgross' at path 'C:/Users/XyRoN/Documents/NetBeansProjects/Codename_FiteMe/res/fonts/djgross/DJGROSS.ttf'
LOG : 17:41:27  ----  Loaded font with name 'note_this' at path 'C:/Users/XyRoN/Documents/NetBeansProjects/Codename_FiteMe/res/fonts/note_this/note_this.ttf'
LOG : 17:42:23  ----  Starting ...
LOG : 17:42:24  ----  Read settings property 'screen_width' as '800'
LOG : 17:42:24  ----  Read settings property 'screen_height' as '600'
LOG : 17:42:24  ----  Read settings property 'grfx_path' as 'res/grfx/'
LOG : 17:42:24  ----  Read settings property 'sounds_path' as 'res/sounds/'
LOG : 17:42:24  ----  Loaded graphics with name 'img1' at path 'C:/Users/XyRoN/Documents/NetBeansProjects/Codename_FiteMe/res/grfx/img1.png'
LOG : 17:42:24  ----  Loaded graphics with name 'img2' at path 'C:/Users/XyRoN/Documents/NetBeansProjects/Codename_FiteMe/res/grfx/img2.png'
LOG : 17:42:24  ----  Loaded graphics with name 'subfolder1/img1' at path 'C:/Users/XyRoN/Documents/NetBeansProjects/Codename_FiteMe/res/grfx/subfolder1/img1.png'
LOG : 17:42:24  ----  Loaded graphics with name 'subfolder1/img2' at path 'C:/Users/XyRoN/Documents/NetBeansProjects/Codename_FiteMe/res/grfx/subfolder1/img2.png'
LOG : 17:42:24  ----  Loaded font with name 'djgross' at path 'C:/Users/XyRoN/Documents/NetBeansProjects/Codename_FiteMe/res/fonts/djgross/DJGROSS.ttf'
LOG : 17:42:24  ----  Loaded font with name 'note_this' at path 'C:/Users/XyRoN/Documents/NetBeansProjects/Codename_FiteMe/res/fonts/note_this/note_this.ttf'
ERR : 17:42:25  ----  Exception NoSuchMethodException caught at org.simon.src.game.gui.GuiElement @ setOnClick ln:179
ERR : 17:42:25  ----  Exception message: org.simon.src.game.gui.GuiActionHandler.togglevisibility(org.simon.src.game.gui.GuiElement)
LOG : 17:42:46  ----  Starting ...
LOG : 17:42:47  ----  Read settings property 'screen_width' as '800'
LOG : 17:42:47  ----  Read settings property 'screen_height' as '600'
LOG : 17:42:47  ----  Read settings property 'grfx_path' as 'res/grfx/'
LOG : 17:42:47  ----  Read settings property 'sounds_path' as 'res/sounds/'
LOG : 17:42:47  ----  Loaded graphics with name 'img1' at path 'C:/Users/XyRoN/Documents/NetBeansProjects/Codename_FiteMe/res/grfx/img1.png'
LOG : 17:42:47  ----  Loaded graphics with name 'img2' at path 'C:/Users/XyRoN/Documents/NetBeansProjects/Codename_FiteMe/res/grfx/img2.png'
LOG : 17:42:47  ----  Loaded graphics with name 'subfolder1/img1' at path 'C:/Users/XyRoN/Documents/NetBeansProjects/Codename_FiteMe/res/grfx/subfolder1/img1.png'
LOG : 17:42:47  ----  Loaded graphics with name 'subfolder1/img2' at path 'C:/Users/XyRoN/Documents/NetBeansProjects/Codename_FiteMe/res/grfx/subfolder1/img2.png'
LOG : 17:42:47  ----  Loaded font with name 'djgross' at path 'C:/Users/XyRoN/Documents/NetBeansProjects/Codename_FiteMe/res/fonts/djgross/DJGROSS.ttf'
LOG : 17:42:47  ----  Loaded font with name 'note_this' at path 'C:/Users/XyRoN/Documents/NetBeansProjects/Codename_FiteMe/res/fonts/note_this/note_this.ttf'
LOG : 17:42:50  ----  Element 'played_card' clicked, performing action: 'togglevisible'
LOG : 17:42:50  ----  Element 'played_card' clicked, performing action: 'togglevisible'
LOG : 17:42:52  ----  Element 'played_card' clicked, performing action: 'togglevisible'
LOG : 17:42:53  ----  Element 'played_card' clicked, performing action: 'togglevisible'
LOG : 17:42:53  ----  Element 'played_card' clicked, performing action: 'togglevisible'
LOG : 17:42:53  ----  Element 'played_card' clicked, performing action: 'togglevisible'
LOG : 17:42:54  ----  Element 'played_card' clicked, performing action: 'togglevisible'
LOG : 17:42:54  ----  Element 'played_card' clicked, performing action: 'togglevisible'
LOG : 17:42:54  ----  Element 'played_card' clicked, performing action: 'togglevisible'
LOG : 17:42:55  ----  Element 'played_card' clicked, performing action: 'togglevisible'
LOG : 17:42:57  ----  Element 'tutorial_label' clicked, performing action: 'destroy'
LOG : 17:43:01  ----  Starting ...
LOG : 17:43:02  ----  Read settings property 'screen_width' as '800'
LOG : 17:43:02  ----  Read settings property 'screen_height' as '600'
LOG : 17:43:02  ----  Read settings property 'grfx_path' as 'res/grfx/'
LOG : 17:43:02  ----  Read settings property 'sounds_path' as 'res/sounds/'
LOG : 17:43:02  ----  Loaded graphics with name 'img1' at path 'C:/Users/XyRoN/Documents/NetBeansProjects/Codename_FiteMe/res/grfx/img1.png'
LOG : 17:43:02  ----  Loaded graphics with name 'img2' at path 'C:/Users/XyRoN/Documents/NetBeansProjects/Codename_FiteMe/res/grfx/img2.png'
LOG : 17:43:02  ----  Loaded graphics with name 'subfolder1/img1' at path 'C:/Users/XyRoN/Documents/NetBeansProjects/Codename_FiteMe/res/grfx/subfolder1/img1.png'
LOG : 17:43:02  ----  Loaded graphics with name 'subfolder1/img2' at path 'C:/Users/XyRoN/Documents/NetBeansProjects/Codename_FiteMe/res/grfx/subfolder1/img2.png'
LOG : 17:43:02  ----  Loaded font with name 'djgross' at path 'C:/Users/XyRoN/Documents/NetBeansProjects/Codename_FiteMe/res/fonts/djgross/DJGROSS.ttf'
LOG : 17:43:02  ----  Loaded font with name 'note_this' at path 'C:/Users/XyRoN/Documents/NetBeansProjects/Codename_FiteMe/res/fonts/note_this/note_this.ttf'
LOG : 17:43:05  ----  Element 'played_card' clicked, performing action: 'togglevisible'
LOG : 17:45:04  ----  Starting ...
LOG : 17:45:04  ----  Read settings property 'screen_width' as '800'
LOG : 17:45:04  ----  Read settings property 'screen_height' as '600'
LOG : 17:45:04  ----  Read settings property 'grfx_path' as 'res/grfx/'
LOG : 17:45:04  ----  Read settings property 'sounds_path' as 'res/sounds/'
LOG : 17:45:05  ----  Loaded graphics with name 'img1' at path 'C:/Users/XyRoN/Documents/NetBeansProjects/Codename_FiteMe/res/grfx/img1.png'
LOG : 17:45:05  ----  Loaded graphics with name 'img2' at path 'C:/Users/XyRoN/Documents/NetBeansProjects/Codename_FiteMe/res/grfx/img2.png'
LOG : 17:45:05  ----  Loaded graphics with name 'subfolder1/img1' at path 'C:/Users/XyRoN/Documents/NetBeansProjects/Codename_FiteMe/res/grfx/subfolder1/img1.png'
LOG : 17:45:05  ----  Loaded graphics with name 'subfolder1/img2' at path 'C:/Users/XyRoN/Documents/NetBeansProjects/Codename_FiteMe/res/grfx/subfolder1/img2.png'
LOG : 17:45:05  ----  Loaded font with name 'djgross' at path 'C:/Users/XyRoN/Documents/NetBeansProjects/Codename_FiteMe/res/fonts/djgross/DJGROSS.ttf'
LOG : 17:45:05  ----  Loaded font with name 'note_this' at path 'C:/Users/XyRoN/Documents/NetBeansProjects/Codename_FiteMe/res/fonts/note_this/note_this.ttf'
LOG : 17:45:16  ----  Starting ...
LOG : 17:45:16  ----  Read settings property 'screen_width' as '800'
LOG : 17:45:16  ----  Read settings property 'screen_height' as '600'
LOG : 17:45:16  ----  Read settings property 'grfx_path' as 'res/grfx/'
LOG : 17:45:16  ----  Read settings property 'sounds_path' as 'res/sounds/'
LOG : 17:45:17  ----  Loaded graphics with name 'img1' at path 'C:/Users/XyRoN/Documents/NetBeansProjects/Codename_FiteMe/res/grfx/img1.png'
LOG : 17:45:17  ----  Loaded graphics with name 'img2' at path 'C:/Users/XyRoN/Documents/NetBeansProjects/Codename_FiteMe/res/grfx/img2.png'
LOG : 17:45:17  ----  Loaded graphics with name 'subfolder1/img1' at path 'C:/Users/XyRoN/Documents/NetBeansProjects/Codename_FiteMe/res/grfx/subfolder1/img1.png'
LOG : 17:45:17  ----  Loaded graphics with name 'subfolder1/img2' at path 'C:/Users/XyRoN/Documents/NetBeansProjects/Codename_FiteMe/res/grfx/subfolder1/img2.png'
LOG : 17:45:17  ----  Loaded font with name 'djgross' at path 'C:/Users/XyRoN/Documents/NetBeansProjects/Codename_FiteMe/res/fonts/djgross/DJGROSS.ttf'
LOG : 17:45:17  ----  Loaded font with name 'note_this' at path 'C:/Users/XyRoN/Documents/NetBeansProjects/Codename_FiteMe/res/fonts/note_this/note_this.ttf'
LOG : 17:45:25  ----  Element 'played_card' clicked, performing action: 'togglevisible'
LOG : 17:45:31  ----  Element 'tutorial_label' clicked, performing action: 'destroy'
LOG : 18:02:23  ----  Starting ...
LOG : 18:02:23  ----  Read settings property 'screen_width' as '800'
LOG : 18:02:23  ----  Read settings property 'screen_height' as '600'
LOG : 18:02:23  ----  Read settings property 'grfx_path' as 'res/grfx/'
LOG : 18:02:23  ----  Read settings property 'sounds_path' as 'res/sounds/'
LOG : 18:02:23  ----  Loaded graphics with name 'img1' at path 'C:/Users/XyRoN/Documents/NetBeansProjects/Codename_FiteMe/res/grfx/img1.png'
LOG : 18:02:23  ----  Loaded graphics with name 'img2' at path 'C:/Users/XyRoN/Documents/NetBeansProjects/Codename_FiteMe/res/grfx/img2.png'
LOG : 18:02:23  ----  Loaded graphics with name 'subfolder1/img1' at path 'C:/Users/XyRoN/Documents/NetBeansProjects/Codename_FiteMe/res/grfx/subfolder1/img1.png'
LOG : 18:02:23  ----  Loaded graphics with name 'subfolder1/img2' at path 'C:/Users/XyRoN/Documents/NetBeansProjects/Codename_FiteMe/res/grfx/subfolder1/img2.png'
LOG : 18:02:24  ----  Loaded font with name 'djgross' at path 'C:/Users/XyRoN/Documents/NetBeansProjects/Codename_FiteMe/res/fonts/djgross/DJGROSS.ttf'
LOG : 18:02:24  ----  Loaded font with name 'note_this' at path 'C:/Users/XyRoN/Documents/NetBeansProjects/Codename_FiteMe/res/fonts/note_this/note_this.ttf'
LOG : 18:03:02  ----  Starting ...
LOG : 18:03:03  ----  Read settings property 'screen_width' as '800'
LOG : 18:03:03  ----  Read settings property 'screen_height' as '600'
LOG : 18:03:03  ----  Read settings property 'grfx_path' as 'res/grfx/'
LOG : 18:03:03  ----  Read settings property 'sounds_path' as 'res/sounds/'
LOG : 18:03:03  ----  Loaded graphics with name 'img1' at path 'C:/Users/XyRoN/Documents/NetBeansProjects/Codename_FiteMe/res/grfx/img1.png'
LOG : 18:03:03  ----  Loaded graphics with name 'img2' at path 'C:/Users/XyRoN/Documents/NetBeansProjects/Codename_FiteMe/res/grfx/img2.png'
LOG : 18:03:03  ----  Loaded graphics with name 'subfolder1/img1' at path 'C:/Users/XyRoN/Documents/NetBeansProjects/Codename_FiteMe/res/grfx/subfolder1/img1.png'
LOG : 18:03:03  ----  Loaded graphics with name 'subfolder1/img2' at path 'C:/Users/XyRoN/Documents/NetBeansProjects/Codename_FiteMe/res/grfx/subfolder1/img2.png'
LOG : 18:03:03  ----  Loaded font with name 'djgross' at path 'C:/Users/XyRoN/Documents/NetBeansProjects/Codename_FiteMe/res/fonts/djgross/DJGROSS.ttf'
LOG : 18:03:03  ----  Loaded font with name 'note_this' at path 'C:/Users/XyRoN/Documents/NetBeansProjects/Codename_FiteMe/res/fonts/note_this/note_this.ttf'
LOG : 18:04:14  ----  Starting ...
LOG : 18:04:15  ----  Read settings property 'screen_width' as '800'
LOG : 18:04:15  ----  Read settings property 'screen_height' as '600'
LOG : 18:04:15  ----  Read settings property 'grfx_path' as 'res/grfx/'
LOG : 18:04:15  ----  Read settings property 'sounds_path' as 'res/sounds/'
LOG : 18:04:15  ----  Loaded graphics with name 'img1' at path 'C:/Users/XyRoN/Documents/NetBeansProjects/Codename_FiteMe/res/grfx/img1.png'
LOG : 18:04:15  ----  Loaded graphics with name 'img2' at path 'C:/Users/XyRoN/Documents/NetBeansProjects/Codename_FiteMe/res/grfx/img2.png'
LOG : 18:04:15  ----  Loaded graphics with name 'subfolder1/img1' at path 'C:/Users/XyRoN/Documents/NetBeansProjects/Codename_FiteMe/res/grfx/subfolder1/img1.png'
LOG : 18:04:15  ----  Loaded graphics with name 'subfolder1/img2' at path 'C:/Users/XyRoN/Documents/NetBeansProjects/Codename_FiteMe/res/grfx/subfolder1/img2.png'
LOG : 18:04:15  ----  Loaded font with name 'djgross' at path 'C:/Users/XyRoN/Documents/NetBeansProjects/Codename_FiteMe/res/fonts/djgross/DJGROSS.ttf'
LOG : 18:04:15  ----  Loaded font with name 'note_this' at path 'C:/Users/XyRoN/Documents/NetBeansProjects/Codename_FiteMe/res/fonts/note_this/note_this.ttf'
LOG : 18:05:19  ----  Starting ...
LOG : 18:05:20  ----  Read settings property 'screen_width' as '800'
LOG : 18:05:20  ----  Read settings property 'screen_height' as '600'
LOG : 18:05:20  ----  Read settings property 'grfx_path' as 'res/grfx/'
LOG : 18:05:20  ----  Read settings property 'sounds_path' as 'res/sounds/'
LOG : 18:05:20  ----  Loaded graphics with name 'img1' at path 'C:/Users/XyRoN/Documents/NetBeansProjects/Codename_FiteMe/res/grfx/img1.png'
LOG : 18:05:20  ----  Loaded graphics with name 'img2' at path 'C:/Users/XyRoN/Documents/NetBeansProjects/Codename_FiteMe/res/grfx/img2.png'
LOG : 18:05:20  ----  Loaded graphics with name 'subfolder1/img1' at path 'C:/Users/XyRoN/Documents/NetBeansProjects/Codename_FiteMe/res/grfx/subfolder1/img1.png'
LOG : 18:05:20  ----  Loaded graphics with name 'subfolder1/img2' at path 'C:/Users/XyRoN/Documents/NetBeansProjects/Codename_FiteMe/res/grfx/subfolder1/img2.png'
LOG : 18:05:20  ----  Loaded font with name 'djgross' at path 'C:/Users/XyRoN/Documents/NetBeansProjects/Codename_FiteMe/res/fonts/djgross/DJGROSS.ttf'
LOG : 18:05:20  ----  Loaded font with name 'note_this' at path 'C:/Users/XyRoN/Documents/NetBeansProjects/Codename_FiteMe/res/fonts/note_this/note_this.ttf'
LOG : 18:07:10  ----  Starting ...
LOG : 18:07:11  ----  Read settings property 'screen_width' as '800'
LOG : 18:07:11  ----  Read settings property 'screen_height' as '600'
LOG : 18:07:11  ----  Read settings property 'grfx_path' as 'res/grfx/'
LOG : 18:07:11  ----  Read settings property 'sounds_path' as 'res/sounds/'
LOG : 18:07:11  ----  Loaded graphics with name 'img1' at path 'C:/Users/XyRoN/Documents/NetBeansProjects/Codename_FiteMe/res/grfx/img1.png'
LOG : 18:07:11  ----  Loaded graphics with name 'img2' at path 'C:/Users/XyRoN/Documents/NetBeansProjects/Codename_FiteMe/res/grfx/img2.png'
LOG : 18:07:11  ----  Loaded graphics with name 'subfolder1/img1' at path 'C:/Users/XyRoN/Documents/NetBeansProjects/Codename_FiteMe/res/grfx/subfolder1/img1.png'
LOG : 18:07:11  ----  Loaded graphics with name 'subfolder1/img2' at path 'C:/Users/XyRoN/Documents/NetBeansProjects/Codename_FiteMe/res/grfx/subfolder1/img2.png'
LOG : 18:07:11  ----  Loaded font with name 'djgross' at path 'C:/Users/XyRoN/Documents/NetBeansProjects/Codename_FiteMe/res/fonts/djgross/DJGROSS.ttf'
LOG : 18:07:11  ----  Loaded font with name 'note_this' at path 'C:/Users/XyRoN/Documents/NetBeansProjects/Codename_FiteMe/res/fonts/note_this/note_this.ttf'
LOG : 18:07:23  ----  Starting ...
LOG : 18:07:23  ----  Read settings property 'screen_width' as '800'
LOG : 18:07:23  ----  Read settings property 'screen_height' as '600'
LOG : 18:07:23  ----  Read settings property 'grfx_path' as 'res/grfx/'
LOG : 18:07:23  ----  Read settings property 'sounds_path' as 'res/sounds/'
LOG : 18:07:23  ----  Loaded graphics with name 'img1' at path 'C:/Users/XyRoN/Documents/NetBeansProjects/Codename_FiteMe/res/grfx/img1.png'
LOG : 18:07:23  ----  Loaded graphics with name 'img2' at path 'C:/Users/XyRoN/Documents/NetBeansProjects/Codename_FiteMe/res/grfx/img2.png'
LOG : 18:07:23  ----  Loaded graphics with name 'subfolder1/img1' at path 'C:/Users/XyRoN/Documents/NetBeansProjects/Codename_FiteMe/res/grfx/subfolder1/img1.png'
LOG : 18:07:23  ----  Loaded graphics with name 'subfolder1/img2' at path 'C:/Users/XyRoN/Documents/NetBeansProjects/Codename_FiteMe/res/grfx/subfolder1/img2.png'
LOG : 18:07:24  ----  Loaded font with name 'djgross' at path 'C:/Users/XyRoN/Documents/NetBeansProjects/Codename_FiteMe/res/fonts/djgross/DJGROSS.ttf'
LOG : 18:07:24  ----  Loaded font with name 'note_this' at path 'C:/Users/XyRoN/Documents/NetBeansProjects/Codename_FiteMe/res/fonts/note_this/note_this.ttf'
LOG : 18:07:35  ----  Element 'played_card' clicked, performing action: 'togglevisible'
LOG : 18:09:11  ----  Starting ...
LOG : 18:09:12  ----  Read settings property 'screen_width' as '800'
LOG : 18:09:12  ----  Read settings property 'screen_height' as '600'
LOG : 18:09:12  ----  Read settings property 'grfx_path' as 'res/grfx/'
LOG : 18:09:12  ----  Read settings property 'sounds_path' as 'res/sounds/'
LOG : 18:09:12  ----  Loaded graphics with name 'img1' at path 'C:/Users/XyRoN/Documents/NetBeansProjects/Codename_FiteMe/res/grfx/img1.png'
LOG : 18:09:12  ----  Loaded graphics with name 'img2' at path 'C:/Users/XyRoN/Documents/NetBeansProjects/Codename_FiteMe/res/grfx/img2.png'
LOG : 18:09:12  ----  Loaded graphics with name 'subfolder1/img1' at path 'C:/Users/XyRoN/Documents/NetBeansProjects/Codename_FiteMe/res/grfx/subfolder1/img1.png'
LOG : 18:09:12  ----  Loaded graphics with name 'subfolder1/img2' at path 'C:/Users/XyRoN/Documents/NetBeansProjects/Codename_FiteMe/res/grfx/subfolder1/img2.png'
LOG : 18:09:12  ----  Loaded font with name 'djgross' at path 'C:/Users/XyRoN/Documents/NetBeansProjects/Codename_FiteMe/res/fonts/djgross/DJGROSS.ttf'
LOG : 18:09:12  ----  Loaded font with name 'note_this' at path 'C:/Users/XyRoN/Documents/NetBeansProjects/Codename_FiteMe/res/fonts/note_this/note_this.ttf'
LOG : 18:09:16  ----  Element 'played_card' clicked, performing action: 'togglevisible'
LOG : 18:11:38  ----  Starting ...
LOG : 18:11:39  ----  Read settings property 'screen_width' as '800'
LOG : 18:11:39  ----  Read settings property 'screen_height' as '600'
LOG : 18:11:39  ----  Read settings property 'grfx_path' as 'res/grfx/'
LOG : 18:11:39  ----  Read settings property 'sounds_path' as 'res/sounds/'
LOG : 18:11:39  ----  Loaded graphics with name 'img1' at path 'C:/Users/XyRoN/Documents/NetBeansProjects/Codename_FiteMe/res/grfx/img1.png'
LOG : 18:11:39  ----  Loaded graphics with name 'img2' at path 'C:/Users/XyRoN/Documents/NetBeansProjects/Codename_FiteMe/res/grfx/img2.png'
LOG : 18:11:39  ----  Loaded graphics with name 'subfolder1/img1' at path 'C:/Users/XyRoN/Documents/NetBeansProjects/Codename_FiteMe/res/grfx/subfolder1/img1.png'
LOG : 18:11:39  ----  Loaded graphics with name 'subfolder1/img2' at path 'C:/Users/XyRoN/Documents/NetBeansProjects/Codename_FiteMe/res/grfx/subfolder1/img2.png'
LOG : 18:11:39  ----  Loaded font with name 'djgross' at path 'C:/Users/XyRoN/Documents/NetBeansProjects/Codename_FiteMe/res/fonts/djgross/DJGROSS.ttf'
LOG : 18:11:39  ----  Loaded font with name 'note_this' at path 'C:/Users/XyRoN/Documents/NetBeansProjects/Codename_FiteMe/res/fonts/note_this/note_this.ttf'
LOG : 18:11:44  ----  Element 'card_slot_0' clicked, performing action: 'testclick'
LOG : 18:11:45  ----  Element 'card_slot_2' clicked, performing action: 'testclick'
LOG : 18:21:07  ----  Starting ...
LOG : 18:21:08  ----  Read settings property 'screen_width' as '800'
LOG : 18:21:08  ----  Read settings property 'screen_height' as '600'
LOG : 18:21:08  ----  Read settings property 'grfx_path' as 'res/grfx/'
LOG : 18:21:08  ----  Read settings property 'sounds_path' as 'res/sounds/'
LOG : 18:21:08  ----  Loaded graphics with name 'img1' at path 'C:/Users/XyRoN/Documents/NetBeansProjects/Codename_FiteMe/res/grfx/img1.png'
LOG : 18:21:08  ----  Loaded graphics with name 'img2' at path 'C:/Users/XyRoN/Documents/NetBeansProjects/Codename_FiteMe/res/grfx/img2.png'
LOG : 18:21:08  ----  Loaded graphics with name 'subfolder1/img1' at path 'C:/Users/XyRoN/Documents/NetBeansProjects/Codename_FiteMe/res/grfx/subfolder1/img1.png'
LOG : 18:21:08  ----  Loaded graphics with name 'subfolder1/img2' at path 'C:/Users/XyRoN/Documents/NetBeansProjects/Codename_FiteMe/res/grfx/subfolder1/img2.png'
LOG : 18:21:08  ----  Loaded font with name 'djgross' at path 'C:/Users/XyRoN/Documents/NetBeansProjects/Codename_FiteMe/res/fonts/djgross/DJGROSS.ttf'
LOG : 18:21:08  ----  Loaded font with name 'note_this' at path 'C:/Users/XyRoN/Documents/NetBeansProjects/Codename_FiteMe/res/fonts/note_this/note_this.ttf'
LOG : 18:21:42  ----  Starting ...
LOG : 18:21:43  ----  Read settings property 'screen_width' as '800'
LOG : 18:21:43  ----  Read settings property 'screen_height' as '600'
LOG : 18:21:43  ----  Read settings property 'grfx_path' as 'res/grfx/'
LOG : 18:21:43  ----  Read settings property 'sounds_path' as 'res/sounds/'
LOG : 18:21:43  ----  Loaded graphics with name 'img1' at path 'C:/Users/XyRoN/Documents/NetBeansProjects/Codename_FiteMe/res/grfx/img1.png'
LOG : 18:21:43  ----  Loaded graphics with name 'img2' at path 'C:/Users/XyRoN/Documents/NetBeansProjects/Codename_FiteMe/res/grfx/img2.png'
LOG : 18:21:43  ----  Loaded graphics with name 'subfolder1/img1' at path 'C:/Users/XyRoN/Documents/NetBeansProjects/Codename_FiteMe/res/grfx/subfolder1/img1.png'
LOG : 18:21:43  ----  Loaded graphics with name 'subfolder1/img2' at path 'C:/Users/XyRoN/Documents/NetBeansProjects/Codename_FiteMe/res/grfx/subfolder1/img2.png'
LOG : 18:21:43  ----  Loaded font with name 'djgross' at path 'C:/Users/XyRoN/Documents/NetBeansProjects/Codename_FiteMe/res/fonts/djgross/DJGROSS.ttf'
LOG : 18:21:43  ----  Loaded font with name 'note_this' at path 'C:/Users/XyRoN/Documents/NetBeansProjects/Codename_FiteMe/res/fonts/note_this/note_this.ttf'
LOG : 18:22:17  ----  Element 'wait_action' clicked, performing action: 'testclick'
LOG : 18:22:17  ----  Element 'card_slot_4' clicked, performing action: 'testclick'
LOG : 18:22:34  ----  Starting ...
LOG : 18:22:35  ----  Read settings property 'screen_width' as '800'
LOG : 18:22:35  ----  Read settings property 'screen_height' as '600'
LOG : 18:22:35  ----  Read settings property 'grfx_path' as 'res/grfx/'
LOG : 18:22:35  ----  Read settings property 'sounds_path' as 'res/sounds/'
LOG : 18:22:35  ----  Loaded graphics with name 'img1' at path 'C:/Users/XyRoN/Documents/NetBeansProjects/Codename_FiteMe/res/grfx/img1.png'
LOG : 18:22:35  ----  Loaded graphics with name 'img2' at path 'C:/Users/XyRoN/Documents/NetBeansProjects/Codename_FiteMe/res/grfx/img2.png'
LOG : 18:22:35  ----  Loaded graphics with name 'subfolder1/img1' at path 'C:/Users/XyRoN/Documents/NetBeansProjects/Codename_FiteMe/res/grfx/subfolder1/img1.png'
LOG : 18:22:35  ----  Loaded graphics with name 'subfolder1/img2' at path 'C:/Users/XyRoN/Documents/NetBeansProjects/Codename_FiteMe/res/grfx/subfolder1/img2.png'
LOG : 18:22:35  ----  Loaded font with name 'djgross' at path 'C:/Users/XyRoN/Documents/NetBeansProjects/Codename_FiteMe/res/fonts/djgross/DJGROSS.ttf'
LOG : 18:22:35  ----  Loaded font with name 'note_this' at path 'C:/Users/XyRoN/Documents/NetBeansProjects/Codename_FiteMe/res/fonts/note_this/note_this.ttf'
LOG : 18:26:44  ----  Starting ...
LOG : 18:26:45  ----  Read settings property 'screen_width' as '800'
LOG : 18:26:45  ----  Read settings property 'screen_height' as '600'
LOG : 18:26:45  ----  Read settings property 'grfx_path' as 'res/grfx/'
LOG : 18:26:45  ----  Read settings property 'sounds_path' as 'res/sounds/'
LOG : 18:26:45  ----  Loaded graphics with name 'img1' at path 'C:/Users/XyRoN/Documents/NetBeansProjects/Codename_FiteMe/res/grfx/img1.png'
LOG : 18:26:45  ----  Loaded graphics with name 'img2' at path 'C:/Users/XyRoN/Documents/NetBeansProjects/Codename_FiteMe/res/grfx/img2.png'
LOG : 18:26:45  ----  Loaded graphics with name 'subfolder1/img1' at path 'C:/Users/XyRoN/Documents/NetBeansProjects/Codename_FiteMe/res/grfx/subfolder1/img1.png'
LOG : 18:26:45  ----  Loaded graphics with name 'subfolder1/img2' at path 'C:/Users/XyRoN/Documents/NetBeansProjects/Codename_FiteMe/res/grfx/subfolder1/img2.png'
LOG : 18:26:45  ----  Loaded font with name 'djgross' at path 'C:/Users/XyRoN/Documents/NetBeansProjects/Codename_FiteMe/res/fonts/djgross/DJGROSS.ttf'
LOG : 18:26:45  ----  Loaded font with name 'note_this' at path 'C:/Users/XyRoN/Documents/NetBeansProjects/Codename_FiteMe/res/fonts/note_this/note_this.ttf'
LOG : 18:28:18  ----  Starting ...
LOG : 18:28:20  ----  Read settings property 'screen_width' as '800'
LOG : 18:28:20  ----  Read settings property 'screen_height' as '600'
LOG : 18:28:20  ----  Read settings property 'grfx_path' as 'res/grfx/'
LOG : 18:28:20  ----  Read settings property 'sounds_path' as 'res/sounds/'
LOG : 18:28:20  ----  Loaded graphics with name 'img1' at path 'C:/Users/XyRoN/Documents/NetBeansProjects/Codename_FiteMe/res/grfx/img1.png'
LOG : 18:28:20  ----  Loaded graphics with name 'img2' at path 'C:/Users/XyRoN/Documents/NetBeansProjects/Codename_FiteMe/res/grfx/img2.png'
LOG : 18:28:20  ----  Loaded graphics with name 'subfolder1/img1' at path 'C:/Users/XyRoN/Documents/NetBeansProjects/Codename_FiteMe/res/grfx/subfolder1/img1.png'
LOG : 18:28:20  ----  Loaded graphics with name 'subfolder1/img2' at path 'C:/Users/XyRoN/Documents/NetBeansProjects/Codename_FiteMe/res/grfx/subfolder1/img2.png'
LOG : 18:28:20  ----  Loaded font with name 'djgross' at path 'C:/Users/XyRoN/Documents/NetBeansProjects/Codename_FiteMe/res/fonts/djgross/DJGROSS.ttf'
LOG : 18:28:20  ----  Loaded font with name 'note_this' at path 'C:/Users/XyRoN/Documents/NetBeansProjects/Codename_FiteMe/res/fonts/note_this/note_this.ttf'
LOG : 18:28:43  ----  Element 'played_card' clicked, performing action: 'togglevisible'
LOG : 18:28:45  ----  Element 'tutorial_label' clicked, performing action: 'destroy'
LOG : 18:29:24  ----  Starting ...
LOG : 18:29:25  ----  Read settings property 'screen_width' as '800'
LOG : 18:29:25  ----  Read settings property 'screen_height' as '600'
LOG : 18:29:25  ----  Read settings property 'grfx_path' as 'res/grfx/'
LOG : 18:29:25  ----  Read settings property 'sounds_path' as 'res/sounds/'
LOG : 18:29:25  ----  Loaded graphics with name 'img1' at path 'C:/Users/XyRoN/Documents/NetBeansProjects/Codename_FiteMe/res/grfx/img1.png'
LOG : 18:29:25  ----  Loaded graphics with name 'img2' at path 'C:/Users/XyRoN/Documents/NetBeansProjects/Codename_FiteMe/res/grfx/img2.png'
LOG : 18:29:25  ----  Loaded graphics with name 'subfolder1/img1' at path 'C:/Users/XyRoN/Documents/NetBeansProjects/Codename_FiteMe/res/grfx/subfolder1/img1.png'
LOG : 18:29:25  ----  Loaded graphics with name 'subfolder1/img2' at path 'C:/Users/XyRoN/Documents/NetBeansProjects/Codename_FiteMe/res/grfx/subfolder1/img2.png'
LOG : 18:29:25  ----  Loaded font with name 'djgross' at path 'C:/Users/XyRoN/Documents/NetBeansProjects/Codename_FiteMe/res/fonts/djgross/DJGROSS.ttf'
LOG : 18:29:25  ----  Loaded font with name 'note_this' at path 'C:/Users/XyRoN/Documents/NetBeansProjects/Codename_FiteMe/res/fonts/note_this/note_this.ttf'
LOG : 18:36:43  ----  Starting ...
LOG : 18:36:44  ----  Read settings property 'screen_width' as '800'
LOG : 18:36:44  ----  Read settings property 'screen_height' as '600'
LOG : 18:36:44  ----  Read settings property 'grfx_path' as 'res/grfx/'
LOG : 18:36:44  ----  Read settings property 'sounds_path' as 'res/sounds/'
LOG : 18:36:44  ----  Loaded graphics with name 'img1' at path 'C:/Users/XyRoN/Documents/NetBeansProjects/Codename_FiteMe/res/grfx/img1.png'
LOG : 18:36:44  ----  Loaded graphics with name 'img2' at path 'C:/Users/XyRoN/Documents/NetBeansProjects/Codename_FiteMe/res/grfx/img2.png'
LOG : 18:36:44  ----  Loaded graphics with name 'subfolder1/img1' at path 'C:/Users/XyRoN/Documents/NetBeansProjects/Codename_FiteMe/res/grfx/subfolder1/img1.png'
LOG : 18:36:44  ----  Loaded graphics with name 'subfolder1/img2' at path 'C:/Users/XyRoN/Documents/NetBeansProjects/Codename_FiteMe/res/grfx/subfolder1/img2.png'
LOG : 18:36:44  ----  Loaded font with name 'djgross' at path 'C:/Users/XyRoN/Documents/NetBeansProjects/Codename_FiteMe/res/fonts/djgross/DJGROSS.ttf'
LOG : 18:36:44  ----  Loaded font with name 'note_this' at path 'C:/Users/XyRoN/Documents/NetBeansProjects/Codename_FiteMe/res/fonts/note_this/note_this.ttf'
